2024-12-23 03:36:01.743 [info] Extension host with pid 28803 started
2024-12-23 03:36:01.743 [info] Skipping acquiring lock for /home/arkochan/.config/Code/User/workspaceStorage/ee9e75ab8ff7ef84ef72bf0a17218f81.
2024-12-23 03:36:01.814 [info] ExtensionService#_doActivateExtension vscode.github-authentication, startup: false, activationEvent: 'onAuthenticationRequest:github'
2024-12-23 03:36:01.833 [info] ExtensionService#_doActivateExtension Vue.volar, startup: false, activationEvent: 'onLanguage:plaintext'
2024-12-23 03:36:01.859 [info] ExtensionService#_doActivateExtension vscode.emmet, startup: false, activationEvent: 'onLanguage'
2024-12-23 03:36:01.869 [info] ExtensionService#_doActivateExtension vscode.configuration-editing, startup: false, activationEvent: 'onLanguage:jsonc'
2024-12-23 03:36:01.875 [info] ExtensionService#_doActivateExtension vscode.json-language-features, startup: false, activationEvent: 'onLanguage:jsonc'
2024-12-23 03:36:01.902 [info] ExtensionService#_doActivateExtension vscode.typescript-language-features, startup: false, activationEvent: 'onLanguage:jsonc'
2024-12-23 03:36:02.073 [info] ExtensionService#_doActivateExtension vscode.git-base, startup: true, activationEvent: '*', root cause: vscode.git
2024-12-23 03:36:02.074 [info] ExtensionService#_doActivateExtension vscode.npm, startup: true, activationEvent: 'workspaceContains:package.json'
2024-12-23 03:36:02.124 [info] ExtensionService#_doActivateExtension vscode.git, startup: true, activationEvent: '*'
2024-12-23 03:36:02.159 [info] ExtensionService#_doActivateExtension vscode.github, startup: true, activationEvent: '*'
2024-12-23 03:36:02.211 [info] Eager extensions activated
2024-12-23 03:36:02.241 [info] ExtensionService#_doActivateExtension vscode.debug-auto-launch, startup: false, activationEvent: 'onStartupFinished'
2024-12-23 03:36:02.242 [info] ExtensionService#_doActivateExtension vscode.merge-conflict, startup: false, activationEvent: 'onStartupFinished'
2024-12-23 03:36:02.255 [info] ExtensionService#_doActivateExtension Catppuccin.catppuccin-vsc, startup: false, activationEvent: 'onStartupFinished'
2024-12-23 03:36:02.258 [info] ExtensionService#_doActivateExtension Catppuccin.catppuccin-vsc-icons, startup: false, activationEvent: 'onStartupFinished'
2024-12-23 03:36:02.303 [info] ExtensionService#_doActivateExtension usernamehw.errorlens, startup: false, activationEvent: 'onStartupFinished'
2024-12-23 03:36:02.306 [info] ExtensionService#_doActivateExtension vscodevim.vim, startup: false, activationEvent: 'onStartupFinished'
2024-12-23 03:36:07.253 [info] ExtensionService#_doActivateExtension vscode.extension-editing, startup: false, activationEvent: 'onLanguage:json'
2024-12-23 03:36:14.654 [warning] TextEditor is closed/disposed
2024-12-23 03:36:14.654 [warning] TextEditor is closed/disposed
2024-12-23 03:36:14.658 [warning] ExtHostTextEditorOptions 'setCursorStyle' failed:'
2024-12-23 03:36:14.658 [warning] Illegal argument: TextEditor(vs.editor.ICodeEditor:1,$model1)
