2024-12-23 14:16:54.549 [info] Reading sessions from keychain...
2024-12-23 14:16:54.549 [info] Getting sessions for all scopes...
2024-12-23 14:16:54.549 [info] Getting sessions for all scopes...
2024-12-23 14:16:54.549 [info] Getting sessions for all scopes...
2024-12-23 14:16:54.549 [info] Got 0 sessions for ...
2024-12-23 14:16:54.549 [info] Got 0 sessions for ...
2024-12-23 14:16:54.549 [info] Got 0 sessions for ...
2024-12-23 14:16:54.549 [info] Getting sessions for all scopes...
2024-12-23 14:16:54.549 [info] Got 0 sessions for ...
2024-12-23 14:16:54.549 [info] Getting sessions for all scopes...
2024-12-23 14:16:54.549 [info] Got 0 sessions for ...
2024-12-23 14:16:54.549 [info] Getting sessions for all scopes...
2024-12-23 14:16:54.549 [info] Got 0 sessions for ...
2024-12-23 14:16:54.549 [info] Getting sessions for all scopes...
2024-12-23 14:16:54.549 [info] Got 0 sessions for ...
2024-12-23 14:16:54.549 [info] Getting sessions for all scopes...
2024-12-23 14:16:54.549 [info] Got 0 sessions for ...
2024-12-23 14:16:54.597 [info] Getting sessions for all scopes...
2024-12-23 14:16:54.598 [info] Got 0 sessions for ...
2024-12-23 14:16:55.551 [info] Getting sessions for read:user,repo,user:email,workflow...
2024-12-23 14:16:55.551 [info] Got 0 sessions for read:user,repo,user:email,workflow...
