2024-12-23 19:40:46.404 [info] /home/arkochan/.config/Code/User/settings.json closed
2024-12-23 19:42:30.784 [info] /home/arkochan/.vscode/argv.json closed
2024-12-23 19:42:43.763 [info] /home/arkochan/.config/Code/User/settings.json closed
2024-12-23 19:42:44.591 [info] /home/arkochan/.config/Code/User/keybindings.json closed
2024-12-23 19:43:15.838 [info] Configuration changed
2024-12-23 19:43:35.037 [info] Configuration changed
2024-12-23 19:43:35.168 [info] Configuration changed
2024-12-23 19:43:35.263 [info] Configuration changed
2024-12-23 19:43:36.775 [info] Configuration changed
2024-12-23 19:43:36.999 [info] /home/arkochan/.config/Code/User/settings.json closed
2024-12-23 19:43:38.187 [info] /home/arkochan/.config/Code/User/settings.json closed
2024-12-23 19:43:38.224 [info] Configuration changed
2024-12-23 19:43:48.556 [info] /home/arkochan/.config/Code/User/settings.json closed
2024-12-23 19:43:48.574 [info] Configuration changed
2024-12-23 19:43:51.491 [info] /home/arkochan/Repositories/kv-recorder/.next/package.json closed
2024-12-23 19:43:51.494 [info] /home/arkochan/Repositories/kv-recorder/package.json closed
2024-12-23 19:43:53.473 [info] /home/arkochan/.config/Code/User/settings.json closed
2024-12-23 19:43:53.489 [info] Configuration changed
2024-12-23 19:44:14.334 [info] /home/arkochan/Repositories/kv-recorder/src/app/recorder/page.tsx.git closed
2024-12-23 19:45:16.059 [info] Active editor: file:///home/arkochan/Repositories/kv-recorder/src/app/recorder/page.tsx
2024-12-23 19:45:29.895 [info] Executing :w
2024-12-23 19:45:46.310 [info] Executing :w
2024-12-23 19:45:50.529 [info] Active editor: file:///home/arkochan/Repositories/kv-recorder/tsconfig.json
2024-12-23 19:45:50.540 [info] /home/arkochan/Repositories/kv-recorder/src/app/recorder/page.tsx.git closed
2024-12-23 19:45:56.896 [info] /home/arkochan/Repositories/kv-recorder/tsconfig.json closed
2024-12-23 19:45:56.901 [info] Active editor: file:///home/arkochan/Repositories/kv-recorder/src/app/recorder/page.tsx
2024-12-23 19:45:56.909 [info] /home/arkochan/Repositories/kv-recorder/tsconfig.json.git closed
2024-12-23 19:46:03.672 [warning] invalid cursor position. [[1, 12] | [1, 12]].
2024-12-23 19:46:11.014 [warning] invalid cursor position. [[3, 6] | [3, 6]].
2024-12-23 19:46:11.732 [warning] invalid cursor position. [[7, 6] | [7, 6]].
2024-12-23 19:46:11.854 [warning] invalid cursor position. [[10, 6] | [10, 6]].
2024-12-23 19:46:21.242 [warning] invalid cursor position. [[10, 24] | [10, 24]].
2024-12-23 19:46:32.799 [info] Executing :w
2024-12-23 19:46:33.444 [warning] invalid cursor position. [[10, 56] | [10, 56]].
2024-12-23 19:46:34.042 [warning] invalid cursor position. [[11, 56] | [11, 56]].
2024-12-23 19:46:34.082 [warning] invalid cursor position. [[12, 56] | [12, 56]].
2024-12-23 19:46:34.121 [warning] invalid cursor position. [[13, 56] | [13, 56]].
2024-12-23 19:46:34.161 [warning] invalid cursor position. [[14, 56] | [14, 56]].
2024-12-23 19:46:34.200 [warning] invalid cursor position. [[15, 56] | [15, 56]].
2024-12-23 19:46:34.242 [warning] invalid cursor position. [[16, 56] | [16, 56]].
2024-12-23 19:46:34.586 [warning] invalid cursor position. [[15, 56] | [15, 56]].
2024-12-23 19:46:34.771 [warning] invalid cursor position. [[14, 56] | [14, 56]].
2024-12-23 19:46:34.971 [warning] invalid cursor position. [[13, 56] | [13, 56]].
2024-12-23 19:46:35.142 [warning] invalid cursor position. [[12, 56] | [12, 56]].
2024-12-23 19:46:35.342 [warning] invalid cursor position. [[11, 56] | [11, 56]].
2024-12-23 19:46:35.530 [warning] invalid cursor position. [[10, 56] | [10, 56]].
2024-12-23 19:46:59.902 [warning] invalid cursor position. [[7, 18] | [7, 18]].
2024-12-23 19:47:01.400 [warning] invalid cursor position. [[3, 18] | [3, 18]].
2024-12-23 19:47:03.008 [warning] invalid cursor position. [[7, 18] | [7, 18]].
2024-12-23 19:47:03.128 [warning] invalid cursor position. [[10, 18] | [10, 18]].
2024-12-23 19:47:03.447 [warning] invalid cursor position. [[18, 18] | [18, 18]].
2024-12-23 19:47:03.487 [warning] invalid cursor position. [[19, 18] | [19, 18]].
2024-12-23 19:47:03.568 [warning] invalid cursor position. [[21, 18] | [21, 18]].
2024-12-23 19:47:03.770 [warning] invalid cursor position. [[26, 18] | [26, 18]].
2024-12-23 19:47:03.808 [warning] invalid cursor position. [[27, 18] | [27, 18]].
2024-12-23 19:47:04.007 [warning] invalid cursor position. [[32, 18] | [32, 18]].
2024-12-23 19:47:04.048 [warning] invalid cursor position. [[33, 18] | [33, 18]].
2024-12-23 19:47:04.168 [warning] invalid cursor position. [[36, 18] | [36, 18]].
2024-12-23 19:47:04.209 [warning] invalid cursor position. [[37, 18] | [37, 18]].
2024-12-23 19:47:24.034 [warning] invalid cursor start position. [5, 27].
2024-12-23 19:47:24.034 [warning] invalid cursor stop position. [5, 27].
2024-12-23 19:47:24.034 [warning] invalid cursor position. [[5, 27] | [5, 27]].
2024-12-23 19:47:24.034 [warning] invalid cursor position. [[7, 27] | [7, 27]].
2024-12-23 19:47:24.473 [warning] invalid cursor start position. [6, 27].
2024-12-23 19:47:24.473 [warning] invalid cursor stop position. [6, 27].
2024-12-23 19:47:24.473 [warning] invalid cursor position. [[6, 27] | [6, 27]].
2024-12-23 19:47:24.473 [warning] invalid cursor position. [[8, 27] | [8, 27]].
2024-12-23 19:47:24.667 [warning] invalid cursor start position. [5, 27].
2024-12-23 19:47:24.667 [warning] invalid cursor stop position. [5, 27].
2024-12-23 19:47:24.667 [warning] invalid cursor position. [[5, 27] | [5, 27]].
2024-12-23 19:47:26.087 [warning] invalid cursor position. [[5, 27] | [5, 27]].
2024-12-23 19:47:26.315 [warning] invalid cursor position. [[6, 27] | [6, 27]].
2024-12-23 19:47:26.602 [warning] invalid cursor position. [[5, 27] | [5, 27]].
2024-12-23 19:47:27.730 [warning] invalid cursor position. [[3, 27] | [3, 27]].
2024-12-23 19:47:30.264 [warning] invalid cursor position. [[3, 10] | [3, 10]].
2024-12-23 19:47:30.616 [warning] invalid cursor position. [[3, 10] | [3, 10]].
2024-12-23 19:53:54.767 [warning] invalid cursor position. [[4, 16] | [4, 16]].
2024-12-23 19:53:58.379 [info] Executing :w
2024-12-23 19:54:00.754 [warning] invalid cursor position. [[4, 33] | [4, 33]].
2024-12-23 19:54:07.423 [warning] invalid cursor position. [[4, 34] | [4, 34]].
2024-12-23 19:54:07.595 [warning] invalid cursor position. [[5, 34] | [5, 34]].
2024-12-23 19:54:07.940 [warning] invalid cursor position. [[4, 34] | [4, 34]].
2024-12-23 19:54:09.208 [info] Executing :w
2024-12-23 19:54:10.439 [info] Executing :wqa
2024-12-23 19:54:10.461 [info] /home/arkochan/Repositories/kv-recorder/src/app/recorder/page.tsx closed
2024-12-23 19:54:10.461 [info] /home/arkochan/Repositories/kv-recorder/src/app/recorder/page.tsx.git closed
2024-12-23 19:54:10.461 [warning] getLineLength() called with out-of-bounds line 3
2024-12-23 19:54:10.461 [warning] invalid cursor position. [[3, 33] | [3, 33]].
2024-12-23 19:54:19.926 [info] Active editor: file:///home/arkochan/Repositories/kv-recorder/src/app/recorder/page.tsx
2024-12-23 19:55:07.053 [info] /home/arkochan/Repositories/kv-recorder/src/app/recorder/page.tsx closed
2024-12-23 19:55:07.092 [info] Active editor: file:///home/arkochan/Repositories/kv-recorder/src/app/recorder/page.jsx
2024-12-23 19:55:07.096 [info] /home/arkochan/Repositories/kv-recorder/src/app/recorder/page.tsx.git closed
2024-12-23 19:56:04.788 [info] /home/arkochan/Repositories/kv-recorder/src/app/recorder/page.jsx.git closed
2024-12-23 19:56:05.220 [info] Active editor: file:///home/arkochan/Repositories/kv-recorder/src/app/recorder/page.jsx
2024-12-23 19:56:08.222 [info] /home/arkochan/Repositories/kv-recorder/src/app/recorder/page.jsx closed
2024-12-23 19:56:08.256 [info] Active editor: file:///home/arkochan/Repositories/kv-recorder/src/app/recorder/page.tsx
2024-12-23 19:56:08.260 [info] /home/arkochan/Repositories/kv-recorder/src/app/recorder/page.jsx.git closed
2024-12-23 19:56:45.869 [info] /home/arkochan/Repositories/kv-recorder/src/app/recorder/page.tsx.git closed
2024-12-23 19:56:47.564 [info] Active editor: file:///home/arkochan/Repositories/kv-recorder/package.json
2024-12-23 19:58:23.134 [info] Active editor: file:///home/arkochan/Repositories/kv-recorder/src/app/recorder/page.tsx
2024-12-23 19:58:23.139 [info] /home/arkochan/Repositories/kv-recorder/package.json.git closed
2024-12-23 20:00:31.901 [warning] invalid cursor position. [[6, 19] | [6, 19]].
2024-12-23 20:00:32.299 [warning] invalid cursor position. [[4, 19] | [4, 19]].
2024-12-23 20:00:47.426 [info] Executing :w
2024-12-23 20:01:12.997 [info] Active editor: file:///home/arkochan/Repositories/kv-recorder/tsconfig.json
2024-12-23 20:01:13.004 [info] /home/arkochan/Repositories/kv-recorder/src/app/recorder/page.tsx.git closed
2024-12-23 20:01:18.258 [info] Active editor: file:///home/arkochan/Repositories/kv-recorder/src/app/recorder/page.tsx
2024-12-23 20:01:18.264 [info] /home/arkochan/Repositories/kv-recorder/tsconfig.json.git closed
2024-12-23 20:02:09.774 [info] Executing :w
2024-12-23 20:02:33.884 [info] Executing :w
2024-12-23 20:02:34.561 [warning] invalid cursor position. [[7, 13] | [7, 13]].
2024-12-23 20:02:34.786 [warning] invalid cursor position. [[6, 13] | [6, 13]].
2024-12-23 20:02:35.330 [warning] invalid cursor position. [[7, 13] | [7, 13]].
2024-12-23 20:02:36.743 [warning] invalid cursor position. [[9, 13] | [9, 13]].
2024-12-23 20:02:38.699 [info] Executing :w
2024-12-23 20:02:45.143 [info] /home/arkochan/Repositories/kv-recorder/src/app/recorder/page.tsx.git closed
2024-12-23 20:02:53.047 [info] /home/arkochan/.config/Code/User/settings.json closed
2024-12-23 20:02:53.074 [info] Configuration changed
2024-12-23 20:02:54.481 [info] Active editor: file:///home/arkochan/Repositories/kv-recorder/src/app/recorder/page.tsx
2024-12-23 20:02:56.071 [info] Executing :w
2024-12-23 20:03:08.161 [info] /home/arkochan/.config/Code/User/settings.json closed
2024-12-23 20:03:08.185 [info] Configuration changed
2024-12-23 20:03:12.757 [info] Executing :w
2024-12-23 20:03:18.261 [warning] invalid cursor position. [[9, 6] | [9, 6]].
2024-12-23 20:03:18.300 [warning] invalid cursor position. [[10, 6] | [10, 6]].
2024-12-23 20:03:18.338 [warning] invalid cursor position. [[11, 6] | [11, 6]].
2024-12-23 20:03:18.591 [warning] invalid cursor position. [[10, 6] | [10, 6]].
2024-12-23 20:03:19.190 [warning] invalid cursor position. [[9, 6] | [9, 6]].
2024-12-23 20:03:19.433 [warning] invalid cursor position. [[3, 6] | [3, 6]].
2024-12-23 20:03:20.015 [warning] invalid cursor position. [[1, 6] | [1, 6]].
2024-12-23 20:03:22.871 [info] Executing :w
2024-12-23 20:03:23.728 [warning] invalid cursor position. [[1, 6] | [1, 6]].
2024-12-23 20:03:24.354 [warning] invalid cursor position. [[3, 6] | [3, 6]].
2024-12-23 20:03:24.595 [warning] invalid cursor position. [[9, 6] | [9, 6]].
2024-12-23 20:03:24.637 [warning] invalid cursor position. [[10, 6] | [10, 6]].
2024-12-23 20:03:24.676 [warning] invalid cursor position. [[11, 6] | [11, 6]].
2024-12-23 20:03:25.132 [warning] invalid cursor position. [[10, 6] | [10, 6]].
2024-12-23 20:03:25.730 [warning] invalid cursor position. [[9, 6] | [9, 6]].
2024-12-23 20:03:25.970 [warning] invalid cursor position. [[3, 6] | [3, 6]].
2024-12-23 20:03:26.051 [warning] invalid cursor position. [[1, 6] | [1, 6]].
2024-12-23 20:03:26.273 [warning] invalid cursor position. [[1, 6] | [1, 6]].
2024-12-23 20:03:26.913 [warning] invalid cursor position. [[3, 6] | [3, 6]].
2024-12-23 20:03:27.154 [warning] invalid cursor position. [[9, 6] | [9, 6]].
2024-12-23 20:03:27.193 [warning] invalid cursor position. [[10, 6] | [10, 6]].
2024-12-23 20:03:27.234 [warning] invalid cursor position. [[11, 6] | [11, 6]].
2024-12-23 20:03:27.431 [warning] invalid cursor position. [[10, 6] | [10, 6]].
2024-12-23 20:03:28.030 [warning] invalid cursor position. [[9, 6] | [9, 6]].
2024-12-23 20:03:28.269 [warning] invalid cursor position. [[3, 6] | [3, 6]].
2024-12-23 20:03:28.349 [warning] invalid cursor position. [[1, 6] | [1, 6]].
2024-12-23 20:03:28.562 [warning] invalid cursor position. [[1, 6] | [1, 6]].
2024-12-23 20:03:29.203 [warning] invalid cursor position. [[3, 6] | [3, 6]].
2024-12-23 20:03:29.442 [warning] invalid cursor position. [[9, 6] | [9, 6]].
2024-12-23 20:03:29.483 [warning] invalid cursor position. [[10, 6] | [10, 6]].
2024-12-23 20:03:29.522 [warning] invalid cursor position. [[11, 6] | [11, 6]].
2024-12-23 20:03:29.701 [warning] invalid cursor position. [[10, 6] | [10, 6]].
2024-12-23 20:03:30.301 [warning] invalid cursor position. [[9, 6] | [9, 6]].
2024-12-23 20:03:30.540 [warning] invalid cursor position. [[3, 6] | [3, 6]].
2024-12-23 20:03:30.619 [warning] invalid cursor position. [[1, 6] | [1, 6]].
2024-12-23 20:03:30.932 [warning] invalid cursor position. [[1, 6] | [1, 6]].
2024-12-23 20:03:31.232 [warning] invalid cursor position. [[1, 6] | [1, 6]].
2024-12-23 20:03:31.503 [warning] invalid cursor position. [[1, 6] | [1, 6]].
2024-12-23 20:03:31.717 [warning] invalid cursor position. [[1, 6] | [1, 6]].
2024-12-23 20:03:31.931 [warning] invalid cursor position. [[1, 6] | [1, 6]].
2024-12-23 20:03:32.301 [warning] invalid cursor position. [[3, 6] | [3, 6]].
2024-12-23 20:04:26.801 [info] Executing :w
2024-12-23 20:04:36.459 [info] Executing :w
2024-12-23 20:04:42.206 [info] /home/arkochan/Repositories/kv-recorder/src/app/recorder/page.tsx.git closed
2024-12-23 20:04:42.964 [info] /home/arkochan/.config/Code/User/settings.json closed
2024-12-23 20:04:42.986 [info] Configuration changed
2024-12-23 20:04:44.631 [info] /home/arkochan/.config/Code/User/settings.json closed
2024-12-23 20:04:44.650 [info] Configuration changed
2024-12-23 20:04:44.880 [info] Active editor: file:///home/arkochan/Repositories/kv-recorder/src/app/recorder/page.tsx
2024-12-23 20:04:46.873 [info] Executing :w
2024-12-23 20:05:38.545 [info] Executing :w
2024-12-23 20:05:40.362 [warning] invalid cursor position. [[6, 41] | [6, 41]].
2024-12-23 20:05:57.518 [info] Executing :w
2024-12-23 20:06:54.345 [info] Executing :w
2024-12-23 20:06:55.176 [warning] invalid cursor position. [[9, 22] | [9, 22]].
2024-12-23 20:06:55.465 [warning] invalid cursor position. [[8, 22] | [8, 22]].
2024-12-23 20:06:55.778 [warning] invalid cursor position. [[9, 22] | [9, 22]].
2024-12-23 20:06:56.975 [warning] invalid cursor position. [[9, 22] | [9, 22]].
2024-12-23 20:06:57.015 [warning] invalid cursor position. [[8, 22] | [8, 22]].
2024-12-23 20:06:57.055 [warning] invalid cursor position. [[7, 22] | [7, 22]].
2024-12-23 20:06:57.096 [warning] invalid cursor position. [[6, 22] | [6, 22]].
2024-12-23 20:06:57.760 [warning] invalid cursor position. [[3, 22] | [3, 22]].
2024-12-23 20:06:58.688 [warning] invalid cursor position. [[6, 22] | [6, 22]].
2024-12-23 20:06:58.729 [warning] invalid cursor position. [[7, 22] | [7, 22]].
2024-12-23 20:06:58.923 [warning] invalid cursor position. [[8, 22] | [8, 22]].
2024-12-23 20:06:59.090 [warning] invalid cursor position. [[9, 22] | [9, 22]].
2024-12-23 20:07:04.379 [warning] invalid cursor position. [[9, 23] | [9, 23]].
2024-12-23 20:07:04.978 [warning] invalid cursor position. [[8, 23] | [8, 23]].
2024-12-23 20:07:05.018 [warning] invalid cursor position. [[7, 23] | [7, 23]].
2024-12-23 20:07:05.057 [warning] invalid cursor position. [[6, 23] | [6, 23]].
2024-12-23 20:07:05.178 [warning] invalid cursor position. [[3, 23] | [3, 23]].
2024-12-23 20:07:05.375 [warning] invalid cursor position. [[3, 23] | [3, 23]].
2024-12-23 20:07:05.762 [warning] invalid cursor position. [[1, 23] | [1, 23]].
2024-12-23 20:07:05.946 [warning] invalid cursor position. [[0, 23] | [0, 23]].
2024-12-23 20:07:06.477 [warning] invalid cursor position. [[1, 23] | [1, 23]].
2024-12-23 20:07:16.406 [info] Executing :w
2024-12-23 20:07:21.277 [warning] invalid cursor position. [[1, 9] | [1, 9]].
2024-12-23 20:07:23.778 [warning] invalid cursor position. [[3, 10] | [3, 10]].
2024-12-23 20:07:24.456 [warning] invalid cursor position. [[6, 10] | [6, 10]].
2024-12-23 20:07:44.850 [warning] invalid cursor position. [[3, 10] | [3, 10]].
2024-12-23 20:07:48.192 [warning] invalid cursor position. [[3, 13] | [3, 13]].
2024-12-23 20:07:48.775 [warning] invalid cursor position. [[6, 13] | [6, 13]].
2024-12-23 20:08:01.546 [info] Executing :w
2024-12-23 20:08:11.678 [warning] invalid cursor position. [[11, 66] | [11, 66]].
2024-12-23 20:08:11.891 [warning] invalid cursor position. [[10, 66] | [10, 66]].
2024-12-23 20:08:12.094 [warning] invalid cursor position. [[9, 66] | [9, 66]].
2024-12-23 20:08:12.305 [warning] invalid cursor position. [[8, 66] | [8, 66]].
2024-12-23 20:08:12.691 [warning] invalid cursor position. [[9, 66] | [9, 66]].
2024-12-23 20:08:13.292 [warning] invalid cursor position. [[10, 66] | [10, 66]].
2024-12-23 20:08:13.331 [warning] invalid cursor position. [[11, 66] | [11, 66]].
2024-12-23 20:08:13.410 [warning] invalid cursor position. [[13, 66] | [13, 66]].
2024-12-23 20:08:13.450 [warning] invalid cursor position. [[14, 66] | [14, 66]].
2024-12-23 20:08:13.491 [warning] invalid cursor position. [[15, 66] | [15, 66]].
2024-12-23 20:08:13.530 [warning] invalid cursor position. [[16, 66] | [16, 66]].
2024-12-23 20:08:13.571 [warning] invalid cursor position. [[17, 66] | [17, 66]].
2024-12-23 20:08:13.907 [warning] invalid cursor position. [[16, 66] | [16, 66]].
2024-12-23 20:08:14.505 [warning] invalid cursor position. [[15, 66] | [15, 66]].
2024-12-23 20:08:14.544 [warning] invalid cursor position. [[14, 66] | [14, 66]].
2024-12-23 20:08:14.585 [warning] invalid cursor position. [[13, 66] | [13, 66]].
2024-12-23 20:08:14.665 [warning] invalid cursor position. [[11, 66] | [11, 66]].
2024-12-23 20:08:14.704 [warning] invalid cursor position. [[10, 66] | [10, 66]].
2024-12-23 20:08:14.744 [warning] invalid cursor position. [[9, 66] | [9, 66]].
2024-12-23 20:08:14.785 [warning] invalid cursor position. [[8, 66] | [8, 66]].
2024-12-23 20:08:14.824 [warning] invalid cursor position. [[7, 66] | [7, 66]].
2024-12-23 20:08:14.863 [warning] invalid cursor position. [[6, 66] | [6, 66]].
2024-12-23 20:08:14.904 [warning] invalid cursor position. [[5, 66] | [5, 66]].
2024-12-23 20:08:14.943 [warning] invalid cursor position. [[4, 66] | [4, 66]].
2024-12-23 20:08:15.063 [warning] invalid cursor position. [[5, 66] | [5, 66]].
2024-12-23 20:08:15.277 [warning] invalid cursor position. [[6, 66] | [6, 66]].
2024-12-23 20:08:15.447 [warning] invalid cursor position. [[7, 66] | [7, 66]].
2024-12-23 20:08:15.622 [warning] invalid cursor position. [[8, 66] | [8, 66]].
2024-12-23 20:08:15.792 [warning] invalid cursor position. [[7, 66] | [7, 66]].
2024-12-23 20:08:15.977 [warning] invalid cursor position. [[6, 66] | [6, 66]].
2024-12-23 20:08:16.147 [warning] invalid cursor position. [[5, 66] | [5, 66]].
2024-12-23 20:08:16.293 [warning] invalid cursor position. [[6, 66] | [6, 66]].
2024-12-23 20:08:16.491 [warning] invalid cursor position. [[7, 66] | [7, 66]].
2024-12-23 20:08:16.719 [warning] invalid cursor position. [[8, 66] | [8, 66]].
2024-12-23 20:08:16.905 [warning] invalid cursor position. [[9, 66] | [9, 66]].
2024-12-23 20:08:17.106 [warning] invalid cursor position. [[10, 66] | [10, 66]].
2024-12-23 20:08:17.306 [warning] invalid cursor position. [[11, 66] | [11, 66]].
2024-12-23 20:08:18.648 [warning] invalid cursor position. [[11, 66] | [11, 66]].
2024-12-23 20:08:19.247 [warning] invalid cursor position. [[10, 66] | [10, 66]].
2024-12-23 20:08:19.288 [warning] invalid cursor position. [[9, 66] | [9, 66]].
2024-12-23 20:08:19.327 [warning] invalid cursor position. [[8, 66] | [8, 66]].
2024-12-23 20:08:19.369 [warning] invalid cursor position. [[7, 66] | [7, 66]].
2024-12-23 20:08:19.408 [warning] invalid cursor position. [[6, 66] | [6, 66]].
2024-12-23 20:08:19.449 [warning] invalid cursor position. [[5, 66] | [5, 66]].
2024-12-23 20:08:19.487 [warning] invalid cursor position. [[4, 66] | [4, 66]].
2024-12-23 20:08:19.528 [warning] invalid cursor position. [[3, 66] | [3, 66]].
2024-12-23 20:08:19.569 [warning] invalid cursor position. [[2, 66] | [2, 66]].
2024-12-23 20:08:19.607 [warning] invalid cursor position. [[1, 66] | [1, 66]].
2024-12-23 20:08:19.649 [warning] invalid cursor position. [[0, 66] | [0, 66]].
2024-12-23 20:08:19.878 [warning] invalid cursor position. [[1, 66] | [1, 66]].
2024-12-23 20:08:20.062 [warning] invalid cursor position. [[2, 66] | [2, 66]].
2024-12-23 20:08:20.250 [warning] invalid cursor position. [[3, 66] | [3, 66]].
2024-12-23 20:08:29.665 [warning] invalid cursor position. [[4, 66] | [4, 66]].
2024-12-23 20:08:29.833 [warning] invalid cursor position. [[5, 66] | [5, 66]].
2024-12-23 20:08:30.078 [warning] invalid cursor position. [[4, 66] | [4, 66]].
2024-12-23 20:08:54.922 [warning] invalid cursor position. [[22, 2] | [22, 2]].
2024-12-23 20:09:06.262 [info] Executing :w
2024-12-23 20:09:06.892 [warning] invalid cursor position. [[21, 8] | [21, 8]].
2024-12-23 20:09:08.233 [warning] invalid cursor position. [[17, 8] | [17, 8]].
2024-12-23 20:09:08.393 [warning] invalid cursor position. [[13, 8] | [13, 8]].
2024-12-23 20:09:08.473 [warning] invalid cursor position. [[11, 8] | [11, 8]].
2024-12-23 20:09:08.592 [warning] invalid cursor position. [[8, 8] | [8, 8]].
2024-12-23 20:09:08.791 [warning] invalid cursor position. [[3, 8] | [3, 8]].
2024-12-23 20:09:09.006 [warning] invalid cursor position. [[3, 8] | [3, 8]].
2024-12-23 20:09:23.248 [info] Executing :w
2024-12-23 20:09:23.778 [warning] invalid cursor position. [[6, 51] | [6, 51]].
2024-12-23 20:09:24.377 [warning] invalid cursor position. [[7, 51] | [7, 51]].
2024-12-23 20:09:24.418 [warning] invalid cursor position. [[8, 51] | [8, 51]].
2024-12-23 20:09:25.677 [warning] invalid cursor position. [[7, 51] | [7, 51]].
2024-12-23 20:09:25.877 [warning] invalid cursor position. [[6, 51] | [6, 51]].
2024-12-23 20:09:28.420 [warning] invalid cursor position. [[6, 51] | [6, 51]].
2024-12-23 20:09:28.734 [warning] invalid cursor position. [[7, 51] | [7, 51]].
2024-12-23 20:09:32.891 [info] Executing :w
2024-12-23 20:09:34.113 [warning] invalid cursor position. [[8, 57] | [8, 57]].
2024-12-23 20:09:34.692 [warning] invalid cursor position. [[9, 57] | [9, 57]].
2024-12-23 20:09:34.731 [warning] invalid cursor position. [[10, 57] | [10, 57]].
2024-12-23 20:09:34.771 [warning] invalid cursor position. [[11, 57] | [11, 57]].
2024-12-23 20:09:35.864 [warning] invalid cursor position. [[12, 57] | [12, 57]].
2024-12-23 20:09:36.463 [warning] invalid cursor position. [[13, 57] | [13, 57]].
2024-12-23 20:09:36.503 [warning] invalid cursor position. [[14, 57] | [14, 57]].
2024-12-23 20:09:36.542 [warning] invalid cursor position. [[15, 57] | [15, 57]].
2024-12-23 20:09:36.582 [warning] invalid cursor position. [[16, 57] | [16, 57]].
2024-12-23 20:09:36.623 [warning] invalid cursor position. [[17, 57] | [17, 57]].
2024-12-23 20:09:37.979 [warning] invalid cursor position. [[16, 57] | [16, 57]].
2024-12-23 20:09:38.578 [warning] invalid cursor position. [[15, 57] | [15, 57]].
2024-12-23 20:09:38.616 [warning] invalid cursor position. [[14, 57] | [14, 57]].
2024-12-23 20:09:38.657 [warning] invalid cursor position. [[13, 57] | [13, 57]].
2024-12-23 20:09:38.696 [warning] invalid cursor position. [[12, 57] | [12, 57]].
2024-12-23 20:09:38.736 [warning] invalid cursor position. [[11, 57] | [11, 57]].
2024-12-23 20:09:38.778 [warning] invalid cursor position. [[10, 57] | [10, 57]].
2024-12-23 20:09:38.816 [warning] invalid cursor position. [[9, 57] | [9, 57]].
2024-12-23 20:09:38.857 [warning] invalid cursor position. [[8, 57] | [8, 57]].
2024-12-23 20:09:38.936 [warning] invalid cursor position. [[6, 57] | [6, 57]].
2024-12-23 20:09:38.977 [warning] invalid cursor position. [[5, 57] | [5, 57]].
2024-12-23 20:09:39.236 [warning] invalid cursor position. [[6, 57] | [6, 57]].
2024-12-23 20:09:40.148 [warning] invalid cursor position. [[8, 57] | [8, 57]].
2024-12-23 20:09:44.204 [info] Executing :w
2024-12-23 20:09:44.535 [warning] invalid cursor position. [[9, 67] | [9, 67]].
2024-12-23 20:09:45.136 [warning] invalid cursor position. [[10, 67] | [10, 67]].
2024-12-23 20:09:45.175 [warning] invalid cursor position. [[11, 67] | [11, 67]].
2024-12-23 20:09:45.216 [warning] invalid cursor position. [[12, 67] | [12, 67]].
2024-12-23 20:09:45.255 [warning] invalid cursor position. [[13, 67] | [13, 67]].
2024-12-23 20:09:45.296 [warning] invalid cursor position. [[14, 67] | [14, 67]].
2024-12-23 20:09:45.335 [warning] invalid cursor position. [[15, 67] | [15, 67]].
2024-12-23 20:09:45.375 [warning] invalid cursor position. [[16, 67] | [16, 67]].
2024-12-23 20:09:45.428 [warning] invalid cursor position. [[17, 67] | [17, 67]].
2024-12-23 20:09:45.456 [warning] invalid cursor position. [[18, 67] | [18, 67]].
2024-12-23 20:09:45.495 [warning] invalid cursor position. [[19, 67] | [19, 67]].
2024-12-23 20:09:45.535 [warning] invalid cursor position. [[20, 67] | [20, 67]].
2024-12-23 20:09:45.576 [warning] invalid cursor position. [[21, 67] | [21, 67]].
2024-12-23 20:09:45.777 [warning] invalid cursor position. [[22, 67] | [22, 67]].
2024-12-23 20:09:46.379 [warning] invalid cursor position. [[23, 67] | [23, 67]].
2024-12-23 20:09:46.418 [warning] invalid cursor position. [[24, 67] | [24, 67]].
2024-12-23 20:09:46.458 [warning] invalid cursor position. [[25, 67] | [25, 67]].
2024-12-23 20:09:46.498 [warning] invalid cursor position. [[26, 67] | [26, 67]].
2024-12-23 20:09:46.581 [warning] invalid cursor position. [[28, 67] | [28, 67]].
2024-12-23 20:09:46.620 [warning] invalid cursor position. [[29, 67] | [29, 67]].
2024-12-23 20:09:46.660 [warning] invalid cursor position. [[30, 67] | [30, 67]].
2024-12-23 20:09:46.700 [warning] invalid cursor position. [[31, 67] | [31, 67]].
2024-12-23 20:09:47.122 [warning] invalid cursor position. [[30, 67] | [30, 67]].
2024-12-23 20:09:47.721 [warning] invalid cursor position. [[29, 67] | [29, 67]].
2024-12-23 20:09:47.759 [warning] invalid cursor position. [[28, 67] | [28, 67]].
2024-12-23 20:09:47.839 [warning] invalid cursor position. [[26, 67] | [26, 67]].
2024-12-23 20:09:47.879 [warning] invalid cursor position. [[25, 67] | [25, 67]].
2024-12-23 20:09:47.920 [warning] invalid cursor position. [[24, 67] | [24, 67]].
2024-12-23 20:09:47.959 [warning] invalid cursor position. [[23, 67] | [23, 67]].
2024-12-23 20:09:48.000 [warning] invalid cursor position. [[22, 67] | [22, 67]].
2024-12-23 20:09:48.039 [warning] invalid cursor position. [[21, 67] | [21, 67]].
2024-12-23 20:09:48.081 [warning] invalid cursor position. [[20, 67] | [20, 67]].
2024-12-23 20:09:48.119 [warning] invalid cursor position. [[19, 67] | [19, 67]].
2024-12-23 20:09:48.159 [warning] invalid cursor position. [[18, 67] | [18, 67]].
2024-12-23 20:09:48.199 [warning] invalid cursor position. [[17, 67] | [17, 67]].
2024-12-23 20:09:48.239 [warning] invalid cursor position. [[16, 67] | [16, 67]].
2024-12-23 20:09:48.279 [warning] invalid cursor position. [[15, 67] | [15, 67]].
2024-12-23 20:09:48.320 [warning] invalid cursor position. [[14, 67] | [14, 67]].
2024-12-23 20:09:48.359 [warning] invalid cursor position. [[13, 67] | [13, 67]].
2024-12-23 20:09:48.401 [warning] invalid cursor position. [[12, 67] | [12, 67]].
2024-12-23 20:09:48.440 [warning] invalid cursor position. [[11, 67] | [11, 67]].
2024-12-23 20:09:48.480 [warning] invalid cursor position. [[10, 67] | [10, 67]].
2024-12-23 20:09:48.520 [warning] invalid cursor position. [[9, 67] | [9, 67]].
2024-12-23 20:09:48.600 [warning] invalid cursor position. [[7, 67] | [7, 67]].
2024-12-23 20:09:48.639 [warning] invalid cursor position. [[6, 67] | [6, 67]].
2024-12-23 20:09:48.720 [warning] invalid cursor position. [[5, 67] | [5, 67]].
2024-12-23 20:09:48.721 [warning] invalid cursor position. [[4, 67] | [4, 67]].
2024-12-23 20:09:48.950 [warning] invalid cursor position. [[3, 67] | [3, 67]].
2024-12-23 20:09:49.550 [warning] invalid cursor position. [[2, 67] | [2, 67]].
2024-12-23 20:09:49.589 [warning] invalid cursor position. [[1, 67] | [1, 67]].
2024-12-23 20:09:49.628 [warning] invalid cursor position. [[0, 67] | [0, 67]].
2024-12-23 20:09:50.207 [warning] invalid cursor position. [[1, 67] | [1, 67]].
2024-12-23 20:09:50.807 [warning] invalid cursor position. [[2, 67] | [2, 67]].
2024-12-23 20:09:50.845 [warning] invalid cursor position. [[3, 67] | [3, 67]].
2024-12-23 20:09:50.886 [warning] invalid cursor position. [[4, 67] | [4, 67]].
2024-12-23 20:09:50.925 [warning] invalid cursor position. [[5, 67] | [5, 67]].
2024-12-23 20:09:50.967 [warning] invalid cursor position. [[6, 67] | [6, 67]].
2024-12-23 20:09:51.023 [warning] invalid cursor position. [[7, 67] | [7, 67]].
2024-12-23 20:09:51.087 [warning] invalid cursor position. [[9, 67] | [9, 67]].
2024-12-23 20:09:51.127 [warning] invalid cursor position. [[10, 67] | [10, 67]].
2024-12-23 20:09:51.167 [warning] invalid cursor position. [[11, 67] | [11, 67]].
2024-12-23 20:09:51.207 [warning] invalid cursor position. [[12, 67] | [12, 67]].
2024-12-23 20:09:51.247 [warning] invalid cursor position. [[13, 67] | [13, 67]].
2024-12-23 20:09:51.287 [warning] invalid cursor position. [[14, 67] | [14, 67]].
2024-12-23 20:09:51.327 [warning] invalid cursor position. [[15, 67] | [15, 67]].
2024-12-23 20:09:51.368 [warning] invalid cursor position. [[16, 67] | [16, 67]].
2024-12-23 20:09:51.408 [warning] invalid cursor position. [[17, 67] | [17, 67]].
2024-12-23 20:09:51.448 [warning] invalid cursor position. [[18, 67] | [18, 67]].
2024-12-23 20:09:51.551 [warning] invalid cursor position. [[17, 67] | [17, 67]].
2024-12-23 20:09:51.764 [warning] invalid cursor position. [[16, 67] | [16, 67]].
2024-12-23 20:09:51.936 [warning] invalid cursor position. [[15, 67] | [15, 67]].
2024-12-23 20:09:52.136 [warning] invalid cursor position. [[16, 67] | [16, 67]].
2024-12-23 20:09:52.310 [warning] invalid cursor position. [[17, 67] | [17, 67]].
2024-12-23 20:09:52.650 [warning] invalid cursor position. [[18, 67] | [18, 67]].
2024-12-23 20:10:00.793 [warning] invalid cursor position. [[17, 67] | [17, 67]].
2024-12-23 20:10:01.151 [warning] invalid cursor position. [[18, 67] | [18, 67]].
2024-12-23 20:10:01.493 [warning] invalid cursor position. [[19, 67] | [19, 67]].
2024-12-23 20:10:06.279 [info] Executing :w
2024-12-23 20:10:16.923 [info] Executing :w
2024-12-23 20:10:23.179 [warning] invalid cursor position. [[18, 25] | [18, 25]].
2024-12-23 20:10:27.777 [info] Executing :w
2024-12-23 20:10:40.452 [warning] invalid cursor position. [[18, 23] | [18, 23]].
2024-12-23 20:10:40.909 [warning] invalid cursor position. [[18, 23] | [18, 23]].
2024-12-23 20:10:41.123 [warning] invalid cursor position. [[19, 23] | [19, 23]].
2024-12-23 20:10:41.279 [warning] invalid cursor position. [[20, 23] | [20, 23]].
2024-12-23 20:10:41.450 [warning] invalid cursor position. [[21, 23] | [21, 23]].
2024-12-23 20:10:41.637 [warning] invalid cursor position. [[22, 23] | [22, 23]].
2024-12-23 20:10:42.150 [warning] invalid cursor position. [[25, 23] | [25, 23]].
2024-12-23 20:10:42.336 [warning] invalid cursor position. [[26, 23] | [26, 23]].
2024-12-23 20:10:42.665 [warning] invalid cursor position. [[25, 23] | [25, 23]].
2024-12-23 20:10:43.138 [warning] invalid cursor position. [[26, 23] | [26, 23]].
2024-12-23 20:10:44.081 [warning] invalid cursor position. [[25, 23] | [25, 23]].
2024-12-23 20:10:44.758 [warning] invalid cursor position. [[22, 23] | [22, 23]].
2024-12-23 20:10:44.799 [warning] invalid cursor position. [[21, 23] | [21, 23]].
2024-12-23 20:10:44.839 [warning] invalid cursor position. [[20, 23] | [20, 23]].
2024-12-23 20:10:44.878 [warning] invalid cursor position. [[19, 23] | [19, 23]].
2024-12-23 20:10:44.919 [warning] invalid cursor position. [[18, 23] | [18, 23]].
2024-12-23 20:10:45.079 [warning] invalid cursor position. [[14, 23] | [14, 23]].
2024-12-23 20:10:45.160 [warning] invalid cursor position. [[12, 23] | [12, 23]].
2024-12-23 20:10:45.279 [warning] invalid cursor position. [[9, 23] | [9, 23]].
2024-12-23 20:10:45.398 [warning] invalid cursor position. [[6, 23] | [6, 23]].
2024-12-23 20:10:45.519 [warning] invalid cursor position. [[3, 23] | [3, 23]].
2024-12-23 20:10:45.599 [warning] invalid cursor position. [[1, 23] | [1, 23]].
2024-12-23 20:10:45.639 [warning] invalid cursor position. [[0, 23] | [0, 23]].
2024-12-23 20:10:46.123 [warning] invalid cursor position. [[1, 23] | [1, 23]].
2024-12-23 20:10:46.760 [warning] invalid cursor position. [[3, 23] | [3, 23]].
2024-12-23 20:10:46.881 [warning] invalid cursor position. [[6, 23] | [6, 23]].
2024-12-23 20:10:47.003 [warning] invalid cursor position. [[9, 23] | [9, 23]].
2024-12-23 20:10:47.123 [warning] invalid cursor position. [[12, 23] | [12, 23]].
2024-12-23 20:10:47.202 [warning] invalid cursor position. [[14, 23] | [14, 23]].
2024-12-23 20:10:47.362 [warning] invalid cursor position. [[18, 23] | [18, 23]].
2024-12-23 20:10:47.403 [warning] invalid cursor position. [[19, 23] | [19, 23]].
2024-12-23 20:10:47.443 [warning] invalid cursor position. [[20, 23] | [20, 23]].
2024-12-23 20:10:47.482 [warning] invalid cursor position. [[21, 23] | [21, 23]].
2024-12-23 20:10:47.521 [warning] invalid cursor position. [[22, 23] | [22, 23]].
2024-12-23 20:12:37.694 [warning] invalid cursor position. [[19, 3] | [19, 3]].
2024-12-23 20:12:38.745 [warning] invalid cursor position. [[14, 3] | [14, 3]].
2024-12-23 20:12:38.825 [warning] invalid cursor position. [[12, 3] | [12, 3]].
2024-12-23 20:12:38.945 [warning] invalid cursor position. [[9, 3] | [9, 3]].
2024-12-23 20:12:39.184 [warning] invalid cursor position. [[3, 3] | [3, 3]].
2024-12-23 20:12:39.265 [warning] invalid cursor position. [[1, 3] | [1, 3]].
2024-12-23 20:12:39.392 [warning] invalid cursor position. [[1, 3] | [1, 3]].
2024-12-23 20:12:40.031 [warning] invalid cursor position. [[3, 3] | [3, 3]].
2024-12-23 20:12:40.272 [warning] invalid cursor position. [[9, 3] | [9, 3]].
2024-12-23 20:12:40.392 [warning] invalid cursor position. [[12, 3] | [12, 3]].
2024-12-23 20:12:40.472 [warning] invalid cursor position. [[14, 3] | [14, 3]].
2024-12-23 20:12:40.672 [warning] invalid cursor position. [[19, 3] | [19, 3]].
2024-12-23 20:12:41.080 [warning] invalid cursor position. [[19, 3] | [19, 3]].
2024-12-23 20:12:43.808 [warning] invalid cursor position. [[18, 23] | [18, 23]].
2024-12-23 20:12:44.658 [warning] invalid cursor position. [[14, 23] | [14, 23]].
2024-12-23 20:12:44.738 [warning] invalid cursor position. [[12, 23] | [12, 23]].
2024-12-23 20:12:44.858 [warning] invalid cursor position. [[9, 23] | [9, 23]].
2024-12-23 20:12:44.978 [warning] invalid cursor position. [[6, 23] | [6, 23]].
2024-12-23 20:12:45.098 [warning] invalid cursor position. [[3, 23] | [3, 23]].
2024-12-23 20:12:45.177 [warning] invalid cursor position. [[1, 23] | [1, 23]].
2024-12-23 20:12:45.219 [warning] invalid cursor position. [[0, 23] | [0, 23]].
2024-12-23 20:12:45.454 [warning] invalid cursor position. [[1, 23] | [1, 23]].
2024-12-23 20:12:53.694 [warning] invalid cursor position. [[3, 35] | [3, 35]].
2024-12-23 20:12:54.408 [warning] invalid cursor position. [[4, 35] | [4, 35]].
2024-12-23 20:12:56.823 [warning] invalid cursor position. [[6, 35] | [6, 35]].
2024-12-23 20:13:02.177 [info] Executing :w
2024-12-23 20:13:02.437 [warning] invalid cursor position. [[7, 51] | [7, 51]].
2024-12-23 20:13:03.115 [warning] invalid cursor position. [[10, 51] | [10, 51]].
2024-12-23 20:13:03.163 [warning] invalid cursor position. [[11, 51] | [11, 51]].
2024-12-23 20:13:03.194 [warning] invalid cursor position. [[12, 51] | [12, 51]].
2024-12-23 20:13:03.235 [warning] invalid cursor position. [[13, 51] | [13, 51]].
2024-12-23 20:13:03.276 [warning] invalid cursor position. [[14, 51] | [14, 51]].
2024-12-23 20:13:03.316 [warning] invalid cursor position. [[15, 51] | [15, 51]].
2024-12-23 20:13:03.356 [warning] invalid cursor position. [[16, 51] | [16, 51]].
2024-12-23 20:13:03.394 [warning] invalid cursor position. [[17, 51] | [17, 51]].
2024-12-23 20:13:03.435 [warning] invalid cursor position. [[18, 51] | [18, 51]].
2024-12-23 20:13:03.475 [warning] invalid cursor position. [[19, 51] | [19, 51]].
2024-12-23 20:13:03.515 [warning] invalid cursor position. [[20, 51] | [20, 51]].
2024-12-23 20:13:03.583 [warning] invalid cursor position. [[21, 51] | [21, 51]].
2024-12-23 20:13:03.595 [warning] invalid cursor position. [[22, 51] | [22, 51]].
2024-12-23 20:13:03.635 [warning] invalid cursor position. [[23, 51] | [23, 51]].
2024-12-23 20:13:03.675 [warning] invalid cursor position. [[24, 51] | [24, 51]].
2024-12-23 20:13:03.715 [warning] invalid cursor position. [[25, 51] | [25, 51]].
2024-12-23 20:13:03.756 [warning] invalid cursor position. [[26, 51] | [26, 51]].
2024-12-23 20:13:03.865 [warning] invalid cursor position. [[25, 51] | [25, 51]].
2024-12-23 20:13:04.051 [warning] invalid cursor position. [[24, 51] | [24, 51]].
2024-12-23 20:13:04.195 [warning] invalid cursor position. [[23, 51] | [23, 51]].
2024-12-23 20:13:04.380 [warning] invalid cursor position. [[22, 51] | [22, 51]].
2024-12-23 20:13:04.552 [warning] invalid cursor position. [[21, 51] | [21, 51]].
2024-12-23 20:13:04.752 [warning] invalid cursor position. [[20, 51] | [20, 51]].
2024-12-23 20:13:05.010 [warning] invalid cursor position. [[21, 51] | [21, 51]].
2024-12-23 20:13:10.178 [info] Executing :w
2024-12-23 20:13:10.608 [warning] invalid cursor position. [[23, 22] | [23, 22]].
2024-12-23 20:13:57.935 [info] Executing :w
2024-12-23 20:14:05.709 [warning] invalid cursor position. [[30, 2] | [30, 2]].
2024-12-23 20:14:31.863 [info] Executing :w
2024-12-23 20:14:32.937 [warning] invalid cursor position. [[31, 70] | [31, 70]].
2024-12-23 20:14:33.150 [warning] invalid cursor position. [[32, 70] | [32, 70]].
2024-12-23 20:14:33.378 [warning] invalid cursor position. [[33, 70] | [33, 70]].
2024-12-23 20:14:33.580 [warning] invalid cursor position. [[32, 70] | [32, 70]].
2024-12-23 20:14:33.779 [warning] invalid cursor position. [[31, 70] | [31, 70]].
2024-12-23 20:16:13.779 [warning] invalid cursor position. [[23, 9] | [23, 9]].
2024-12-23 20:16:47.735 [info] Executing :w
2024-12-23 20:16:48.820 [warning] invalid cursor position. [[32, 17] | [32, 17]].
2024-12-23 20:16:48.980 [warning] invalid cursor position. [[36, 17] | [36, 17]].
2024-12-23 20:16:49.493 [warning] invalid cursor position. [[39, 17] | [39, 17]].
2024-12-23 20:16:49.693 [warning] invalid cursor position. [[40, 17] | [40, 17]].
2024-12-23 20:16:50.422 [warning] invalid cursor position. [[44, 17] | [44, 17]].
2024-12-23 20:16:51.233 [warning] invalid cursor position. [[47, 17] | [47, 17]].
2024-12-23 20:16:51.273 [warning] invalid cursor position. [[48, 17] | [48, 17]].
2024-12-23 20:16:51.313 [warning] invalid cursor position. [[49, 17] | [49, 17]].
2024-12-23 20:16:51.355 [warning] invalid cursor position. [[50, 17] | [50, 17]].
2024-12-23 20:16:51.394 [warning] invalid cursor position. [[51, 17] | [51, 17]].
2024-12-23 20:16:52.122 [warning] invalid cursor position. [[51, 17] | [51, 17]].
2024-12-23 20:16:52.161 [warning] invalid cursor position. [[50, 17] | [50, 17]].
2024-12-23 20:16:52.200 [warning] invalid cursor position. [[49, 17] | [49, 17]].
2024-12-23 20:16:52.241 [warning] invalid cursor position. [[48, 17] | [48, 17]].
2024-12-23 20:16:52.281 [warning] invalid cursor position. [[47, 17] | [47, 17]].
2024-12-23 20:16:52.401 [warning] invalid cursor position. [[44, 17] | [44, 17]].
2024-12-23 20:16:52.560 [warning] invalid cursor position. [[40, 17] | [40, 17]].
2024-12-23 20:16:52.601 [warning] invalid cursor position. [[39, 17] | [39, 17]].
2024-12-23 20:16:52.720 [warning] invalid cursor position. [[36, 17] | [36, 17]].
2024-12-23 20:16:52.882 [warning] invalid cursor position. [[32, 17] | [32, 17]].
2024-12-23 20:16:53.002 [warning] invalid cursor position. [[29, 17] | [29, 17]].
2024-12-23 20:16:53.122 [warning] invalid cursor position. [[26, 17] | [26, 17]].
2024-12-23 20:16:53.242 [warning] invalid cursor position. [[23, 17] | [23, 17]].
2024-12-23 20:16:53.362 [warning] invalid cursor position. [[20, 17] | [20, 17]].
2024-12-23 20:16:53.403 [warning] invalid cursor position. [[19, 17] | [19, 17]].
2024-12-23 20:16:54.124 [warning] invalid cursor position. [[19, 17] | [19, 17]].
2024-12-23 20:16:54.722 [warning] invalid cursor position. [[20, 17] | [20, 17]].
2024-12-23 20:16:54.841 [warning] invalid cursor position. [[23, 17] | [23, 17]].
2024-12-23 20:16:55.379 [warning] invalid cursor position. [[23, 17] | [23, 17]].
2024-12-23 20:16:56.175 [warning] invalid cursor position. [[26, 17] | [26, 17]].
2024-12-23 20:16:56.296 [warning] invalid cursor position. [[29, 17] | [29, 17]].
2024-12-23 20:16:56.415 [warning] invalid cursor position. [[32, 17] | [32, 17]].
2024-12-23 20:16:56.966 [warning] invalid cursor position. [[29, 17] | [29, 17]].
2024-12-23 20:16:57.479 [warning] invalid cursor position. [[26, 17] | [26, 17]].
2024-12-23 20:16:58.094 [warning] invalid cursor position. [[23, 17] | [23, 17]].
2024-12-23 20:20:00.436 [warning] invalid cursor position. [[48, 6] | [48, 6]].
2024-12-23 20:20:01.647 [info] Executing :w
2024-12-23 20:20:03.844 [warning] invalid cursor position. [[40, 6] | [40, 6]].
2024-12-23 20:20:04.622 [warning] invalid cursor position. [[40, 6] | [40, 6]].
2024-12-23 20:20:17.052 [warning] invalid cursor position. [[32, 6] | [32, 6]].
2024-12-23 20:20:17.170 [warning] invalid cursor position. [[29, 6] | [29, 6]].
2024-12-23 20:20:17.377 [warning] invalid cursor position. [[29, 6] | [29, 6]].
2024-12-23 20:20:18.377 [warning] invalid cursor position. [[29, 6] | [29, 6]].
2024-12-23 20:20:49.006 [warning] invalid cursor position. [[29, 34] | [29, 34]].
2024-12-23 20:20:49.562 [warning] invalid cursor position. [[31, 34] | [31, 34]].
2024-12-23 20:21:03.281 [warning] invalid cursor position. [[29, 40] | [29, 40]].
2024-12-23 20:21:03.462 [warning] invalid cursor position. [[30, 40] | [30, 40]].
2024-12-23 20:21:03.633 [warning] invalid cursor position. [[31, 40] | [31, 40]].
2024-12-23 20:21:04.091 [warning] invalid cursor position. [[30, 40] | [30, 40]].
2024-12-23 20:21:07.291 [warning] invalid cursor position. [[31, 37] | [31, 37]].
2024-12-23 20:21:08.420 [warning] invalid cursor position. [[31, 37] | [31, 37]].
2024-12-23 20:21:10.394 [info] Active editor: file:///home/arkochan/Repositories/kv-recorder/package.json
2024-12-23 20:21:10.397 [info] /home/arkochan/Repositories/kv-recorder/src/app/recorder/page.tsx.git closed
2024-12-23 20:21:14.530 [info] Active editor: file:///home/arkochan/Repositories/kv-recorder/src/app/recorder/page.tsx
2024-12-23 20:21:14.538 [info] /home/arkochan/Repositories/kv-recorder/package.json.git closed
2024-12-23 20:21:15.033 [warning] invalid cursor position. [[31, 39] | [31, 39]].
2024-12-23 20:21:22.532 [info] Executing :w
2024-12-23 20:21:23.376 [warning] invalid cursor position. [[31, 39] | [31, 39]].
2024-12-23 20:21:23.708 [warning] invalid cursor position. [[31, 39] | [31, 39]].
