2024-12-23 03:28:55.329 [info] [main] Log level: Info
2024-12-23 03:28:55.329 [info] [main] Validating found git in: "git"
2024-12-23 03:28:55.329 [info] [main] Using git "2.47.1" from "git"
2024-12-23 03:28:55.329 [info] [Model][doInitialScan] Initial repository scan started
2024-12-23 03:28:55.329 [info] > git rev-parse --show-toplevel [8ms]
2024-12-23 03:28:55.329 [info] > git rev-parse --git-dir --git-common-dir [9ms]
2024-12-23 03:28:55.329 [info] [Model][openRepository] Opened repository: /home/arkochan/Repositories/kv-recorder
2024-12-23 03:28:55.353 [info] > git rev-parse --show-toplevel [15ms]
2024-12-23 03:28:55.353 [info] > git config --get commit.template [19ms]
2024-12-23 03:28:55.363 [info] > git rev-parse --show-toplevel [6ms]
2024-12-23 03:28:55.366 [info] > git for-each-ref --format=%(refname)%00%(upstream:short)%00%(objectname)%00%(upstream:track)%00%(upstream:remotename)%00%(upstream:remoteref) refs/heads/main refs/remotes/main [4ms]
2024-12-23 03:28:55.366 [info] > git rev-parse --show-toplevel [0ms]
2024-12-23 03:28:55.376 [info] > git status -z -uall [6ms]
2024-12-23 03:28:55.376 [info] > git for-each-ref --sort -committerdate --format %(refname) %(objectname) %(*objectname) [3ms]
2024-12-23 03:28:55.386 [info] > git for-each-ref --format=%(refname)%00%(upstream:short)%00%(objectname)%00%(upstream:track)%00%(upstream:remotename)%00%(upstream:remoteref) refs/heads/main refs/remotes/main [4ms]
2024-12-23 03:28:55.389 [info] > git rev-parse --show-toplevel [13ms]
2024-12-23 03:28:55.390 [info] [Model][doInitialScan] Initial repository scan completed - repositories (1), closed repositories (0), parent repositories (0), unsafe repositories (0)
2024-12-23 03:28:55.398 [info] > git show --textconv :src/app/recorder/dulnan.vue [5ms]
2024-12-23 03:28:55.398 [info] > git ls-files --stage -- /home/arkochan/Repositories/kv-recorder/src/app/recorder/dulnan.vue [2ms]
2024-12-23 03:28:55.398 [info] > git config --local branch.main.vscode-merge-base [9ms]
2024-12-23 03:28:55.399 [warning] [Git][config] git config failed: Failed to execute git
2024-12-23 03:28:55.402 [info] > git config --get commit.template [17ms]
2024-12-23 03:28:55.409 [info] > git blame --root --incremental 861e539c07cfdb148f52bd05d0668e90b566ad20 -- /home/arkochan/Repositories/kv-recorder/src/app/recorder/dulnan.vue [4ms]
2024-12-23 03:28:55.409 [info] fatal: no such path src/app/recorder/dulnan.vue in 861e539c07cfdb148f52bd05d0668e90b566ad20
2024-12-23 03:28:55.410 [info] > git for-each-ref --format=%(refname)%00%(upstream:short)%00%(objectname)%00%(upstream:track)%00%(upstream:remotename)%00%(upstream:remoteref) refs/heads/main refs/remotes/main [1ms]
2024-12-23 03:28:55.417 [info] > git status -z -uall [4ms]
2024-12-23 03:28:55.418 [info] > git for-each-ref --sort -committerdate --format %(refname) %(objectname) %(*objectname) [1ms]
2024-12-23 03:28:55.422 [info] > git for-each-ref --format=%(refname)%00%(upstream:short)%00%(objectname)%00%(upstream:track)%00%(upstream:remotename)%00%(upstream:remoteref) refs/heads/main refs/remotes/main [1ms]
2024-12-23 03:28:55.426 [info] > git config --local branch.main.vscode-merge-base [1ms]
2024-12-23 03:28:55.426 [warning] [Git][config] git config failed: Failed to execute git
2024-12-23 03:28:55.511 [info] > git reflog main --grep-reflog=branch: Created from *. [83ms]
2024-12-23 03:28:55.515 [info] > git reflog main --grep-reflog=branch: Created from *. [113ms]
2024-12-23 03:28:55.525 [info] > git symbolic-ref --short refs/remotes/origin/HEAD [7ms]
2024-12-23 03:28:55.525 [info] fatal: ref refs/remotes/origin/HEAD is not a symbolic ref
2024-12-23 03:28:55.525 [warning] [Repository][getDefaultBranch] Failed to get default branch details: Failed to execute git.
2024-12-23 03:28:55.529 [info] > git symbolic-ref --short refs/remotes/origin/HEAD [14ms]
2024-12-23 03:28:55.530 [info] fatal: ref refs/remotes/origin/HEAD is not a symbolic ref
2024-12-23 03:28:55.530 [warning] [Repository][getDefaultBranch] Failed to get default branch details: Failed to execute git.
2024-12-23 03:28:55.534 [info] > git merge-base refs/heads/main refs/remotes/origin/main [5ms]
2024-12-23 03:28:55.538 [info] > git merge-base refs/heads/main refs/remotes/origin/main [5ms]
2024-12-23 03:28:55.541 [info] > git diff --name-status -z --diff-filter=ADMR 861e539c07cfdb148f52bd05d0668e90b566ad20...refs/remotes/origin/main [3ms]
2024-12-23 03:28:55.542 [info] > git diff --name-status -z --diff-filter=ADMR 861e539c07cfdb148f52bd05d0668e90b566ad20...refs/remotes/origin/main [1ms]
2024-12-23 03:28:55.845 [info] > git check-ignore -v -z --stdin [0ms]
2024-12-23 03:30:10.557 [info] > git show --textconv :tsconfig.json [4ms]
2024-12-23 03:30:10.557 [info] > git ls-files --stage -- /home/arkochan/Repositories/kv-recorder/tsconfig.json [1ms]
2024-12-23 03:30:10.561 [info] > git cat-file -s c1334095f876a408c10f2357faaced969ec090ab [0ms]
2024-12-23 03:30:11.323 [info] > git show --textconv :src/app/globals.css [4ms]
2024-12-23 03:30:11.323 [info] > git ls-files --stage -- /home/arkochan/Repositories/kv-recorder/src/app/globals.css [1ms]
2024-12-23 03:30:11.327 [info] > git cat-file -s b5c61c956711f981a41e95f7fcf0038436cfbb22 [1ms]
2024-12-23 03:30:12.690 [info] > git show --textconv :.gitignore [4ms]
2024-12-23 03:30:12.690 [info] > git ls-files --stage -- /home/arkochan/Repositories/kv-recorder/.gitignore [1ms]
2024-12-23 03:30:12.694 [info] > git cat-file -s 5ef6a520780202a1d6addd833d800ccb1ecac0bb [1ms]
2024-12-23 03:30:13.506 [info] > git show --textconv :postcss.config.mjs [5ms]
2024-12-23 03:30:13.506 [info] > git ls-files --stage -- /home/arkochan/Repositories/kv-recorder/postcss.config.mjs [1ms]
2024-12-23 03:30:13.510 [info] > git cat-file -s 1a69fd2a450afc3bf47e08b22c149190df0ffdb4 [1ms]
2024-12-23 03:30:14.195 [info] > git show --textconv :next-env.d.ts [4ms]
2024-12-23 03:30:14.195 [info] > git ls-files --stage -- /home/arkochan/Repositories/kv-recorder/next-env.d.ts [0ms]
2024-12-23 03:30:16.104 [info] > git show --textconv :src/app/recorder/dulnan.vue [5ms]
2024-12-23 03:30:16.104 [info] > git ls-files --stage -- /home/arkochan/Repositories/kv-recorder/src/app/recorder/dulnan.vue [1ms]
2024-12-23 03:30:18.035 [info] > git show --textconv :src/app/recorder/page.tsx [5ms]
2024-12-23 03:30:18.035 [info] > git ls-files --stage -- /home/arkochan/Repositories/kv-recorder/src/app/recorder/page.tsx [1ms]
2024-12-23 03:30:18.040 [info] > git cat-file -s 8425252a03b96ca54c8f443ac14107d093ef1926 [1ms]
2024-12-23 03:30:19.120 [info] > git show --textconv :src/app/recorder/dulnan.vue [5ms]
2024-12-23 03:30:19.120 [info] > git ls-files --stage -- /home/arkochan/Repositories/kv-recorder/src/app/recorder/dulnan.vue [1ms]
2024-12-23 03:31:24.718 [info] > git config --get commit.template [5ms]
2024-12-23 03:31:24.718 [info] > git for-each-ref --format=%(refname)%00%(upstream:short)%00%(objectname)%00%(upstream:track)%00%(upstream:remotename)%00%(upstream:remoteref) refs/heads/main refs/remotes/main [1ms]
2024-12-23 03:31:24.725 [info] > git status -z -uall [4ms]
2024-12-23 03:31:24.726 [info] > git for-each-ref --sort -committerdate --format %(refname) %(objectname) %(*objectname) [1ms]
2024-12-23 03:32:04.165 [info] > git show --textconv :src/app/recorder/dulnan.vue [4ms]
2024-12-23 03:32:04.166 [info] > git ls-files --stage -- /home/arkochan/Repositories/kv-recorder/src/app/recorder/dulnan.vue [1ms]
