2024-12-23 03:28:54.931 [info] Reading sessions from keychain...
2024-12-23 03:28:54.931 [info] Getting sessions for all scopes...
2024-12-23 03:28:54.931 [info] Getting sessions for all scopes...
2024-12-23 03:28:54.931 [info] Getting sessions for all scopes...
2024-12-23 03:28:54.931 [info] Got 0 sessions for ...
2024-12-23 03:28:54.931 [info] Got 0 sessions for ...
2024-12-23 03:28:54.931 [info] Got 0 sessions for ...
2024-12-23 03:28:54.931 [info] Getting sessions for all scopes...
2024-12-23 03:28:54.931 [info] Got 0 sessions for ...
2024-12-23 03:28:54.931 [info] Getting sessions for all scopes...
2024-12-23 03:28:54.931 [info] Got 0 sessions for ...
2024-12-23 03:28:54.931 [info] Getting sessions for all scopes...
2024-12-23 03:28:54.931 [info] Got 0 sessions for ...
2024-12-23 03:28:54.931 [info] Getting sessions for all scopes...
2024-12-23 03:28:54.931 [info] Got 0 sessions for ...
2024-12-23 03:28:54.931 [info] Getting sessions for all scopes...
2024-12-23 03:28:54.931 [info] Got 0 sessions for ...
2024-12-23 03:28:54.931 [info] Getting sessions for all scopes...
2024-12-23 03:28:54.931 [info] Got 0 sessions for ...
2024-12-23 03:28:55.409 [info] Getting sessions for read:user,repo,user:email,workflow...
2024-12-23 03:28:55.409 [info] Got 0 sessions for read:user,repo,user:email,workflow...
