2024-12-23 19:40:45.892 [info] Reading sessions from keychain...
2024-12-23 19:40:45.892 [info] Getting sessions for all scopes...
2024-12-23 19:40:45.892 [info] Getting sessions for all scopes...
2024-12-23 19:40:45.892 [info] Getting sessions for all scopes...
2024-12-23 19:40:45.892 [info] Got 0 sessions for ...
2024-12-23 19:40:45.892 [info] Got 0 sessions for ...
2024-12-23 19:40:45.892 [info] Got 0 sessions for ...
2024-12-23 19:40:45.892 [info] Getting sessions for all scopes...
2024-12-23 19:40:45.892 [info] Got 0 sessions for ...
2024-12-23 19:40:45.892 [info] Getting sessions for all scopes...
2024-12-23 19:40:45.892 [info] Got 0 sessions for ...
2024-12-23 19:40:45.892 [info] Getting sessions for all scopes...
2024-12-23 19:40:45.892 [info] Got 0 sessions for ...
2024-12-23 19:40:45.892 [info] Getting sessions for all scopes...
2024-12-23 19:40:45.892 [info] Got 0 sessions for ...
2024-12-23 19:40:45.892 [info] Getting sessions for all scopes...
2024-12-23 19:40:45.892 [info] Got 0 sessions for ...
2024-12-23 19:40:46.431 [info] Getting sessions for read:user,repo,user:email,workflow...
2024-12-23 19:40:46.431 [info] Got 0 sessions for read:user,repo,user:email,workflow...
2024-12-23 19:41:34.306 [info] Getting sessions for user:email...
2024-12-23 19:41:34.306 [info] Got 0 sessions for user:email...
2024-12-23 19:41:38.682 [info] Logging in with 'any' account...
2024-12-23 19:41:38.682 [info] Logging in for the following scopes: user:email
2024-12-23 19:41:38.693 [info] Trying without local server... (user:email)
2024-12-23 19:42:05.072 [info] Logging in with 'any' account...
2024-12-23 19:42:05.072 [info] Logging in for the following scopes: user:email
2024-12-23 19:42:05.072 [info] Trying without local server... (user:email)
2024-12-23 19:42:22.920 [info] Exchanging code for token...
2024-12-23 19:42:22.920 [info] Exchanging code for token...
2024-12-23 19:42:23.358 [info] Token exchange success!
2024-12-23 19:42:23.358 [info] Getting user info...
2024-12-23 19:42:23.429 [info] Token exchange success!
2024-12-23 19:42:23.429 [info] Getting user info...
2024-12-23 19:42:23.763 [error] Getting account info failed: Bad credentials
2024-12-23 19:42:23.764 [error] Error: Bad credentials
	at a.GitHubServer.getUserInfo (/opt/visual-studio-code/resources/app/extensions/github-authentication/dist/extension.js:1:235939)
	at process.processTicksAndRejections (node:internal/process/task_queues:95:5)
	at async a.GitHubAuthenticationProvider.tokenToSession (/opt/visual-studio-code/resources/app/extensions/github-authentication/dist/extension.js:1:229458)
	at async a.GitHubAuthenticationProvider.createSession (/opt/visual-studio-code/resources/app/extensions/github-authentication/dist/extension.js:1:228799)
	at async pw.$createSession (file:///opt/visual-studio-code/resources/app/out/vs/workbench/api/node/extensionHostProcess.js:117:3467)
2024-12-23 19:42:23.860 [info] Got account info!
2024-12-23 19:42:23.860 [info] Storing 1 sessions...
2024-12-23 19:42:30.787 [info] Reading sessions from keychain...
2024-12-23 19:42:30.787 [info] Stored 1 sessions!
2024-12-23 19:42:30.787 [info] Login success!
2024-12-23 19:42:30.787 [info] Getting sessions for all scopes...
2024-12-23 19:42:30.787 [info] Got stored sessions!
2024-12-23 19:42:30.787 [info] Got 1 verified sessions.
2024-12-23 19:42:30.787 [info] Got 1 sessions for ...
2024-12-23 19:42:30.791 [info] Getting sessions for read:user,repo,user:email,workflow...
2024-12-23 19:42:30.791 [info] Got 0 sessions for read:user,repo,user:email,workflow...
2024-12-23 19:42:41.604 [info] Getting sessions for user:email...
2024-12-23 19:42:41.604 [info] Got 1 sessions for user:email...
2024-12-23 19:42:42.992 [info] Getting sessions for user:email...
2024-12-23 19:42:42.992 [info] Got 1 sessions for user:email...
2024-12-23 19:43:37.300 [info] Getting sessions for read:user,repo,user:email,workflow...
2024-12-23 19:43:37.301 [info] Got 0 sessions for read:user,repo,user:email,workflow...
2024-12-23 19:43:37.303 [info] Getting sessions for read:user,repo,user:email...
2024-12-23 19:43:37.303 [info] Got 0 sessions for read:user,repo,user:email...
2024-12-23 19:43:37.365 [info] Getting sessions for project,read:org,read:user,repo,user:email,workflow...
2024-12-23 19:43:37.365 [info] Got 0 sessions for project,read:org,read:user,repo,user:email,workflow...
2024-12-23 19:43:37.524 [info] Getting sessions for read:user...
2024-12-23 19:43:37.524 [info] Got 0 sessions for read:user...
2024-12-23 19:43:37.545 [info] Getting sessions for read:user,repo,user:email,workflow...
2024-12-23 19:43:37.545 [info] Got 0 sessions for read:user,repo,user:email,workflow...
2024-12-23 19:43:37.557 [info] Getting sessions for user:email...
2024-12-23 19:43:37.557 [info] Got 1 sessions for user:email...
2024-12-23 19:43:37.558 [info] Getting sessions for read:user,repo,user:email...
2024-12-23 19:43:37.558 [info] Got 0 sessions for read:user,repo,user:email...
2024-12-23 19:43:37.564 [info] Getting sessions for read:user,repo,user:email,workflow...
2024-12-23 19:43:37.564 [info] Got 0 sessions for read:user,repo,user:email,workflow...
2024-12-23 19:43:40.720 [info] Getting sessions for read:user,repo,user:email,workflow...
2024-12-23 19:43:40.720 [info] Got 0 sessions for read:user,repo,user:email,workflow...
2024-12-23 19:43:40.768 [info] Getting sessions for read:user...
2024-12-23 19:43:40.768 [info] Got 0 sessions for read:user...
2024-12-23 19:43:40.769 [info] Getting sessions for user:email...
2024-12-23 19:43:40.769 [info] Got 1 sessions for user:email...
2024-12-23 20:08:39.626 [info] Getting sessions for read:user,repo,user:email,workflow...
2024-12-23 20:08:39.626 [info] Got 0 sessions for read:user,repo,user:email,workflow...
2024-12-23 20:08:39.630 [info] Getting sessions for read:user...
2024-12-23 20:08:39.630 [info] Got 0 sessions for read:user...
2024-12-23 20:08:39.630 [info] Getting sessions for user:email...
2024-12-23 20:08:39.630 [info] Got 1 sessions for user:email...
