2024-12-23 14:37:50.256 [info] read schema from vscode: vscode://schemas/settings/user
2024-12-23 14:37:50.303 [info] read schema from vscode: vscode://schemas/settings/resourceLanguage
2024-12-23 14:37:50.306 [info] read schema from vscode: vscode://schemas/ignoredSettings
2024-12-23 14:37:50.308 [info] read schema from vscode: vscode://schemas/launch
2024-12-23 14:37:50.319 [info] read schema from vscode: vscode://schemas/token-styling
2024-12-23 14:37:50.319 [info] read schema from vscode: vscode://schemas/textmate-colors
2024-12-23 14:37:50.319 [info] read schema from vscode: vscode://schemas/workbench-colors
2024-12-23 14:37:51.201 [info] cancelled
2024-12-23 14:38:48.449 [info] read schema from vscode: vscode://schemas/keybindings
2024-12-23 14:39:49.953 [info] read schema from vscode: vscode://schemas/settings/default
2024-12-23 14:39:51.350 [info] [Error - 2:39:51 PM] Error while computing document colors for vscode://defaultsettings/keybindings.json: Maximum call stack size exceeded
RangeError: Maximum call stack size exceeded
    at Pt.merge (/opt/visual-studio-code/resources/app/extensions/json-language-features/server/dist/node/875.jsonServerMain.js:1:61119)
    at /opt/visual-studio-code/resources/app/extensions/json-language-features/server/dist/node/875.jsonServerMain.js:1:64565
    at It (/opt/visual-studio-code/resources/app/extensions/json-language-features/server/dist/node/875.jsonServerMain.js:1:66907)
    at At.getMatchingSchemas (/opt/visual-studio-code/resources/app/extensions/json-language-features/server/dist/node/875.jsonServerMain.js:1:63791)
    at /opt/visual-studio-code/resources/app/extensions/json-language-features/server/dist/node/875.jsonServerMain.js:1:100340
2024-12-23 14:41:11.743 [info] [Error - 2:41:11 PM] Error while computing document colors for vscode://defaultsettings/keybindings.json: Maximum call stack size exceeded
RangeError: Maximum call stack size exceeded
    at Pt.merge (/opt/visual-studio-code/resources/app/extensions/json-language-features/server/dist/node/875.jsonServerMain.js:1:61119)
    at /opt/visual-studio-code/resources/app/extensions/json-language-features/server/dist/node/875.jsonServerMain.js:1:64565
    at It (/opt/visual-studio-code/resources/app/extensions/json-language-features/server/dist/node/875.jsonServerMain.js:1:66907)
    at At.getMatchingSchemas (/opt/visual-studio-code/resources/app/extensions/json-language-features/server/dist/node/875.jsonServerMain.js:1:63791)
    at /opt/visual-studio-code/resources/app/extensions/json-language-features/server/dist/node/875.jsonServerMain.js:1:100340
2024-12-23 14:41:17.689 [info] [Error - 2:41:17 PM] Error while computing document colors for vscode://defaultsettings/keybindings.json: Maximum call stack size exceeded
RangeError: Maximum call stack size exceeded
    at Pt.merge (/opt/visual-studio-code/resources/app/extensions/json-language-features/server/dist/node/875.jsonServerMain.js:1:61119)
    at /opt/visual-studio-code/resources/app/extensions/json-language-features/server/dist/node/875.jsonServerMain.js:1:64565
    at It (/opt/visual-studio-code/resources/app/extensions/json-language-features/server/dist/node/875.jsonServerMain.js:1:66907)
    at At.getMatchingSchemas (/opt/visual-studio-code/resources/app/extensions/json-language-features/server/dist/node/875.jsonServerMain.js:1:63791)
    at /opt/visual-studio-code/resources/app/extensions/json-language-features/server/dist/node/875.jsonServerMain.js:1:100340
2024-12-23 14:41:27.199 [info] schema change detected vscode://schemas/keybindings
2024-12-23 14:41:27.200 [info] read schema from vscode: vscode://schemas/keybindings
2024-12-23 14:41:27.251 [info] schema change detected vscode://schemas/settings/default
2024-12-23 14:41:27.251 [info] schema change detected vscode://schemas/settings/user
2024-12-23 14:41:27.844 [info] cancelled
2024-12-23 14:41:27.844 [info] cancelled
2024-12-23 14:41:27.844 [info] cancelled
2024-12-23 14:41:27.849 [info] read schema from vscode: vscode://schemas/settings/default
2024-12-23 14:41:27.850 [info] read schema from vscode: vscode://schemas/settings/user
2024-12-23 14:41:29.946 [info] schema change detected vscode://schemas/keybindings
2024-12-23 14:41:29.947 [info] read schema from vscode: vscode://schemas/keybindings
2024-12-23 14:41:30.012 [info] schema change detected vscode://schemas/settings/default
2024-12-23 14:41:30.012 [info] schema change detected vscode://schemas/settings/user
2024-12-23 14:41:30.599 [info] cancelled
2024-12-23 14:41:30.600 [info] cancelled
2024-12-23 14:41:30.603 [info] read schema from vscode: vscode://schemas/settings/default
2024-12-23 14:41:30.603 [info] read schema from vscode: vscode://schemas/settings/user
2024-12-23 14:41:31.387 [info] cancelled
2024-12-23 14:41:32.351 [info] schema change detected vscode://schemas/keybindings
2024-12-23 14:41:32.351 [info] read schema from vscode: vscode://schemas/keybindings
2024-12-23 14:41:32.403 [info] schema change detected vscode://schemas/settings/default
2024-12-23 14:41:32.403 [info] schema change detected vscode://schemas/settings/user
2024-12-23 14:41:33.005 [info] cancelled
2024-12-23 14:41:33.005 [info] cancelled
2024-12-23 14:41:33.005 [info] cancelled
2024-12-23 14:41:33.009 [info] read schema from vscode: vscode://schemas/settings/default
2024-12-23 14:41:33.009 [info] read schema from vscode: vscode://schemas/settings/user
2024-12-23 14:41:36.932 [info] [Error - 2:41:36 PM] Error while computing document colors for vscode://defaultsettings/keybindings.json: Maximum call stack size exceeded
RangeError: Maximum call stack size exceeded
    at Pt.merge (/opt/visual-studio-code/resources/app/extensions/json-language-features/server/dist/node/875.jsonServerMain.js:1:61119)
    at /opt/visual-studio-code/resources/app/extensions/json-language-features/server/dist/node/875.jsonServerMain.js:1:64565
    at It (/opt/visual-studio-code/resources/app/extensions/json-language-features/server/dist/node/875.jsonServerMain.js:1:66907)
    at At.getMatchingSchemas (/opt/visual-studio-code/resources/app/extensions/json-language-features/server/dist/node/875.jsonServerMain.js:1:63791)
    at /opt/visual-studio-code/resources/app/extensions/json-language-features/server/dist/node/875.jsonServerMain.js:1:100340
2024-12-23 14:41:36.936 [info] cancelled
2024-12-23 14:41:36.936 [info] cancelled
2024-12-23 14:41:37.259 [info] schema change detected vscode://schemas/keybindings
2024-12-23 14:41:37.259 [info] read schema from vscode: vscode://schemas/keybindings
2024-12-23 14:41:37.311 [info] schema change detected vscode://schemas/settings/default
2024-12-23 14:41:37.311 [info] schema change detected vscode://schemas/settings/user
2024-12-23 14:41:37.902 [info] cancelled
2024-12-23 14:41:37.902 [info] cancelled
2024-12-23 14:41:37.902 [info] cancelled
2024-12-23 14:41:37.905 [info] read schema from vscode: vscode://schemas/settings/default
2024-12-23 14:41:37.905 [info] read schema from vscode: vscode://schemas/settings/user
2024-12-23 14:44:40.533 [info] schema change detected vscode://schemas/keybindings
2024-12-23 14:44:40.534 [info] read schema from vscode: vscode://schemas/keybindings
2024-12-23 14:44:40.585 [info] schema change detected vscode://schemas/settings/default
2024-12-23 14:44:40.585 [info] schema change detected vscode://schemas/settings/user
2024-12-23 14:44:40.590 [info] cancelled
2024-12-23 14:44:40.594 [info] read schema from vscode: vscode://schemas/settings/user
2024-12-23 14:44:46.464 [info] schema change detected vscode://schemas/keybindings
2024-12-23 14:44:46.465 [info] read schema from vscode: vscode://schemas/keybindings
2024-12-23 14:44:46.516 [info] schema change detected vscode://schemas/settings/default
2024-12-23 14:44:46.516 [info] schema change detected vscode://schemas/settings/user
2024-12-23 14:44:46.521 [info] read schema from vscode: vscode://schemas/settings/user
2024-12-23 14:45:01.115 [info] schema change detected vscode://schemas/keybindings
2024-12-23 14:45:01.116 [info] read schema from vscode: vscode://schemas/keybindings
2024-12-23 14:45:01.167 [info] schema change detected vscode://schemas/settings/default
2024-12-23 14:45:01.167 [info] schema change detected vscode://schemas/settings/user
2024-12-23 14:45:01.173 [info] read schema from vscode: vscode://schemas/settings/user
2024-12-23 14:45:02.409 [info] schema change detected vscode://schemas/keybindings
2024-12-23 14:45:02.409 [info] read schema from vscode: vscode://schemas/keybindings
2024-12-23 14:45:02.460 [info] schema change detected vscode://schemas/settings/default
2024-12-23 14:45:02.460 [info] schema change detected vscode://schemas/settings/user
2024-12-23 14:45:09.008 [info] read schema from vscode: vscode://schemas/settings/default
2024-12-23 14:45:10.438 [info] [Error - 2:45:10 PM] Error while computing document colors for vscode://defaultsettings/keybindings.json: Maximum call stack size exceeded
RangeError: Maximum call stack size exceeded
    at Pt.merge (/opt/visual-studio-code/resources/app/extensions/json-language-features/server/dist/node/875.jsonServerMain.js:1:61119)
    at /opt/visual-studio-code/resources/app/extensions/json-language-features/server/dist/node/875.jsonServerMain.js:1:64565
    at It (/opt/visual-studio-code/resources/app/extensions/json-language-features/server/dist/node/875.jsonServerMain.js:1:66907)
    at At.getMatchingSchemas (/opt/visual-studio-code/resources/app/extensions/json-language-features/server/dist/node/875.jsonServerMain.js:1:63791)
    at /opt/visual-studio-code/resources/app/extensions/json-language-features/server/dist/node/875.jsonServerMain.js:1:100340
2024-12-23 14:45:10.445 [info] cancelled
2024-12-23 14:45:10.446 [info] cancelled
2024-12-23 14:45:11.688 [info] [Error - 2:45:11 PM] Error while computing hover for vscode://defaultsettings/keybindings.json: Maximum call stack size exceeded
RangeError: Maximum call stack size exceeded
    at Pt.merge (/opt/visual-studio-code/resources/app/extensions/json-language-features/server/dist/node/875.jsonServerMain.js:1:61119)
    at /opt/visual-studio-code/resources/app/extensions/json-language-features/server/dist/node/875.jsonServerMain.js:1:64565
    at It (/opt/visual-studio-code/resources/app/extensions/json-language-features/server/dist/node/875.jsonServerMain.js:1:66907)
    at At.getMatchingSchemas (/opt/visual-studio-code/resources/app/extensions/json-language-features/server/dist/node/875.jsonServerMain.js:1:63791)
    at /opt/visual-studio-code/resources/app/extensions/json-language-features/server/dist/node/875.jsonServerMain.js:1:93313
2024-12-23 14:45:12.387 [info] [Error - 2:45:12 PM] Error while computing hover for vscode://defaultsettings/keybindings.json: Maximum call stack size exceeded
RangeError: Maximum call stack size exceeded
    at Pt.merge (/opt/visual-studio-code/resources/app/extensions/json-language-features/server/dist/node/875.jsonServerMain.js:1:61119)
    at /opt/visual-studio-code/resources/app/extensions/json-language-features/server/dist/node/875.jsonServerMain.js:1:64565
    at It (/opt/visual-studio-code/resources/app/extensions/json-language-features/server/dist/node/875.jsonServerMain.js:1:66907)
    at At.getMatchingSchemas (/opt/visual-studio-code/resources/app/extensions/json-language-features/server/dist/node/875.jsonServerMain.js:1:63791)
    at /opt/visual-studio-code/resources/app/extensions/json-language-features/server/dist/node/875.jsonServerMain.js:1:93313
2024-12-23 14:45:15.118 [info] [Error - 2:45:15 PM] Error while computing hover for vscode://defaultsettings/keybindings.json: Maximum call stack size exceeded
RangeError: Maximum call stack size exceeded
    at Pt.merge (/opt/visual-studio-code/resources/app/extensions/json-language-features/server/dist/node/875.jsonServerMain.js:1:61119)
    at /opt/visual-studio-code/resources/app/extensions/json-language-features/server/dist/node/875.jsonServerMain.js:1:64565
    at It (/opt/visual-studio-code/resources/app/extensions/json-language-features/server/dist/node/875.jsonServerMain.js:1:66907)
    at At.getMatchingSchemas (/opt/visual-studio-code/resources/app/extensions/json-language-features/server/dist/node/875.jsonServerMain.js:1:63791)
    at /opt/visual-studio-code/resources/app/extensions/json-language-features/server/dist/node/875.jsonServerMain.js:1:93313
2024-12-23 14:45:15.897 [info] [Error - 2:45:15 PM] Error while computing hover for vscode://defaultsettings/keybindings.json: Maximum call stack size exceeded
RangeError: Maximum call stack size exceeded
    at Pt.merge (/opt/visual-studio-code/resources/app/extensions/json-language-features/server/dist/node/875.jsonServerMain.js:1:61119)
    at /opt/visual-studio-code/resources/app/extensions/json-language-features/server/dist/node/875.jsonServerMain.js:1:64565
    at It (/opt/visual-studio-code/resources/app/extensions/json-language-features/server/dist/node/875.jsonServerMain.js:1:66907)
    at At.getMatchingSchemas (/opt/visual-studio-code/resources/app/extensions/json-language-features/server/dist/node/875.jsonServerMain.js:1:63791)
    at /opt/visual-studio-code/resources/app/extensions/json-language-features/server/dist/node/875.jsonServerMain.js:1:93313
2024-12-23 14:45:16.915 [info] [Error - 2:45:16 PM] Error while computing hover for vscode://defaultsettings/keybindings.json: Maximum call stack size exceeded
RangeError: Maximum call stack size exceeded
    at Pt.merge (/opt/visual-studio-code/resources/app/extensions/json-language-features/server/dist/node/875.jsonServerMain.js:1:61119)
    at /opt/visual-studio-code/resources/app/extensions/json-language-features/server/dist/node/875.jsonServerMain.js:1:64565
    at It (/opt/visual-studio-code/resources/app/extensions/json-language-features/server/dist/node/875.jsonServerMain.js:1:66907)
    at At.getMatchingSchemas (/opt/visual-studio-code/resources/app/extensions/json-language-features/server/dist/node/875.jsonServerMain.js:1:63791)
    at /opt/visual-studio-code/resources/app/extensions/json-language-features/server/dist/node/875.jsonServerMain.js:1:93313
2024-12-23 14:45:18.161 [info] [Error - 2:45:18 PM] Error while computing hover for vscode://defaultsettings/keybindings.json: Maximum call stack size exceeded
RangeError: Maximum call stack size exceeded
    at Pt.merge (/opt/visual-studio-code/resources/app/extensions/json-language-features/server/dist/node/875.jsonServerMain.js:1:61119)
    at /opt/visual-studio-code/resources/app/extensions/json-language-features/server/dist/node/875.jsonServerMain.js:1:64565
    at It (/opt/visual-studio-code/resources/app/extensions/json-language-features/server/dist/node/875.jsonServerMain.js:1:66907)
    at At.getMatchingSchemas (/opt/visual-studio-code/resources/app/extensions/json-language-features/server/dist/node/875.jsonServerMain.js:1:63791)
    at /opt/visual-studio-code/resources/app/extensions/json-language-features/server/dist/node/875.jsonServerMain.js:1:93313
2024-12-23 14:45:19.546 [info] [Error - 2:45:19 PM] Error while computing hover for vscode://defaultsettings/keybindings.json: Maximum call stack size exceeded
RangeError: Maximum call stack size exceeded
    at Pt.merge (/opt/visual-studio-code/resources/app/extensions/json-language-features/server/dist/node/875.jsonServerMain.js:1:61119)
    at /opt/visual-studio-code/resources/app/extensions/json-language-features/server/dist/node/875.jsonServerMain.js:1:64565
    at It (/opt/visual-studio-code/resources/app/extensions/json-language-features/server/dist/node/875.jsonServerMain.js:1:66907)
    at At.getMatchingSchemas (/opt/visual-studio-code/resources/app/extensions/json-language-features/server/dist/node/875.jsonServerMain.js:1:63791)
    at /opt/visual-studio-code/resources/app/extensions/json-language-features/server/dist/node/875.jsonServerMain.js:1:93313
2024-12-23 14:45:19.549 [info] cancelled
2024-12-23 15:02:57.741 [info] schema change detected vscode://schemas/keybindings
2024-12-23 15:02:57.742 [info] read schema from vscode: vscode://schemas/keybindings
2024-12-23 15:02:57.749 [info] schema change detected vscode://schemas/keybindings
2024-12-23 15:02:57.763 [info] read schema from vscode: vscode://schemas/keybindings
2024-12-23 15:02:57.800 [info] schema change detected vscode://schemas/settings/default
2024-12-23 15:02:57.800 [info] schema change detected vscode://schemas/settings/user
2024-12-23 15:03:18.572 [info] read schema from vscode: vscode://schemas/settings/user
2024-12-23 15:03:19.583 [info] schema change detected vscode://schemas/keybindings
2024-12-23 15:03:19.583 [info] read schema from vscode: vscode://schemas/keybindings
2024-12-23 15:03:19.634 [info] schema change detected vscode://schemas/settings/default
2024-12-23 15:03:19.634 [info] schema change detected vscode://schemas/settings/user
2024-12-23 15:03:19.641 [info] read schema from vscode: vscode://schemas/settings/user
2024-12-23 15:03:45.343 [info] schema change detected vscode://schemas/keybindings
2024-12-23 15:03:45.344 [info] read schema from vscode: vscode://schemas/keybindings
2024-12-23 15:03:45.395 [info] schema change detected vscode://schemas/settings/default
2024-12-23 15:03:45.395 [info] schema change detected vscode://schemas/settings/user
2024-12-23 15:03:45.402 [info] read schema from vscode: vscode://schemas/settings/user
2024-12-23 15:03:57.552 [info] schema change detected vscode://schemas/keybindings
2024-12-23 15:03:57.552 [info] read schema from vscode: vscode://schemas/keybindings
2024-12-23 15:03:57.603 [info] schema change detected vscode://schemas/settings/default
2024-12-23 15:03:57.603 [info] schema change detected vscode://schemas/settings/user
2024-12-23 15:03:57.611 [info] read schema from vscode: vscode://schemas/settings/user
2024-12-23 15:04:14.086 [info] schema change detected vscode://schemas/keybindings
2024-12-23 15:04:14.086 [info] read schema from vscode: vscode://schemas/keybindings
2024-12-23 15:04:14.138 [info] schema change detected vscode://schemas/settings/default
2024-12-23 15:04:14.138 [info] schema change detected vscode://schemas/settings/user
2024-12-23 15:04:14.145 [info] read schema from vscode: vscode://schemas/settings/user
