2024-12-23 20:23:33.404 [info] Using settings sync service https://vscode-sync.trafficmanager.net/
2024-12-23 20:23:33.404 [info] Auto Sync is enabled.
2024-12-23 20:23:33.404 [info] Auto Sync: Suspended until auth token is available.
2024-12-23 20:23:34.867 [info] Auto Sync: Triggered by Interval
2024-12-23 20:23:34.867 [info] Sync started.
2024-12-23 20:23:35.465 [info] Settings: No changes found during synchronizing settings.
2024-12-23 20:23:35.481 [info] Keybindings: No changes found during synchronizing keybindings.
2024-12-23 20:23:35.485 [info] Snippets: No changes found during synchronizing snippets.
2024-12-23 20:23:35.486 [info] Tasks: No changes found during synchronizing tasks.
2024-12-23 20:23:36.682 [info] GlobalState: Updated remote ui state. Updated: colorThemeData,cpp.1.lastSessionDate,cpp.1.sessionCount,java.2.lastSessionDate,java.2.sessionCount,csharp.1.lastSessionDate,csharp.1.sessionCount,commandPalette.mru.cache,commandPalette.mru.counter,workbench.activityBar.location.
2024-12-23 20:23:37.013 [info] GlobalState: Updated last synchronized ui state
2024-12-23 20:23:37.053 [info] Extensions: No changes found during synchronizing extensions.
2024-12-23 20:23:37.054 [info] Profiles: No changes found during synchronizing profiles.
2024-12-23 20:23:37.055 [info] Sync done. Took 2189ms
2024-12-23 20:23:39.694 [info] Auto Sync: Triggered by Activity
2024-12-23 20:23:39.694 [info] Sync started.
2024-12-23 20:23:39.789 [info] Settings: No changes found during synchronizing settings.
2024-12-23 20:23:39.790 [info] Keybindings: No changes found during synchronizing keybindings.
2024-12-23 20:23:39.793 [info] Snippets: No changes found during synchronizing snippets.
2024-12-23 20:23:39.793 [info] Tasks: No changes found during synchronizing tasks.
2024-12-23 20:23:39.796 [info] GlobalState: No changes found during synchronizing ui state.
2024-12-23 20:23:40.914 [info] Extensions: Updated remote extensions. Updated: ["wallabyjs.console-ninja"].
2024-12-23 20:23:41.097 [info] Extensions: Updated last synchronized extensions.
2024-12-23 20:23:41.097 [info] Profiles: No changes found during synchronizing profiles.
2024-12-23 20:23:41.098 [info] Sync done. Took 1405ms
2024-12-23 20:24:23.385 [info] Auto Sync: Triggered by Activity
2024-12-23 20:24:23.385 [info] Sync started.
2024-12-23 20:24:23.486 [info] Settings: No changes found during synchronizing settings.
2024-12-23 20:24:23.487 [info] Keybindings: No changes found during synchronizing keybindings.
2024-12-23 20:24:23.489 [info] Snippets: No changes found during synchronizing snippets.
2024-12-23 20:24:23.490 [info] Tasks: No changes found during synchronizing tasks.
2024-12-23 20:24:23.492 [info] GlobalState: No changes found during synchronizing ui state.
2024-12-23 20:24:23.530 [info] Extensions: No changes found during synchronizing extensions.
2024-12-23 20:24:23.531 [info] Profiles: No changes found during synchronizing profiles.
2024-12-23 20:24:23.531 [info] Sync done. Took 147ms
2024-12-23 20:24:37.003 [info] Auto Sync: Triggered by Activity
2024-12-23 20:24:37.003 [info] Sync started.
2024-12-23 20:24:37.114 [info] Settings: No changes found during synchronizing settings.
2024-12-23 20:24:37.115 [info] Keybindings: No changes found during synchronizing keybindings.
2024-12-23 20:24:37.118 [info] Snippets: No changes found during synchronizing snippets.
2024-12-23 20:24:37.119 [info] Tasks: No changes found during synchronizing tasks.
2024-12-23 20:24:37.122 [info] GlobalState: No changes found during synchronizing ui state.
2024-12-23 20:24:37.163 [info] Extensions: No changes found during synchronizing extensions.
2024-12-23 20:24:37.164 [info] Profiles: No changes found during synchronizing profiles.
2024-12-23 20:24:37.165 [info] Sync done. Took 162ms
2024-12-23 20:24:59.696 [info] Auto Sync: Triggered by Activity
2024-12-23 20:24:59.696 [info] Sync started.
2024-12-23 20:25:00.955 [info] Settings: Updated remote settings
2024-12-23 20:25:01.134 [info] Settings: Updated last synchronized settings
2024-12-23 20:25:01.135 [info] Keybindings: No changes found during synchronizing keybindings.
2024-12-23 20:25:01.138 [info] Snippets: No changes found during synchronizing snippets.
2024-12-23 20:25:01.138 [info] Tasks: No changes found during synchronizing tasks.
2024-12-23 20:25:01.141 [info] GlobalState: No changes found during synchronizing ui state.
2024-12-23 20:25:01.185 [info] Extensions: No changes found during synchronizing extensions.
2024-12-23 20:25:01.186 [info] Profiles: No changes found during synchronizing profiles.
2024-12-23 20:25:01.187 [info] Sync done. Took 1491ms
2024-12-23 20:25:04.302 [info] Auto Sync: Triggered by Activity
2024-12-23 20:25:04.302 [info] Sync started.
2024-12-23 20:25:05.310 [info] Settings: Updated remote settings
2024-12-23 20:25:05.476 [info] Settings: Updated last synchronized settings
2024-12-23 20:25:05.477 [info] Keybindings: No changes found during synchronizing keybindings.
2024-12-23 20:25:05.479 [info] Snippets: No changes found during synchronizing snippets.
2024-12-23 20:25:05.480 [info] Tasks: No changes found during synchronizing tasks.
2024-12-23 20:25:05.482 [info] GlobalState: No changes found during synchronizing ui state.
2024-12-23 20:25:05.516 [info] Extensions: No changes found during synchronizing extensions.
2024-12-23 20:25:05.516 [info] Profiles: No changes found during synchronizing profiles.
2024-12-23 20:25:05.517 [info] Sync done. Took 1216ms
2024-12-23 20:25:13.903 [info] Auto Sync: Triggered by Activity
2024-12-23 20:25:13.903 [info] Sync started.
2024-12-23 20:25:14.796 [info] Settings: Updated remote settings
2024-12-23 20:25:14.884 [info] Settings: Updated last synchronized settings
2024-12-23 20:25:14.885 [info] Keybindings: No changes found during synchronizing keybindings.
2024-12-23 20:25:14.888 [info] Snippets: No changes found during synchronizing snippets.
2024-12-23 20:25:14.888 [info] Tasks: No changes found during synchronizing tasks.
2024-12-23 20:25:14.891 [info] GlobalState: No changes found during synchronizing ui state.
2024-12-23 20:25:14.927 [info] Extensions: No changes found during synchronizing extensions.
2024-12-23 20:25:14.928 [info] Profiles: No changes found during synchronizing profiles.
2024-12-23 20:25:14.928 [info] Sync done. Took 1026ms
2024-12-23 20:25:34.260 [info] Auto Sync: Triggered by Activity
2024-12-23 20:25:34.260 [info] Sync started.
2024-12-23 20:25:34.371 [info] Settings: No changes found during synchronizing settings.
2024-12-23 20:25:34.372 [info] Keybindings: No changes found during synchronizing keybindings.
2024-12-23 20:25:34.374 [info] Snippets: No changes found during synchronizing snippets.
2024-12-23 20:25:34.375 [info] Tasks: No changes found during synchronizing tasks.
2024-12-23 20:25:34.377 [info] GlobalState: No changes found during synchronizing ui state.
2024-12-23 20:25:34.427 [info] Extensions: No changes found during synchronizing extensions.
2024-12-23 20:25:34.427 [info] Profiles: No changes found during synchronizing profiles.
2024-12-23 20:25:34.428 [info] Sync done. Took 168ms
2024-12-23 20:25:37.624 [info] Auto Sync: Triggered by Activity
2024-12-23 20:25:37.624 [info] Sync started.
2024-12-23 20:25:39.084 [info] Settings: Updated remote settings
2024-12-23 20:25:39.275 [info] Settings: Updated last synchronized settings
2024-12-23 20:25:39.277 [info] Keybindings: No changes found during synchronizing keybindings.
2024-12-23 20:25:39.278 [info] Snippets: No changes found during synchronizing snippets.
2024-12-23 20:25:39.279 [info] Tasks: No changes found during synchronizing tasks.
2024-12-23 20:25:39.282 [info] GlobalState: No changes found during synchronizing ui state.
2024-12-23 20:25:39.326 [info] Extensions: No changes found during synchronizing extensions.
2024-12-23 20:25:39.327 [info] Profiles: No changes found during synchronizing profiles.
2024-12-23 20:25:39.328 [info] Sync done. Took 1704ms
2024-12-23 20:26:38.618 [info] Auto Sync: Triggered by Activity
2024-12-23 20:26:38.618 [info] Sync started.
2024-12-23 20:26:38.715 [info] Settings: No changes found during synchronizing settings.
2024-12-23 20:26:38.715 [info] Keybindings: No changes found during synchronizing keybindings.
2024-12-23 20:26:38.718 [info] Snippets: No changes found during synchronizing snippets.
2024-12-23 20:26:38.719 [info] Tasks: No changes found during synchronizing tasks.
2024-12-23 20:26:38.722 [info] GlobalState: No changes found during synchronizing ui state.
2024-12-23 20:26:38.760 [info] Extensions: No changes found during synchronizing extensions.
2024-12-23 20:26:38.760 [info] Profiles: No changes found during synchronizing profiles.
2024-12-23 20:26:38.761 [info] Sync done. Took 143ms
2024-12-23 20:27:56.032 [info] Auto Sync: Triggered by Activity
2024-12-23 20:27:56.032 [info] Sync started.
2024-12-23 20:27:56.133 [info] Settings: No changes found during synchronizing settings.
2024-12-23 20:27:56.134 [info] Keybindings: No changes found during synchronizing keybindings.
2024-12-23 20:27:56.136 [info] Snippets: No changes found during synchronizing snippets.
2024-12-23 20:27:56.136 [info] Tasks: No changes found during synchronizing tasks.
2024-12-23 20:27:56.139 [info] GlobalState: No changes found during synchronizing ui state.
2024-12-23 20:27:56.185 [info] Extensions: No changes found during synchronizing extensions.
2024-12-23 20:27:56.186 [info] Profiles: No changes found during synchronizing profiles.
2024-12-23 20:27:56.186 [info] Sync done. Took 155ms
