2024-12-23 14:16:55.495 [info] /home/arkochan/.config/Code/User/settings.json closed
2024-12-23 14:17:43.123 [warning] invalid cursor position. [[103, 49] | [103, 49]].
2024-12-23 14:17:43.161 [warning] invalid cursor position. [[104, 49] | [104, 49]].
2024-12-23 14:17:43.282 [warning] invalid cursor position. [[107, 49] | [107, 49]].
2024-12-23 14:17:43.323 [warning] invalid cursor position. [[108, 49] | [108, 49]].
2024-12-23 14:17:43.362 [warning] invalid cursor position. [[109, 49] | [109, 49]].
2024-12-23 14:17:43.403 [warning] invalid cursor position. [[110, 49] | [110, 49]].
2024-12-23 14:17:43.609 [warning] invalid cursor position. [[109, 49] | [109, 49]].
2024-12-23 14:17:43.810 [warning] invalid cursor position. [[108, 49] | [108, 49]].
2024-12-23 14:19:59.679 [info] /home/arkochan/Repositories/kv-recorder/.next/package.json closed
2024-12-23 14:19:59.679 [info] /home/arkochan/Repositories/kv-recorder/package.json closed
2024-12-23 14:37:45.383 [info] Active editor: file:///home/arkochan/Repositories/kv-recorder/src/app/recorder/dulnan%20copy.vue
2024-12-23 14:37:45.453 [info] /home/arkochan/Repositories/kv-recorder/src/app/recorder/dulnan.vue.git closed
2024-12-23 14:37:45.610 [info] Active editor: file:///home/arkochan/Repositories/kv-recorder/src/app/recorder/dulnan%20copy%202.vue
2024-12-23 14:37:45.619 [info] /home/arkochan/Repositories/kv-recorder/src/app/recorder/dulnan copy.vue.git closed
2024-12-23 14:37:45.842 [info] Active editor: file:///home/arkochan/Repositories/kv-recorder/src/app/recorder/dulnan%20copy%203.vue
2024-12-23 14:37:45.847 [info] /home/arkochan/Repositories/kv-recorder/src/app/recorder/dulnan copy 2.vue.git closed
2024-12-23 14:37:46.025 [info] Active editor: file:///home/arkochan/Repositories/kv-recorder/src/app/recorder/dulnan%20copy%204.vue
2024-12-23 14:37:46.932 [info] Active editor: file:///home/arkochan/Repositories/kv-recorder/src/app/recorder/dulnan.vue
2024-12-23 14:37:46.937 [info] /home/arkochan/Repositories/kv-recorder/src/app/recorder/dulnan copy 4.vue.git closed
2024-12-23 14:37:50.470 [info] /home/arkochan/.config/Code/User/settings.json closed
2024-12-23 14:37:50.480 [info] Configuration changed
2024-12-23 14:37:50.781 [info] /home/arkochan/Repositories/kv-recorder/src/app/recorder/dulnan.vue closed
2024-12-23 14:37:50.796 [info] Active editor: file:///home/arkochan/Repositories/kv-recorder/src/app/recorder/dulnan%20copy%204.vue
2024-12-23 14:37:50.800 [info] /home/arkochan/Repositories/kv-recorder/src/app/recorder/dulnan.vue.git closed
2024-12-23 14:38:48.452 [info] Active editor: vscode-userdata:/home/arkochan/.config/Code/User/keybindings.json
2024-12-23 14:38:48.456 [info] /home/arkochan/Repositories/kv-recorder/src/app/recorder/dulnan copy 4.vue.git closed
2024-12-23 14:39:03.665 [info] Executing :w
2024-12-23 14:39:07.865 [info] Executing :w
2024-12-23 14:39:09.036 [info] Executing :w
2024-12-23 14:39:21.496 [warning] invalid cursor position. [[2, 16] | [2, 16]].
2024-12-23 14:39:25.156 [info] Executing :s
2024-12-23 14:39:26.338 [info] Executing :w
2024-12-23 14:39:27.370 [info] Active editor: file:///home/arkochan/Repositories/kv-recorder/src/app/recorder/dulnan%20copy%203.vue
2024-12-23 14:39:29.151 [info] Active editor: file:///home/arkochan/Repositories/kv-recorder/src/app/recorder/dulnan%20copy%202.vue
2024-12-23 14:39:29.155 [info] /home/arkochan/Repositories/kv-recorder/src/app/recorder/dulnan copy 3.vue.git closed
2024-12-23 14:39:30.348 [info] Active editor: file:///home/arkochan/Repositories/kv-recorder/src/app/recorder/dulnan%20copy%203.vue
2024-12-23 14:39:30.351 [info] /home/arkochan/Repositories/kv-recorder/src/app/recorder/dulnan copy 2.vue.git closed
2024-12-23 14:39:42.269 [info] Active editor: vscode-userdata:/home/arkochan/.config/Code/User/keybindings.json
2024-12-23 14:39:42.274 [info] /home/arkochan/Repositories/kv-recorder/src/app/recorder/dulnan copy 3.vue.git closed
2024-12-23 14:39:49.949 [info] Active editor: vscode://defaultsettings/keybindings.json
2024-12-23 14:39:57.924 [info] Searching for delete
2024-12-23 14:40:15.139 [info] Searching for explorer
2024-12-23 14:40:31.541 [warning] invalid cursor position. [[1721, 91] | [1721, 91]].
2024-12-23 14:40:33.824 [warning] invalid cursor position. [[1721, 62] | [1721, 62]].
2024-12-23 14:40:40.193 [info] Active editor: vscode-userdata:/home/arkochan/.config/Code/User/keybindings.json
2024-12-23 14:40:54.426 [info] Executing :w
2024-12-23 14:40:56.298 [info] Active editor: file:///home/arkochan/Repositories/kv-recorder/src/app/recorder/dulnan%20copy%203.vue
2024-12-23 14:40:57.503 [info] Active editor: file:///home/arkochan/Repositories/kv-recorder/src/app/recorder/dulnan%20copy%204.vue
2024-12-23 14:40:57.508 [info] /home/arkochan/Repositories/kv-recorder/src/app/recorder/dulnan copy 3.vue.git closed
2024-12-23 14:40:58.621 [info] Active editor: file:///home/arkochan/Repositories/kv-recorder/src/app/recorder/dulnan%20copy.vue
2024-12-23 14:40:58.625 [info] /home/arkochan/Repositories/kv-recorder/src/app/recorder/dulnan copy 4.vue.git closed
2024-12-23 14:40:59.553 [info] Active editor: file:///home/arkochan/Repositories/kv-recorder/src/app/recorder/dulnan%20copy%202.vue
2024-12-23 14:40:59.556 [info] /home/arkochan/Repositories/kv-recorder/src/app/recorder/dulnan copy.vue.git closed
2024-12-23 14:41:00.853 [info] Active editor: vscode-userdata:/home/arkochan/.config/Code/User/keybindings.json
2024-12-23 14:41:00.857 [info] /home/arkochan/Repositories/kv-recorder/src/app/recorder/dulnan copy 2.vue.git closed
2024-12-23 14:41:04.997 [info] Executing :w
2024-12-23 14:41:06.624 [info] Active editor: file:///home/arkochan/Repositories/kv-recorder/src/app/recorder/dulnan%20copy%203.vue
2024-12-23 14:41:07.515 [info] Active editor: file:///home/arkochan/Repositories/kv-recorder/src/app/recorder/dulnan%20copy%202.vue
2024-12-23 14:41:07.518 [info] /home/arkochan/Repositories/kv-recorder/src/app/recorder/dulnan copy 3.vue.git closed
2024-12-23 14:41:08.314 [info] Active editor: file:///home/arkochan/Repositories/kv-recorder/src/app/recorder/dulnan%20copy%203.vue
2024-12-23 14:41:08.318 [info] /home/arkochan/Repositories/kv-recorder/src/app/recorder/dulnan copy 2.vue.git closed
2024-12-23 14:41:08.923 [info] /home/arkochan/Repositories/kv-recorder/src/app/recorder/dulnan copy 3.vue closed
2024-12-23 14:41:08.936 [info] Active editor: file:///home/arkochan/Repositories/kv-recorder/src/app/recorder/dulnan%20copy%202.vue
2024-12-23 14:41:08.941 [info] /home/arkochan/Repositories/kv-recorder/src/app/recorder/dulnan copy 3.vue.git closed
2024-12-23 14:41:09.901 [info] Active editor: file:///home/arkochan/Repositories/kv-recorder/src/app/recorder/dulnan%20copy%204.vue
2024-12-23 14:41:09.905 [info] /home/arkochan/Repositories/kv-recorder/src/app/recorder/dulnan copy 2.vue.git closed
2024-12-23 14:41:10.452 [info] Active editor: file:///home/arkochan/Repositories/kv-recorder/src/app/recorder/dulnan%20copy.vue
2024-12-23 14:41:10.455 [info] /home/arkochan/Repositories/kv-recorder/src/app/recorder/dulnan copy 4.vue.git closed
2024-12-23 14:41:11.065 [info] Active editor: vscode://defaultsettings/keybindings.json
2024-12-23 14:41:11.070 [info] /home/arkochan/Repositories/kv-recorder/src/app/recorder/dulnan copy.vue.git closed
2024-12-23 14:41:12.147 [info] Active editor: vscode-userdata:/home/arkochan/.config/Code/User/keybindings.json
2024-12-23 14:41:15.056 [info] Active editor: file:///home/arkochan/Repositories/kv-recorder/src/app/recorder/dulnan%20copy.vue
2024-12-23 14:41:17.030 [info] Active editor: vscode://defaultsettings/keybindings.json
2024-12-23 14:41:17.034 [info] /home/arkochan/Repositories/kv-recorder/src/app/recorder/dulnan copy.vue.git closed
2024-12-23 14:41:19.320 [info] Active editor: file:///home/arkochan/Repositories/kv-recorder/src/app/recorder/dulnan%20copy%204.vue
2024-12-23 14:41:25.555 [info] Active editor: file:///home/arkochan/Repositories/kv-recorder/src/app/page.tsx
2024-12-23 14:41:25.628 [info] /home/arkochan/Repositories/kv-recorder/src/app/recorder/dulnan copy 4.vue.git closed
2024-12-23 14:41:26.191 [info] Active editor: vscode-userdata:/home/arkochan/.config/Code/User/settings.json
2024-12-23 14:41:26.200 [info] /home/arkochan/Repositories/kv-recorder/src/app/page.tsx.git closed
2024-12-23 14:41:28.952 [info] Active editor: file:///home/arkochan/Repositories/kv-recorder/src/app/recorder/dulnan%20copy%202.vue
2024-12-23 14:41:29.990 [info] Active editor: file:///home/arkochan/Repositories/kv-recorder/src/app/recorder/dulnan%20copy%204.vue
2024-12-23 14:41:29.995 [info] /home/arkochan/Repositories/kv-recorder/src/app/recorder/dulnan copy 2.vue.git closed
2024-12-23 14:41:31.345 [info] Active editor: vscode-userdata:/home/arkochan/.config/Code/User/settings.json
2024-12-23 14:41:31.352 [info] /home/arkochan/Repositories/kv-recorder/src/app/recorder/dulnan copy 4.vue.git closed
2024-12-23 14:41:36.264 [info] Active editor: vscode://defaultsettings/keybindings.json
2024-12-23 14:41:36.807 [info] Active editor: vscode-userdata:/home/arkochan/.config/Code/User/keybindings.json
2024-12-23 14:41:53.286 [warning] invalid cursor position. [[4, 133] | [4, 133]].
2024-12-23 14:41:54.099 [warning] invalid cursor position. [[6, 133] | [6, 133]].
2024-12-23 14:41:54.299 [warning] invalid cursor position. [[7, 133] | [7, 133]].
2024-12-23 14:41:55.828 [warning] invalid cursor position. [[6, 133] | [6, 133]].
2024-12-23 14:42:58.414 [info] Executing :w
2024-12-23 14:42:59.647 [info] Active editor: file:///home/arkochan/Repositories/kv-recorder/src/app/recorder/dulnan%20copy%204.vue
2024-12-23 14:43:00.905 [info] Active editor: file:///home/arkochan/Repositories/kv-recorder/src/app/recorder/dulnan%20copy.vue
2024-12-23 14:43:00.909 [info] /home/arkochan/Repositories/kv-recorder/src/app/recorder/dulnan copy 4.vue.git closed
2024-12-23 14:43:02.840 [info] Active editor: file:///home/arkochan/Repositories/kv-recorder/src/app/recorder/dulnan%20copy%204.vue
2024-12-23 14:43:02.844 [info] /home/arkochan/Repositories/kv-recorder/src/app/recorder/dulnan copy.vue.git closed
2024-12-23 14:43:04.021 [info] Active editor: file:///home/arkochan/Repositories/kv-recorder/src/app/recorder/dulnan%20copy%202.vue
2024-12-23 14:43:04.025 [info] /home/arkochan/Repositories/kv-recorder/src/app/recorder/dulnan copy 4.vue.git closed
2024-12-23 14:43:08.432 [info] Active editor: file:///home/arkochan/Repositories/kv-recorder/src/app/recorder/dulnan%20copy%204.vue
2024-12-23 14:43:08.435 [info] /home/arkochan/Repositories/kv-recorder/src/app/recorder/dulnan copy 2.vue.git closed
2024-12-23 14:43:14.772 [info] Active editor: file:///home/arkochan/Repositories/kv-recorder/src/app/recorder/dulnan%20copy%205.vue
2024-12-23 14:43:14.779 [info] /home/arkochan/Repositories/kv-recorder/src/app/recorder/dulnan copy 4.vue.git closed
2024-12-23 14:43:16.883 [info] Active editor: vscode-userdata:/home/arkochan/.config/Code/User/keybindings.json
2024-12-23 14:43:16.887 [info] /home/arkochan/Repositories/kv-recorder/src/app/recorder/dulnan copy 5.vue.git closed
2024-12-23 14:43:39.729 [info] Executing :w
2024-12-23 14:43:40.759 [warning] invalid cursor position. [[22, 16] | [22, 16]].
2024-12-23 14:43:40.944 [warning] invalid cursor position. [[21, 16] | [21, 16]].
2024-12-23 14:43:41.202 [warning] invalid cursor position. [[21, 16] | [21, 16]].
2024-12-23 14:43:41.373 [warning] invalid cursor position. [[22, 16] | [22, 16]].
2024-12-23 14:43:42.102 [warning] invalid cursor position. [[26, 16] | [26, 16]].
2024-12-23 14:43:42.887 [warning] invalid cursor position. [[22, 16] | [22, 16]].
2024-12-23 14:43:43.101 [warning] invalid cursor position. [[21, 16] | [21, 16]].
2024-12-23 14:43:43.575 [warning] invalid cursor position. [[21, 16] | [21, 16]].
2024-12-23 14:43:43.830 [warning] invalid cursor position. [[21, 16] | [21, 16]].
2024-12-23 14:43:44.016 [warning] invalid cursor position. [[21, 16] | [21, 16]].
2024-12-23 14:43:44.417 [warning] invalid cursor position. [[21, 16] | [21, 16]].
2024-12-23 14:43:44.658 [warning] invalid cursor position. [[21, 16] | [21, 16]].
2024-12-23 14:43:44.844 [warning] invalid cursor position. [[22, 16] | [22, 16]].
2024-12-23 14:43:45.700 [info] Executing :w
2024-12-23 14:43:47.733 [warning] invalid cursor position. [[22, 16] | [22, 16]].
2024-12-23 14:43:47.964 [warning] invalid cursor position. [[22, 16] | [22, 16]].
2024-12-23 14:43:48.203 [warning] invalid cursor position. [[22, 16] | [22, 16]].
2024-12-23 14:43:48.431 [warning] invalid cursor position. [[22, 16] | [22, 16]].
2024-12-23 14:43:50.581 [info] Active editor: file:///home/arkochan/Repositories/kv-recorder/src/app/recorder/dulnan%20copy%205.vue
2024-12-23 14:43:53.884 [info] Active editor: file:///home/arkochan/Repositories/kv-recorder/src/app/recorder/dulnan%20copy.vue
2024-12-23 14:43:53.890 [info] /home/arkochan/Repositories/kv-recorder/src/app/recorder/dulnan copy 5.vue.git closed
2024-12-23 14:43:54.353 [info] Active editor: file:///home/arkochan/Repositories/kv-recorder/src/app/recorder/dulnan%20copy%204.vue
2024-12-23 14:43:54.357 [info] /home/arkochan/Repositories/kv-recorder/src/app/recorder/dulnan copy.vue.git closed
2024-12-23 14:43:54.853 [info] Active editor: file:///home/arkochan/Repositories/kv-recorder/src/app/recorder/dulnan%20copy%205.vue
2024-12-23 14:43:54.856 [info] /home/arkochan/Repositories/kv-recorder/src/app/recorder/dulnan copy 4.vue.git closed
2024-12-23 14:43:55.238 [info] Active editor: vscode-userdata:/home/arkochan/.config/Code/User/keybindings.json
2024-12-23 14:43:55.242 [info] /home/arkochan/Repositories/kv-recorder/src/app/recorder/dulnan copy 5.vue.git closed
2024-12-23 14:43:59.053 [info] Active editor: file:///home/arkochan/Repositories/kv-recorder/src/app/recorder/dulnan%20copy%205.vue
2024-12-23 14:44:03.404 [info] Active editor: vscode-userdata:/home/arkochan/.config/Code/User/keybindings.json
2024-12-23 14:44:03.408 [info] /home/arkochan/Repositories/kv-recorder/src/app/recorder/dulnan copy 5.vue.git closed
2024-12-23 14:44:12.586 [info] Executing :w
2024-12-23 14:44:14.104 [info] Active editor: file:///home/arkochan/Repositories/kv-recorder/src/app/recorder/dulnan%20copy%205.vue
2024-12-23 14:44:15.293 [info] Active editor: file:///home/arkochan/Repositories/kv-recorder/src/app/recorder/dulnan%20copy%206.vue
2024-12-23 14:44:15.299 [info] /home/arkochan/Repositories/kv-recorder/src/app/recorder/dulnan copy 5.vue.git closed
2024-12-23 14:44:15.840 [info] Active editor: file:///home/arkochan/Repositories/kv-recorder/src/app/recorder/dulnan%20copy%207.vue
2024-12-23 14:44:15.846 [info] /home/arkochan/Repositories/kv-recorder/src/app/recorder/dulnan copy 6.vue.git closed
2024-12-23 14:44:19.092 [info] /home/arkochan/Repositories/kv-recorder/src/app/recorder/dulnan copy 4.vue closed
2024-12-23 14:44:19.257 [info] /home/arkochan/Repositories/kv-recorder/src/app/recorder/dulnan copy 5.vue closed
2024-12-23 14:44:19.410 [info] /home/arkochan/Repositories/kv-recorder/src/app/recorder/dulnan copy 6.vue closed
2024-12-23 14:44:19.569 [info] /home/arkochan/Repositories/kv-recorder/src/app/recorder/dulnan copy 7.vue closed
2024-12-23 14:44:19.571 [info] Active editor: vscode-userdata:/home/arkochan/.config/Code/User/keybindings.json
2024-12-23 14:44:19.578 [info] /home/arkochan/Repositories/kv-recorder/src/app/recorder/dulnan copy 7.vue.git closed
2024-12-23 14:44:32.731 [info] Executing :w
2024-12-23 14:44:33.882 [info] /keybindings.json closed
2024-12-23 14:44:33.893 [info] Active editor: file:///home/arkochan/Repositories/kv-recorder/src/app/recorder/dulnan%20copy%206.vue
2024-12-23 14:44:35.708 [info] /home/arkochan/Repositories/kv-recorder/src/app/recorder/dulnan copy 6.vue closed
2024-12-23 14:44:35.714 [info] Active editor: file:///home/arkochan/Repositories/kv-recorder/src/app/recorder/dulnan%20copy%205.vue
2024-12-23 14:44:35.718 [info] /home/arkochan/Repositories/kv-recorder/src/app/recorder/dulnan copy 6.vue.git closed
2024-12-23 14:44:36.862 [info] /home/arkochan/Repositories/kv-recorder/src/app/recorder/dulnan copy 5.vue closed
2024-12-23 14:44:36.868 [info] Active editor: file:///home/arkochan/Repositories/kv-recorder/src/app/recorder/dulnan%20copy%206.vue
2024-12-23 14:44:36.873 [info] /home/arkochan/Repositories/kv-recorder/src/app/recorder/dulnan copy 5.vue.git closed
2024-12-23 14:44:37.903 [info] /home/arkochan/Repositories/kv-recorder/src/app/recorder/dulnan copy 6.vue closed
2024-12-23 14:44:37.911 [info] Active editor: file:///home/arkochan/Repositories/kv-recorder/src/app/recorder/dulnan%20copy%205.vue
2024-12-23 14:44:37.922 [info] /home/arkochan/Repositories/kv-recorder/src/app/recorder/dulnan copy 6.vue.git closed
2024-12-23 14:44:39.527 [info] Active editor: vscode-userdata:/home/arkochan/.config/Code/User/settings.json
2024-12-23 14:44:39.534 [info] /home/arkochan/Repositories/kv-recorder/src/app/recorder/dulnan copy 5.vue.git closed
2024-12-23 14:44:45.468 [info] Active editor: vscode-userdata:/home/arkochan/.config/Code/User/keybindings.json
2024-12-23 14:44:46.805 [warning] invalid cursor position. [[12, 16] | [12, 16]].
2024-12-23 14:45:00.109 [info] Active editor: vscode-userdata:/home/arkochan/.config/Code/User/settings.json
2024-12-23 14:45:01.416 [info] /home/arkochan/.config/Code/User/settings.json closed
2024-12-23 14:45:01.418 [info] Active editor: vscode-userdata:/home/arkochan/.config/Code/User/keybindings.json
2024-12-23 14:45:08.991 [info] /home/arkochan/Repositories/kv-recorder/src/app/recorder/dulnan copy 5.vue closed
2024-12-23 14:45:09.003 [info] Active editor: vscode://defaultsettings/keybindings.json
2024-12-23 14:45:24.863 [info] Active editor: vscode-userdata:/home/arkochan/.config/Code/User/keybindings.json
2024-12-23 14:45:26.505 [warning] invalid cursor position. [[13, 22] | [13, 22]].
2024-12-23 14:45:26.703 [warning] invalid cursor position. [[12, 22] | [12, 22]].
2024-12-23 14:45:26.859 [warning] invalid cursor position. [[11, 22] | [11, 22]].
2024-12-23 14:45:27.289 [warning] invalid cursor position. [[8, 22] | [8, 22]].
2024-12-23 14:45:27.445 [warning] invalid cursor position. [[7, 22] | [7, 22]].
2024-12-23 14:45:27.603 [warning] invalid cursor position. [[6, 22] | [6, 22]].
2024-12-23 14:45:33.630 [info] Executing :w
2024-12-23 14:45:41.189 [warning] invalid cursor position. [[1, 5] | [1, 5]].
2024-12-23 14:45:41.875 [warning] invalid cursor position. [[1, 5] | [1, 5]].
2024-12-23 14:45:46.760 [info] Executing :w
2024-12-23 14:45:48.306 [info] /keybindings.json closed
2024-12-23 14:45:48.315 [info] Active editor: file:///home/arkochan/Repositories/kv-recorder/src/app/recorder/dulnan%20copy%204.vue
2024-12-23 14:45:49.592 [info] /home/arkochan/Repositories/kv-recorder/src/app/recorder/dulnan copy 4.vue closed
2024-12-23 14:45:49.600 [info] Active editor: file:///home/arkochan/Repositories/kv-recorder/src/app/recorder/dulnan%20copy%205.vue
2024-12-23 14:45:49.604 [info] /home/arkochan/Repositories/kv-recorder/src/app/recorder/dulnan copy 4.vue.git closed
2024-12-23 14:45:50.439 [info] /home/arkochan/Repositories/kv-recorder/src/app/recorder/dulnan copy 5.vue closed
2024-12-23 14:45:50.446 [info] Active editor: file:///home/arkochan/Repositories/kv-recorder/src/app/recorder/dulnan%20copy%204.vue
2024-12-23 14:45:50.453 [info] /home/arkochan/Repositories/kv-recorder/src/app/recorder/dulnan copy 5.vue.git closed
2024-12-23 14:45:50.904 [info] Active editor: file:///home/arkochan/Repositories/kv-recorder/src/app/recorder/dulnan%20copy%202.vue
2024-12-23 14:45:50.908 [info] /home/arkochan/Repositories/kv-recorder/src/app/recorder/dulnan copy 4.vue.git closed
2024-12-23 14:45:51.645 [info] /home/arkochan/Repositories/kv-recorder/src/app/recorder/dulnan copy 2.vue closed
2024-12-23 14:45:51.657 [info] Active editor: file:///home/arkochan/Repositories/kv-recorder/src/app/recorder/dulnan%20copy%204.vue
2024-12-23 14:45:51.661 [info] /home/arkochan/Repositories/kv-recorder/src/app/recorder/dulnan copy 2.vue.git closed
2024-12-23 14:45:52.605 [info] /home/arkochan/Repositories/kv-recorder/src/app/recorder/dulnan copy 4.vue closed
2024-12-23 14:45:52.613 [info] Active editor: file:///home/arkochan/Repositories/kv-recorder/src/app/recorder/page.tsx
2024-12-23 14:45:52.720 [info] /home/arkochan/Repositories/kv-recorder/src/app/recorder/dulnan copy 4.vue.git closed
2024-12-23 14:45:53.021 [info] Active editor: file:///home/arkochan/Repositories/kv-recorder/src/app/recorder/dulnan%20copy.vue
2024-12-23 14:45:53.024 [info] /home/arkochan/Repositories/kv-recorder/src/app/recorder/page.tsx.git closed
2024-12-23 14:45:53.788 [info] /home/arkochan/Repositories/kv-recorder/src/app/recorder/dulnan copy.vue closed
2024-12-23 14:45:53.800 [info] Active editor: file:///home/arkochan/Repositories/kv-recorder/src/app/recorder/page.tsx
2024-12-23 14:45:53.804 [info] /home/arkochan/Repositories/kv-recorder/src/app/recorder/dulnan copy.vue.git closed
2024-12-23 14:45:54.495 [info] /home/arkochan/Repositories/kv-recorder/src/app/recorder/page.tsx closed
2024-12-23 14:45:54.500 [info] Active editor: file:///home/arkochan/Repositories/kv-recorder/src/app/recorder/dulnan%20copy%207.vue
2024-12-23 14:45:54.505 [info] /home/arkochan/Repositories/kv-recorder/src/app/recorder/page.tsx.git closed
2024-12-23 14:45:54.870 [info] /home/arkochan/Repositories/kv-recorder/src/app/recorder/dulnan copy 7.vue closed
2024-12-23 14:45:54.880 [info] Active editor: vscode-userdata:/home/arkochan/.config/Code/User/keybindings.json
2024-12-23 14:45:54.884 [info] /home/arkochan/Repositories/kv-recorder/src/app/recorder/dulnan copy 7.vue.git closed
2024-12-23 14:45:55.594 [info] Active editor: file:///home/arkochan/Repositories/kv-recorder/src/app/recorder/dulnan%20copy%206.vue
2024-12-23 14:45:56.006 [info] /home/arkochan/Repositories/kv-recorder/src/app/recorder/dulnan copy 6.vue closed
2024-12-23 14:45:56.013 [info] Active editor: file:///home/arkochan/Repositories/kv-recorder/src/app/recorder/dulnan%20copy%204.vue
2024-12-23 14:45:56.016 [info] /home/arkochan/Repositories/kv-recorder/src/app/recorder/dulnan copy 6.vue.git closed
2024-12-23 14:45:56.946 [info] Active editor: file:///home/arkochan/Repositories/kv-recorder/src/app/page.tsx
2024-12-23 14:45:56.950 [info] /home/arkochan/Repositories/kv-recorder/src/app/recorder/dulnan copy 4.vue.git closed
2024-12-23 14:45:58.495 [info] Active editor: vscode-userdata:/home/arkochan/.config/Code/User/keybindings.json
2024-12-23 14:45:58.498 [info] /home/arkochan/Repositories/kv-recorder/src/app/page.tsx.git closed
2024-12-23 14:46:03.024 [info] /home/arkochan/Repositories/kv-recorder/src/app/recorder/dulnan copy 4.vue closed
2024-12-23 14:46:03.029 [info] Active editor: file:///home/arkochan/Repositories/kv-recorder/src/app/recorder/dulnan%20copy%206.vue
2024-12-23 14:46:04.599 [info] /home/arkochan/Repositories/kv-recorder/src/app/recorder/dulnan copy 6.vue closed
2024-12-23 14:46:04.608 [info] Active editor: file:///home/arkochan/Repositories/kv-recorder/src/app/recorder/page.tsx
2024-12-23 14:46:04.619 [info] /home/arkochan/Repositories/kv-recorder/src/app/recorder/dulnan copy 6.vue.git closed
2024-12-23 14:46:16.943 [info] /home/arkochan/Repositories/kv-recorder/src/app/recorder/page.tsx.git closed
2024-12-23 14:47:18.143 [info] /home/arkochan/Repositories/kv-recorder/src/app/recorder/page.tsx closed
2024-12-23 14:47:18.151 [info] Active editor: file:///home/arkochan/Repositories/kv-recorder/src/app/recorder/dulnan%20copy%205.vue
2024-12-23 14:47:19.271 [info] /home/arkochan/Repositories/kv-recorder/src/app/recorder/dulnan copy 5.vue closed
2024-12-23 14:47:19.278 [info] Active editor: file:///home/arkochan/Repositories/kv-recorder/src/app/recorder/dulnan%20copy%206.vue
2024-12-23 14:47:19.282 [info] /home/arkochan/Repositories/kv-recorder/src/app/recorder/dulnan copy 5.vue.git closed
2024-12-23 14:47:20.021 [info] /home/arkochan/Repositories/kv-recorder/src/app/recorder/dulnan copy 6.vue closed
2024-12-23 14:47:20.028 [info] Active editor: file:///home/arkochan/Repositories/kv-recorder/src/app/recorder/dulnan%20copy%205.vue
2024-12-23 14:47:20.035 [info] /home/arkochan/Repositories/kv-recorder/src/app/recorder/dulnan copy 6.vue.git closed
2024-12-23 14:47:22.303 [info] Active editor: file:///home/arkochan/Repositories/kv-recorder/src/app/recorder/dulnan%20copy%204.vue
2024-12-23 14:47:22.307 [info] /home/arkochan/Repositories/kv-recorder/src/app/recorder/dulnan copy 5.vue.git closed
2024-12-23 14:47:22.832 [warning] Current window is not active
2024-12-23 14:47:22.844 [info] Active editor: file:///home/arkochan/Repositories/kv-recorder/src/app/recorder/dulnan%20copy%205.vue
2024-12-23 14:47:22.847 [info] /home/arkochan/Repositories/kv-recorder/src/app/recorder/dulnan copy 4.vue.git closed
2024-12-23 14:47:23.249 [info] Active editor: file:///home/arkochan/Repositories/kv-recorder/src/app/recorder/dulnan%20copy%204.vue
2024-12-23 14:47:23.253 [info] /home/arkochan/Repositories/kv-recorder/src/app/recorder/dulnan copy 5.vue.git closed
2024-12-23 14:47:23.631 [info] Active editor: file:///home/arkochan/Repositories/kv-recorder/src/app/recorder/dulnan%20copy%205.vue
2024-12-23 14:47:23.635 [info] /home/arkochan/Repositories/kv-recorder/src/app/recorder/dulnan copy 4.vue.git closed
2024-12-23 14:47:23.992 [info] /home/arkochan/Repositories/kv-recorder/src/app/recorder/dulnan copy 4.vue closed
2024-12-23 14:47:23.997 [info] Active editor: file:///home/arkochan/Repositories/kv-recorder/src/app/recorder/dulnan%20copy%206.vue
2024-12-23 14:47:24.002 [info] /home/arkochan/Repositories/kv-recorder/src/app/recorder/dulnan copy 5.vue.git closed
2024-12-23 14:47:24.330 [info] Active editor: file:///home/arkochan/Repositories/kv-recorder/src/app/recorder/dulnan%20copy%205.vue
2024-12-23 14:47:24.333 [info] /home/arkochan/Repositories/kv-recorder/src/app/recorder/dulnan copy 6.vue.git closed
2024-12-23 14:47:24.607 [info] /home/arkochan/Repositories/kv-recorder/src/app/recorder/dulnan copy 6.vue closed
2024-12-23 14:47:24.614 [info] Active editor: file:///home/arkochan/Repositories/kv-recorder/src/app/recorder/dulnan%20copy%204.vue
2024-12-23 14:47:24.618 [info] /home/arkochan/Repositories/kv-recorder/src/app/recorder/dulnan copy 5.vue.git closed
2024-12-23 14:47:24.938 [info] Active editor: file:///home/arkochan/Repositories/kv-recorder/src/app/recorder/dulnan%20copy%205.vue
2024-12-23 14:47:24.942 [info] /home/arkochan/Repositories/kv-recorder/src/app/recorder/dulnan copy 4.vue.git closed
2024-12-23 14:47:25.272 [info] Active editor: file:///home/arkochan/Repositories/kv-recorder/src/app/recorder/dulnan%20copy%204.vue
2024-12-23 14:47:25.276 [info] /home/arkochan/Repositories/kv-recorder/src/app/recorder/dulnan copy 5.vue.git closed
2024-12-23 14:47:25.583 [info] Active editor: file:///home/arkochan/Repositories/kv-recorder/src/app/recorder/dulnan%20copy%205.vue
2024-12-23 14:47:25.587 [info] /home/arkochan/Repositories/kv-recorder/src/app/recorder/dulnan copy 4.vue.git closed
2024-12-23 14:47:25.962 [info] /home/arkochan/Repositories/kv-recorder/src/app/recorder/dulnan copy 4.vue closed
2024-12-23 14:47:25.967 [info] Active editor: file:///home/arkochan/Repositories/kv-recorder/src/app/recorder/dulnan%20copy%206.vue
2024-12-23 14:47:25.972 [info] /home/arkochan/Repositories/kv-recorder/src/app/recorder/dulnan copy 5.vue.git closed
2024-12-23 14:47:26.329 [info] Active editor: file:///home/arkochan/Repositories/kv-recorder/src/app/recorder/dulnan%20copy%205.vue
2024-12-23 14:47:26.332 [info] /home/arkochan/Repositories/kv-recorder/src/app/recorder/dulnan copy 6.vue.git closed
2024-12-23 14:47:26.581 [info] /home/arkochan/Repositories/kv-recorder/src/app/recorder/dulnan copy 6.vue closed
2024-12-23 14:47:26.590 [info] Active editor: file:///home/arkochan/Repositories/kv-recorder/src/app/recorder/dulnan%20copy%204.vue
2024-12-23 14:47:26.594 [info] /home/arkochan/Repositories/kv-recorder/src/app/recorder/dulnan copy 5.vue.git closed
2024-12-23 14:47:29.519 [info] /home/arkochan/Repositories/kv-recorder/src/app/recorder/dulnan copy 4.vue.git closed
2024-12-23 14:47:36.970 [info] Active editor: file:///home/arkochan/Repositories/kv-recorder/src/app/recorder/dulnan%20copy%205.vue
2024-12-23 14:47:38.120 [info] Active editor: file:///home/arkochan/Repositories/kv-recorder/src/app/recorder/dulnan%20copy%204.vue
2024-12-23 14:47:38.125 [info] /home/arkochan/Repositories/kv-recorder/src/app/recorder/dulnan copy 5.vue.git closed
2024-12-23 14:47:38.896 [info] Active editor: file:///home/arkochan/Repositories/kv-recorder/src/app/recorder/dulnan%20copy%205.vue
2024-12-23 14:47:38.899 [info] /home/arkochan/Repositories/kv-recorder/src/app/recorder/dulnan copy 4.vue.git closed
2024-12-23 14:47:39.517 [info] Active editor: file:///home/arkochan/Repositories/kv-recorder/src/app/recorder/dulnan%20copy%204.vue
2024-12-23 14:47:39.521 [info] /home/arkochan/Repositories/kv-recorder/src/app/recorder/dulnan copy 5.vue.git closed
2024-12-23 14:47:40.138 [info] Active editor: file:///home/arkochan/Repositories/kv-recorder/src/app/recorder/dulnan%20copy%205.vue
2024-12-23 14:47:40.142 [info] /home/arkochan/Repositories/kv-recorder/src/app/recorder/dulnan copy 4.vue.git closed
2024-12-23 14:47:43.476 [info] Active editor: file:///home/arkochan/Repositories/kv-recorder/src/app/recorder/dulnan%20copy%204.vue
2024-12-23 14:47:43.480 [info] /home/arkochan/Repositories/kv-recorder/src/app/recorder/dulnan copy 5.vue.git closed
2024-12-23 14:47:44.440 [info] Active editor: file:///home/arkochan/Repositories/kv-recorder/src/app/recorder/dulnan%20copy%205.vue
2024-12-23 14:47:44.443 [info] /home/arkochan/Repositories/kv-recorder/src/app/recorder/dulnan copy 4.vue.git closed
2024-12-23 14:47:50.054 [info] Active editor: file:///home/arkochan/Repositories/kv-recorder/src/app/recorder/dulnan%20copy%204.vue
2024-12-23 14:47:50.058 [info] /home/arkochan/Repositories/kv-recorder/src/app/recorder/dulnan copy 5.vue.git closed
2024-12-23 14:47:52.143 [info] Active editor: file:///home/arkochan/Repositories/kv-recorder/src/app/recorder/dulnan%20copy%205.vue
2024-12-23 14:47:52.148 [info] /home/arkochan/Repositories/kv-recorder/src/app/recorder/dulnan copy 4.vue.git closed
2024-12-23 14:47:52.728 [info] Active editor: file:///home/arkochan/Repositories/kv-recorder/src/app/recorder/dulnan%20copy%204.vue
2024-12-23 14:47:52.733 [info] /home/arkochan/Repositories/kv-recorder/src/app/recorder/dulnan copy 5.vue.git closed
2024-12-23 14:47:53.293 [info] Active editor: file:///home/arkochan/Repositories/kv-recorder/src/app/recorder/dulnan%20copy%205.vue
2024-12-23 14:47:53.297 [info] /home/arkochan/Repositories/kv-recorder/src/app/recorder/dulnan copy 4.vue.git closed
2024-12-23 14:47:58.787 [info] /home/arkochan/Repositories/kv-recorder/src/app/recorder/dulnan copy 5.vue.git closed
2024-12-23 14:48:14.423 [info] Active editor: file:///home/arkochan/Repositories/kv-recorder/src/app/recorder/dulnan%20copy%204.vue
2024-12-23 14:48:15.096 [info] Active editor: file:///home/arkochan/Repositories/kv-recorder/src/app/recorder/dulnan%20copy%205.vue
2024-12-23 14:48:15.100 [info] /home/arkochan/Repositories/kv-recorder/src/app/recorder/dulnan copy 4.vue.git closed
2024-12-23 14:48:16.673 [info] Active editor: vscode-userdata:/home/arkochan/.config/Code/User/keybindings.json
2024-12-23 14:48:16.677 [info] /home/arkochan/Repositories/kv-recorder/src/app/recorder/dulnan copy 5.vue.git closed
2024-12-23 14:48:19.334 [warning] invalid cursor position. [[6, 17] | [6, 17]].
2024-12-23 14:48:46.662 [info] Executing :w
2024-12-23 14:48:47.764 [warning] invalid cursor position. [[6, 29] | [6, 29]].
2024-12-23 14:48:47.803 [warning] invalid cursor position. [[7, 29] | [7, 29]].
2024-12-23 14:48:47.842 [warning] invalid cursor position. [[8, 29] | [8, 29]].
2024-12-23 14:48:47.963 [warning] invalid cursor position. [[11, 29] | [11, 29]].
2024-12-23 14:48:48.001 [warning] invalid cursor position. [[12, 29] | [12, 29]].
2024-12-23 14:48:48.121 [warning] invalid cursor position. [[11, 29] | [11, 29]].
2024-12-23 14:48:48.664 [warning] invalid cursor position. [[8, 29] | [8, 29]].
2024-12-23 14:48:48.849 [warning] invalid cursor position. [[7, 29] | [7, 29]].
2024-12-23 14:48:48.992 [warning] invalid cursor position. [[6, 29] | [6, 29]].
2024-12-23 14:48:58.685 [info] Active editor: file:///home/arkochan/Repositories/kv-recorder/src/app/recorder/dulnan%20copy%205.vue
2024-12-23 14:48:59.660 [info] /home/arkochan/Repositories/kv-recorder/src/app/recorder/dulnan copy 5.vue.git closed
2024-12-23 14:48:59.985 [info] Active editor: vscode-userdata:/home/arkochan/.config/Code/User/keybindings.json
2024-12-23 14:49:01.377 [info] Executing :w
2024-12-23 14:49:02.467 [info] /home/arkochan/Repositories/kv-recorder/src/app/recorder/dulnan copy 4.vue closed
2024-12-23 14:49:02.475 [info] Active editor: file:///home/arkochan/Repositories/kv-recorder/src/app/recorder/dulnan%20copy%206.vue
2024-12-23 14:49:04.819 [info] /home/arkochan/Repositories/kv-recorder/src/app/recorder/dulnan copy 6.vue closed
2024-12-23 14:49:04.830 [info] Active editor: vscode-userdata:/home/arkochan/.config/Code/User/keybindings.json
2024-12-23 14:49:04.834 [info] /home/arkochan/Repositories/kv-recorder/src/app/recorder/dulnan copy 6.vue.git closed
2024-12-23 14:49:05.514 [info] Active editor: file:///home/arkochan/Repositories/kv-recorder/src/app/recorder/dulnan%20copy%205.vue
2024-12-23 14:49:13.143 [info] /home/arkochan/Repositories/kv-recorder/src/app/recorder/dulnan copy 5.vue closed
2024-12-23 14:49:13.164 [info] Active editor: vscode-userdata:/home/arkochan/.config/Code/User/keybindings.json
2024-12-23 14:49:13.169 [info] /home/arkochan/Repositories/kv-recorder/src/app/recorder/dulnan copy 5.vue.git closed
2024-12-23 14:49:13.833 [info] Active editor: file:///home/arkochan/Repositories/kv-recorder/src/app/recorder/dulnan%20copy%204.vue
2024-12-23 14:49:15.171 [info] /home/arkochan/Repositories/kv-recorder/src/app/recorder/dulnan copy 4.vue closed
2024-12-23 14:49:15.177 [info] Active editor: file:///home/arkochan/Repositories/kv-recorder/src/app/recorder/page.tsx
2024-12-23 14:49:15.185 [info] /home/arkochan/Repositories/kv-recorder/src/app/recorder/dulnan copy 4.vue.git closed
2024-12-23 14:49:15.593 [info] /home/arkochan/Repositories/kv-recorder/src/app/recorder/page.tsx closed
2024-12-23 14:49:15.600 [info] Active editor: file:///home/arkochan/Repositories/kv-recorder/src/app/recorder/dulnan%20copy%204.vue
2024-12-23 14:49:15.605 [info] /home/arkochan/Repositories/kv-recorder/src/app/recorder/page.tsx.git closed
2024-12-23 14:49:17.110 [info] /home/arkochan/Repositories/kv-recorder/src/app/recorder/dulnan copy 4.vue.git closed
2024-12-23 14:49:19.522 [info] Active editor: file:///home/arkochan/Repositories/kv-recorder/src/app/page.tsx
2024-12-23 14:49:20.513 [info] /home/arkochan/Repositories/kv-recorder/src/app/page.tsx.git closed
2024-12-23 14:49:22.389 [info] Active editor: file:///home/arkochan/Repositories/kv-recorder/src/app/recorder/dulnan%20copy%204.vue
2024-12-23 14:49:27.473 [info] /home/arkochan/Repositories/kv-recorder/src/app/recorder/dulnan copy 4.vue closed
2024-12-23 14:49:27.501 [info] /home/arkochan/Repositories/kv-recorder/src/app/recorder/dulnan copy 4.vue.git closed
2024-12-23 14:49:30.115 [info] Active editor: file:///home/arkochan/Repositories/kv-recorder/src/app/recorder/page.tsx
2024-12-23 14:49:32.511 [info] Active editor: file:///home/arkochan/Repositories/kv-recorder/src/app/recorder/page%20copy.tsx
2024-12-23 14:49:32.516 [info] /home/arkochan/Repositories/kv-recorder/src/app/recorder/page.tsx.git closed
2024-12-23 14:49:32.740 [info] Active editor: file:///home/arkochan/Repositories/kv-recorder/src/app/recorder/page%20copy%202.tsx
2024-12-23 14:49:32.744 [info] /home/arkochan/Repositories/kv-recorder/src/app/recorder/page copy.tsx.git closed
2024-12-23 14:49:32.895 [info] Active editor: file:///home/arkochan/Repositories/kv-recorder/src/app/recorder/page%20copy%203.tsx
2024-12-23 14:49:33.094 [info] Active editor: file:///home/arkochan/Repositories/kv-recorder/src/app/recorder/page%20copy%204.tsx
2024-12-23 14:49:33.310 [info] Active editor: file:///home/arkochan/Repositories/kv-recorder/src/app/recorder/page%20copy%205.tsx
2024-12-23 14:49:33.332 [info] /home/arkochan/Repositories/kv-recorder/src/app/recorder/page copy 4.tsx.git closed
2024-12-23 14:49:33.500 [info] Active editor: file:///home/arkochan/Repositories/kv-recorder/src/app/recorder/page%20copy%206.tsx
2024-12-23 14:49:34.475 [info] Active editor: file:///home/arkochan/Repositories/kv-recorder/src/app/recorder/page%20copy%203.tsx
2024-12-23 14:49:34.477 [info] /home/arkochan/Repositories/kv-recorder/src/app/recorder/page copy 6.tsx.git closed
2024-12-23 14:49:34.954 [info] Active editor: file:///home/arkochan/Repositories/kv-recorder/src/app/recorder/page%20copy%202.tsx
2024-12-23 14:49:34.957 [info] /home/arkochan/Repositories/kv-recorder/src/app/recorder/page copy 3.tsx.git closed
2024-12-23 14:49:40.040 [info] Active editor: file:///home/arkochan/Repositories/kv-recorder/src/app/recorder/page%20copy%203.tsx
2024-12-23 14:49:40.043 [info] /home/arkochan/Repositories/kv-recorder/src/app/recorder/page copy 2.tsx.git closed
2024-12-23 14:49:41.240 [info] Active editor: file:///home/arkochan/Repositories/kv-recorder/src/app/recorder/page%20copy%202.tsx
2024-12-23 14:49:41.243 [info] /home/arkochan/Repositories/kv-recorder/src/app/recorder/page copy 3.tsx.git closed
2024-12-23 14:49:41.787 [info] Active editor: file:///home/arkochan/Repositories/kv-recorder/src/app/recorder/page%20copy.tsx
2024-12-23 14:49:41.789 [info] /home/arkochan/Repositories/kv-recorder/src/app/recorder/page copy 2.tsx.git closed
2024-12-23 14:49:44.646 [info] Active editor: vscode-userdata:/home/arkochan/.config/Code/User/keybindings.json
2024-12-23 14:49:44.650 [info] /home/arkochan/Repositories/kv-recorder/src/app/recorder/page copy.tsx.git closed
2024-12-23 14:49:51.235 [info] Executing :w
2024-12-23 14:49:52.340 [info] Active editor: file:///home/arkochan/Repositories/kv-recorder/src/app/recorder/page%20copy%206.tsx
2024-12-23 14:49:53.593 [info] Active editor: file:///home/arkochan/Repositories/kv-recorder/src/app/recorder/page%20copy%205.tsx
2024-12-23 14:49:53.596 [info] /home/arkochan/Repositories/kv-recorder/src/app/recorder/page copy 6.tsx.git closed
2024-12-23 14:49:54.196 [info] Active editor: file:///home/arkochan/Repositories/kv-recorder/src/app/recorder/page%20copy%206.tsx
2024-12-23 14:49:54.199 [info] /home/arkochan/Repositories/kv-recorder/src/app/recorder/page copy 5.tsx.git closed
2024-12-23 14:49:54.476 [info] Active editor: file:///home/arkochan/Repositories/kv-recorder/src/app/recorder/page%20copy.tsx
2024-12-23 14:49:54.479 [info] /home/arkochan/Repositories/kv-recorder/src/app/recorder/page copy 6.tsx.git closed
2024-12-23 14:49:54.811 [info] Active editor: file:///home/arkochan/Repositories/kv-recorder/src/app/recorder/page.tsx
2024-12-23 14:49:54.814 [info] /home/arkochan/Repositories/kv-recorder/src/app/recorder/page copy.tsx.git closed
2024-12-23 14:49:57.674 [info] /home/arkochan/Repositories/kv-recorder/src/app/recorder/page.tsx.git closed
2024-12-23 14:50:00.578 [info] Active editor: vscode-userdata:/home/arkochan/.config/Code/User/keybindings.json
2024-12-23 14:50:08.390 [info] Active editor: vscode-userdata:/home/arkochan/.config/Code/User/keybindings.json
2024-12-23 14:50:13.607 [info] Executing :w
2024-12-23 14:50:14.952 [warning] invalid cursor position. [[13, 29] | [13, 29]].
2024-12-23 14:50:18.504 [info] Active editor: file:///home/arkochan/Repositories/kv-recorder/src/app/recorder/page.tsx
2024-12-23 14:50:24.815 [info] Active editor: file:///home/arkochan/Repositories/kv-recorder/src/app/recorder/page%20copy.tsx
2024-12-23 14:50:24.820 [info] /home/arkochan/Repositories/kv-recorder/src/app/recorder/page.tsx.git closed
2024-12-23 14:50:25.986 [info] Active editor: file:///home/arkochan/Repositories/kv-recorder/src/app/recorder/page%20copy%205.tsx
2024-12-23 14:50:25.991 [info] /home/arkochan/Repositories/kv-recorder/src/app/recorder/page copy.tsx.git closed
2024-12-23 14:50:27.687 [info] Active editor: file:///home/arkochan/Repositories/kv-recorder/src/app/recorder/page%20copy%202.tsx
2024-12-23 14:50:27.689 [info] /home/arkochan/Repositories/kv-recorder/src/app/recorder/page copy 5.tsx.git closed
2024-12-23 14:50:32.722 [info] Active editor: file:///home/arkochan/Repositories/kv-recorder/.next/build/chunks/%5Broot%20of%20the%20server%5D__fd836e._.js
2024-12-23 14:50:32.727 [info] /home/arkochan/Repositories/kv-recorder/src/app/recorder/page copy 2.tsx.git closed
2024-12-23 14:50:38.595 [info] Active editor: file:///home/arkochan/Repositories/kv-recorder/src/app/recorder/page%20copy%203.tsx
2024-12-23 14:50:38.600 [info] /home/arkochan/Repositories/kv-recorder/.next/build/chunks/[root of the server]__fd836e._.js.git closed
2024-12-23 14:50:42.934 [info] Active editor: vscode-userdata:/home/arkochan/.config/Code/User/keybindings.json
2024-12-23 14:50:42.938 [info] /home/arkochan/Repositories/kv-recorder/src/app/recorder/page copy 3.tsx.git closed
2024-12-23 14:50:44.338 [warning] invalid cursor position. [[13, 29] | [13, 29]].
2024-12-23 14:50:44.377 [warning] invalid cursor position. [[12, 29] | [12, 29]].
2024-12-23 14:50:44.418 [warning] invalid cursor position. [[11, 29] | [11, 29]].
2024-12-23 14:50:44.537 [warning] invalid cursor position. [[8, 29] | [8, 29]].
2024-12-23 14:50:44.577 [warning] invalid cursor position. [[7, 29] | [7, 29]].
2024-12-23 14:50:44.616 [warning] invalid cursor position. [[6, 29] | [6, 29]].
2024-12-23 14:50:45.567 [warning] invalid cursor position. [[3, 29] | [3, 29]].
2024-12-23 14:50:56.109 [info] Executing :w
2024-12-23 14:51:45.424 [info] Active editor: file:///home/arkochan/Repositories/kv-recorder/src/app/recorder/page%20copy%205.tsx
2024-12-23 14:51:45.778 [info] /home/arkochan/Repositories/kv-recorder/src/app/recorder/page copy 5.tsx closed
2024-12-23 14:51:45.806 [info] /home/arkochan/Repositories/kv-recorder/src/app/recorder/page copy 5.tsx.git closed
2024-12-23 14:51:46.717 [info] Active editor: file:///home/arkochan/Repositories/kv-recorder/src/app/recorder/page%20copy%202.tsx
2024-12-23 14:51:47.150 [info] /home/arkochan/Repositories/kv-recorder/src/app/recorder/page copy 2.tsx closed
2024-12-23 14:51:47.177 [info] /home/arkochan/Repositories/kv-recorder/src/app/recorder/page copy 2.tsx.git closed
2024-12-23 14:51:51.138 [info] Active editor: file:///home/arkochan/Repositories/kv-recorder/src/app/recorder/page%20copy%203.tsx
2024-12-23 14:51:52.612 [info] Active editor: file:///home/arkochan/Repositories/kv-recorder/src/app/recorder/page%20copy.tsx
2024-12-23 14:51:52.615 [info] /home/arkochan/Repositories/kv-recorder/src/app/recorder/page copy 3.tsx.git closed
2024-12-23 14:51:53.045 [info] Active editor: file:///home/arkochan/Repositories/kv-recorder/src/app/recorder/page.tsx
2024-12-23 14:51:53.048 [info] /home/arkochan/Repositories/kv-recorder/src/app/recorder/page copy.tsx.git closed
2024-12-23 14:51:53.583 [info] Active editor: file:///home/arkochan/Repositories/kv-recorder/src/app/recorder/page%20copy.tsx
2024-12-23 14:51:53.585 [info] /home/arkochan/Repositories/kv-recorder/src/app/recorder/page.tsx.git closed
2024-12-23 14:51:53.964 [info] /home/arkochan/Repositories/kv-recorder/src/app/recorder/page copy.tsx closed
2024-12-23 14:51:53.976 [info] Active editor: file:///home/arkochan/Repositories/kv-recorder/src/app/recorder/page.tsx
2024-12-23 14:51:53.978 [info] /home/arkochan/Repositories/kv-recorder/src/app/recorder/page copy.tsx.git closed
2024-12-23 14:51:54.341 [info] Active editor: file:///home/arkochan/Repositories/kv-recorder/src/app/recorder/page%20copy%206.tsx
2024-12-23 14:51:54.343 [info] /home/arkochan/Repositories/kv-recorder/src/app/recorder/page.tsx.git closed
2024-12-23 14:51:56.135 [info] Active editor: file:///home/arkochan/Repositories/kv-recorder/src/app/recorder/page%20copy%204.tsx
2024-12-23 14:51:56.137 [info] /home/arkochan/Repositories/kv-recorder/src/app/recorder/page copy 6.tsx.git closed
2024-12-23 14:51:57.747 [info] Active editor: file:///home/arkochan/Repositories/kv-recorder/src/app/recorder/page%20copy%206.tsx
2024-12-23 14:51:57.749 [info] /home/arkochan/Repositories/kv-recorder/src/app/recorder/page copy 4.tsx.git closed
2024-12-23 14:52:01.261 [info] Active editor: file:///home/arkochan/Repositories/kv-recorder/src/app/recorder/page%20copy%204.tsx
2024-12-23 14:52:01.264 [info] /home/arkochan/Repositories/kv-recorder/src/app/recorder/page copy 6.tsx.git closed
2024-12-23 14:52:04.151 [info] Active editor: file:///home/arkochan/Repositories/kv-recorder/src/app/recorder/page%20copy%205.tsx
2024-12-23 14:52:04.158 [info] /home/arkochan/Repositories/kv-recorder/src/app/recorder/page copy 4.tsx.git closed
2024-12-23 14:52:04.363 [info] Active editor: file:///home/arkochan/Repositories/kv-recorder/src/app/recorder/page%20copy%207.tsx
2024-12-23 14:52:04.387 [info] /home/arkochan/Repositories/kv-recorder/src/app/recorder/page copy 5.tsx.git closed
2024-12-23 14:52:04.454 [info] Active editor: file:///home/arkochan/Repositories/kv-recorder/src/app/recorder/page%20copy%208.tsx
2024-12-23 14:52:04.604 [info] Active editor: file:///home/arkochan/Repositories/kv-recorder/src/app/recorder/page%20copy%209.tsx
2024-12-23 14:52:05.649 [info] /home/arkochan/Repositories/kv-recorder/src/app/recorder/page copy 6.tsx closed
2024-12-23 14:52:05.864 [info] /home/arkochan/Repositories/kv-recorder/src/app/recorder/page copy 5.tsx closed
2024-12-23 14:52:06.078 [info] /home/arkochan/Repositories/kv-recorder/src/app/recorder/page copy 4.tsx closed
2024-12-23 14:52:06.791 [info] /home/arkochan/Repositories/kv-recorder/src/app/recorder/page copy 7.tsx closed
2024-12-23 14:52:07.308 [info] /home/arkochan/Repositories/kv-recorder/src/app/recorder/page copy 3.tsx closed
2024-12-23 14:52:25.581 [info] /home/arkochan/Repositories/kv-recorder/src/app/recorder/page copy 9.tsx.git closed
2024-12-23 14:52:39.167 [info] Active editor: file:///home/arkochan/Repositories/kv-recorder/src/app/recorder/page%20copy%209.tsx
2024-12-23 14:52:42.917 [info] /home/arkochan/Repositories/kv-recorder/src/app/recorder/page copy 9.tsx closed
2024-12-23 14:52:42.942 [info] Active editor: file:///home/arkochan/Repositories/kv-recorder/src/app/page%20copy%209.tsx
2024-12-23 14:52:42.949 [info] /home/arkochan/Repositories/kv-recorder/src/app/recorder/page copy 9.tsx.git closed
2024-12-23 14:52:47.550 [info] /home/arkochan/Repositories/kv-recorder/src/app/page copy 9.tsx closed
2024-12-23 14:52:47.585 [info] /home/arkochan/Repositories/kv-recorder/src/app/page copy 9.tsx.git closed
2024-12-23 14:52:49.089 [info] Active editor: file:///home/arkochan/Repositories/kv-recorder/src/app/recorder/page%20copy%208.tsx
2024-12-23 14:53:01.192 [info] Active editor: file:///home/arkochan/Repositories/kv-recorder/.next/build/chunks/%5Broot%20of%20the%20server%5D__fd836e._.js
2024-12-23 14:53:01.195 [info] /home/arkochan/Repositories/kv-recorder/src/app/recorder/page copy 8.tsx.git closed
2024-12-23 14:53:02.079 [info] Active editor: file:///home/arkochan/Repositories/kv-recorder/src/app/recorder/page.tsx
2024-12-23 14:53:02.083 [info] /home/arkochan/Repositories/kv-recorder/.next/build/chunks/[root of the server]__fd836e._.js.git closed
2024-12-23 14:53:03.738 [info] Active editor: file:///home/arkochan/Repositories/kv-recorder/src/app/recorder/page%20copy%208.tsx
2024-12-23 14:53:03.741 [info] /home/arkochan/Repositories/kv-recorder/src/app/recorder/page.tsx.git closed
2024-12-23 14:53:40.335 [info] Active editor: vscode-userdata:/home/arkochan/.config/Code/User/keybindings.json
2024-12-23 14:53:40.341 [info] /home/arkochan/Repositories/kv-recorder/src/app/recorder/page copy 8.tsx.git closed
2024-12-23 14:54:55.566 [info] Active editor: file:///home/arkochan/Repositories/kv-recorder/.next/build/chunks/%5Broot%20of%20the%20server%5D__fd836e._.js
2024-12-23 14:54:56.303 [info] Active editor: file:///home/arkochan/Repositories/kv-recorder/src/app/recorder/page%20copy%208.tsx
2024-12-23 14:54:56.306 [info] /home/arkochan/Repositories/kv-recorder/.next/build/chunks/[root of the server]__fd836e._.js.git closed
2024-12-23 14:54:57.269 [info] /home/arkochan/Repositories/kv-recorder/.next/build/chunks/[root of the server]__fd836e._.js closed
2024-12-23 14:54:57.825 [info] Active editor: file:///home/arkochan/Repositories/kv-recorder/src/app/page.tsx
2024-12-23 14:54:57.828 [info] /home/arkochan/Repositories/kv-recorder/src/app/recorder/page copy 8.tsx.git closed
2024-12-23 14:54:58.891 [info] Active editor: file:///home/arkochan/Repositories/kv-recorder/src/app/recorder/page%20copy%208.tsx
2024-12-23 14:54:58.895 [info] /home/arkochan/Repositories/kv-recorder/src/app/page.tsx.git closed
2024-12-23 14:55:02.950 [info] Active editor: vscode-userdata:/home/arkochan/.config/Code/User/keybindings.json
2024-12-23 14:55:02.954 [info] /home/arkochan/Repositories/kv-recorder/src/app/recorder/page copy 8.tsx.git closed
2024-12-23 14:55:38.483 [warning] invalid cursor position. [[47, 17] | [47, 17]].
2024-12-23 14:55:39.085 [warning] invalid cursor position. [[46, 17] | [46, 17]].
2024-12-23 14:55:39.244 [warning] invalid cursor position. [[42, 17] | [42, 17]].
2024-12-23 14:55:39.284 [warning] invalid cursor position. [[41, 17] | [41, 17]].
2024-12-23 14:55:39.444 [warning] invalid cursor position. [[37, 17] | [37, 17]].
2024-12-23 14:55:39.485 [warning] invalid cursor position. [[36, 17] | [36, 17]].
2024-12-23 14:55:48.982 [warning] invalid cursor position. [[1, 4] | [1, 4]].
2024-12-23 14:55:49.255 [warning] invalid cursor position. [[1, 4] | [1, 4]].
2024-12-23 14:55:55.519 [warning] invalid cursor position. [[37, 4] | [37, 4]].
2024-12-23 14:55:57.793 [warning] invalid cursor position. [[1, 4] | [1, 4]].
2024-12-23 14:55:58.530 [warning] invalid cursor position. [[1, 4] | [1, 4]].
2024-12-23 14:56:26.897 [info] Active editor: vscode-userdata:/home/arkochan/.config/Code/User/keybindings.json
2024-12-23 14:56:30.655 [info] Executing :w
2024-12-23 14:56:47.278 [info] Active editor: file:///home/arkochan/Repositories/kv-recorder/src/app/recorder/page%20copy%208.tsx
2024-12-23 14:56:53.053 [info] Active editor: untitled:Untitled-1
2024-12-23 14:56:53.058 [info] /home/arkochan/Repositories/kv-recorder/src/app/recorder/page copy 8.tsx.git closed
2024-12-23 14:56:54.981 [info] Untitled-1 closed
2024-12-23 14:56:54.984 [info] Active editor: file:///home/arkochan/Repositories/kv-recorder/src/app/recorder/page%20copy%208.tsx
2024-12-23 14:56:56.551 [info] Active editor: file:///home/arkochan/Repositories/kv-recorder/src/app/page.tsx
2024-12-23 14:56:56.555 [info] /home/arkochan/Repositories/kv-recorder/src/app/recorder/page copy 8.tsx.git closed
2024-12-23 14:56:57.480 [info] Active editor: file:///home/arkochan/Repositories/kv-recorder/src/app/recorder/page%20copy%208.tsx
2024-12-23 14:56:57.484 [info] /home/arkochan/Repositories/kv-recorder/src/app/page.tsx.git closed
2024-12-23 14:56:57.844 [info] Active editor: file:///home/arkochan/Repositories/kv-recorder/src/app/recorder/page.tsx
2024-12-23 14:56:57.848 [info] /home/arkochan/Repositories/kv-recorder/src/app/recorder/page copy 8.tsx.git closed
2024-12-23 14:56:58.334 [info] /home/arkochan/Repositories/kv-recorder/src/app/recorder/page.tsx.git closed
2024-12-23 14:57:17.401 [info] Active editor: vscode-userdata:/home/arkochan/.config/Code/User/keybindings.json
2024-12-23 14:57:47.888 [info] Active editor: vscode-userdata:/home/arkochan/.config/Code/User/keybindings.json
2024-12-23 14:58:31.066 [info] Active editor: vscode-userdata:/home/arkochan/.config/Code/User/keybindings.json
2024-12-23 14:58:55.099 [warning] invalid cursor position. [[52, 4] | [52, 4]].
2024-12-23 14:58:57.961 [warning] invalid cursor position. [[1, 4] | [1, 4]].
2024-12-23 14:58:58.416 [warning] invalid cursor position. [[1, 4] | [1, 4]].
2024-12-23 14:59:02.777 [info] Active editor: file:///home/arkochan/Repositories/kv-recorder/src/app/recorder/page%20copy%208.tsx
2024-12-23 14:59:04.351 [info] Active editor: file:///home/arkochan/Repositories/kv-recorder/src/app/recorder/page.tsx
2024-12-23 14:59:04.355 [info] /home/arkochan/Repositories/kv-recorder/src/app/recorder/page copy 8.tsx.git closed
2024-12-23 14:59:05.044 [info] /home/arkochan/Repositories/kv-recorder/src/app/recorder/page.tsx.git closed
2024-12-23 14:59:06.081 [info] Active editor: vscode-userdata:/home/arkochan/.config/Code/User/keybindings.json
2024-12-23 14:59:10.088 [info] Executing :w
2024-12-23 14:59:11.038 [info] Active editor: file:///home/arkochan/Repositories/kv-recorder/src/app/recorder/page%20copy%208.tsx
2024-12-23 14:59:12.756 [info] /home/arkochan/Repositories/kv-recorder/src/app/recorder/page copy 8.tsx.git closed
2024-12-23 14:59:40.657 [info] Active editor: file:///home/arkochan/Repositories/kv-recorder/src/app/recorder/page.tsx
2024-12-23 14:59:41.440 [info] Active editor: file:///home/arkochan/Repositories/kv-recorder/src/app/recorder/page%20copy%208.tsx
2024-12-23 14:59:41.443 [info] /home/arkochan/Repositories/kv-recorder/src/app/recorder/page.tsx.git closed
2024-12-23 14:59:44.942 [info] Active editor: file:///home/arkochan/Repositories/kv-recorder/src/app/recorder/page.tsx
2024-12-23 14:59:44.947 [info] /home/arkochan/Repositories/kv-recorder/src/app/recorder/page copy 8.tsx.git closed
2024-12-23 14:59:45.916 [info] /home/arkochan/Repositories/kv-recorder/src/app/recorder/page.tsx.git closed
2024-12-23 14:59:46.377 [info] Active editor: vscode-userdata:/home/arkochan/.config/Code/User/keybindings.json
2024-12-23 15:00:15.232 [warning] invalid cursor position. [[67, 4] | [67, 4]].
2024-12-23 15:01:16.256 [warning] invalid cursor position. [[47, 4] | [47, 4]].
2024-12-23 15:01:24.632 [info] Executing :w
2024-12-23 15:01:25.823 [info] Active editor: file:///home/arkochan/Repositories/kv-recorder/src/app/recorder/page%20copy%208.tsx
2024-12-23 15:01:41.251 [info] /home/arkochan/Repositories/kv-recorder/src/app/recorder/page copy 8.tsx.git closed
2024-12-23 15:01:41.673 [info] Active editor: file:///home/arkochan/Repositories/kv-recorder/src/app/recorder/page.tsx
2024-12-23 15:01:42.199 [info] Active editor: vscode-userdata:/home/arkochan/.config/Code/User/keybindings.json
2024-12-23 15:01:42.203 [info] /home/arkochan/Repositories/kv-recorder/src/app/recorder/page.tsx.git closed
2024-12-23 15:01:55.046 [info] Active editor: file:///home/arkochan/Repositories/kv-recorder/src/app/recorder/page.tsx
2024-12-23 15:01:55.574 [info] Active editor: file:///home/arkochan/Repositories/kv-recorder/src/app/recorder/page%20copy%208.tsx
2024-12-23 15:01:55.577 [info] /home/arkochan/Repositories/kv-recorder/src/app/recorder/page.tsx.git closed
2024-12-23 15:01:56.010 [info] Active editor: file:///home/arkochan/Repositories/kv-recorder/src/app/recorder/page%20copy%209.tsx
2024-12-23 15:01:56.018 [info] /home/arkochan/Repositories/kv-recorder/src/app/recorder/page copy 8.tsx.git closed
2024-12-23 15:01:56.448 [info] Active editor: file:///home/arkochan/Repositories/kv-recorder/src/app/recorder/page%20copy%2010.tsx
2024-12-23 15:01:56.454 [info] /home/arkochan/Repositories/kv-recorder/src/app/recorder/page copy 9.tsx.git closed
2024-12-23 15:01:56.730 [info] Active editor: file:///home/arkochan/Repositories/kv-recorder/src/app/recorder/page%20copy%2011.tsx
2024-12-23 15:01:56.736 [info] /home/arkochan/Repositories/kv-recorder/src/app/recorder/page copy 10.tsx.git closed
2024-12-23 15:01:57.209 [info] Active editor: file:///home/arkochan/Repositories/kv-recorder/src/app/recorder/page%20copy%2010.tsx
2024-12-23 15:01:57.217 [info] /home/arkochan/Repositories/kv-recorder/src/app/recorder/page copy 11.tsx.git closed
2024-12-23 15:01:57.883 [info] Active editor: file:///home/arkochan/Repositories/kv-recorder/src/app/recorder/page%20copy%2012.tsx
2024-12-23 15:01:57.887 [info] /home/arkochan/Repositories/kv-recorder/src/app/recorder/page copy 10.tsx.git closed
2024-12-23 15:01:58.076 [info] Active editor: file:///home/arkochan/Repositories/kv-recorder/src/app/recorder/page%20copy%2013.tsx
2024-12-23 15:01:58.282 [info] Active editor: file:///home/arkochan/Repositories/kv-recorder/src/app/recorder/page%20copy%2014.tsx
2024-12-23 15:01:58.467 [info] Active editor: file:///home/arkochan/Repositories/kv-recorder/src/app/recorder/page%20copy%2015.tsx
2024-12-23 15:01:59.714 [info] /home/arkochan/Repositories/kv-recorder/src/app/recorder/page copy 12.tsx closed
2024-12-23 15:01:59.902 [info] /home/arkochan/Repositories/kv-recorder/src/app/recorder/page copy 13.tsx closed
2024-12-23 15:02:09.514 [info] /home/arkochan/Repositories/kv-recorder/src/app/recorder/page copy 8.tsx closed
2024-12-23 15:02:09.830 [info] /home/arkochan/Repositories/kv-recorder/src/app/recorder/page copy 9.tsx closed
2024-12-23 15:02:10.028 [info] /home/arkochan/Repositories/kv-recorder/src/app/recorder/page copy 10.tsx closed
2024-12-23 15:02:10.214 [info] /home/arkochan/Repositories/kv-recorder/src/app/recorder/page copy 11.tsx closed
2024-12-23 15:02:11.213 [info] /home/arkochan/Repositories/kv-recorder/src/app/recorder/page copy 14.tsx closed
2024-12-23 15:02:11.771 [info] /home/arkochan/Repositories/kv-recorder/src/app/recorder/page copy 15.tsx closed
2024-12-23 15:02:11.780 [info] Active editor: file:///home/arkochan/Repositories/kv-recorder/src/app/recorder/page.tsx
2024-12-23 15:02:11.784 [info] /home/arkochan/Repositories/kv-recorder/src/app/recorder/page copy 15.tsx.git closed
2024-12-23 15:02:14.006 [warning] invalid cursor position. [[3, 21] | [3, 21]].
2024-12-23 15:02:14.125 [warning] invalid cursor position. [[0, 21] | [0, 21]].
2024-12-23 15:02:49.418 [info] /home/arkochan/Repositories/kv-recorder/node_modules/@types/react/index.d.ts closed
2024-12-23 15:02:53.653 [info] /home/arkochan/Repositories/kv-recorder/node_modules/@types/react/index.d.ts closed
2024-12-23 15:02:54.996 [info] /home/arkochan/Repositories/kv-recorder/node_modules/@types/react/index.d.ts closed
2024-12-23 15:02:56.575 [info] Active editor: file:///home/arkochan/Repositories/kv-recorder/src/app/globals.css
2024-12-23 15:02:56.585 [info] /home/arkochan/Repositories/kv-recorder/src/app/recorder/page.tsx.git closed
2024-12-23 15:02:59.070 [info] Active editor: file:///home/arkochan/Repositories/kv-recorder/src/app/recorder/page.tsx
2024-12-23 15:02:59.076 [info] /home/arkochan/Repositories/kv-recorder/src/app/globals.css.git closed
2024-12-23 15:02:59.905 [warning] invalid cursor position. [[3, 12] | [3, 12]].
2024-12-23 15:03:00.463 [warning] invalid cursor position. [[6, 12] | [6, 12]].
2024-12-23 15:03:01.303 [warning] invalid cursor position. [[13, 12] | [13, 12]].
2024-12-23 15:03:01.424 [warning] invalid cursor position. [[16, 12] | [16, 12]].
2024-12-23 15:03:01.543 [warning] invalid cursor position. [[19, 12] | [19, 12]].
2024-12-23 15:03:01.582 [warning] invalid cursor position. [[20, 12] | [20, 12]].
2024-12-23 15:03:01.705 [warning] invalid cursor position. [[23, 12] | [23, 12]].
2024-12-23 15:03:01.865 [warning] invalid cursor position. [[27, 12] | [27, 12]].
2024-12-23 15:03:01.985 [warning] invalid cursor position. [[30, 12] | [30, 12]].
2024-12-23 15:03:02.145 [warning] invalid cursor position. [[34, 12] | [34, 12]].
2024-12-23 15:03:02.185 [warning] invalid cursor position. [[35, 12] | [35, 12]].
2024-12-23 15:03:03.649 [warning] invalid cursor position. [[38, 12] | [38, 12]].
2024-12-23 15:03:04.035 [warning] invalid cursor position. [[38, 12] | [38, 12]].
2024-12-23 15:03:04.305 [warning] invalid cursor position. [[38, 12] | [38, 12]].
2024-12-23 15:03:04.547 [warning] invalid cursor position. [[38, 12] | [38, 12]].
2024-12-23 15:03:04.763 [warning] invalid cursor position. [[38, 12] | [38, 12]].
2024-12-23 15:03:05.005 [warning] invalid cursor position. [[38, 12] | [38, 12]].
2024-12-23 15:03:05.191 [warning] invalid cursor position. [[38, 12] | [38, 12]].
2024-12-23 15:03:18.573 [info] Active editor: vscode-userdata:/home/arkochan/.config/Code/User/settings.json
2024-12-23 15:03:18.583 [info] /home/arkochan/Repositories/kv-recorder/src/app/recorder/page.tsx.git closed
2024-12-23 15:03:20.724 [warning] invalid cursor position. [[845, 56] | [845, 56]].
2024-12-23 15:03:21.007 [warning] invalid cursor position. [[845, 56] | [845, 56]].
2024-12-23 15:03:32.634 [info] Searching for "l"
2024-12-23 15:03:44.349 [info] Active editor: file:///home/arkochan/Repositories/kv-recorder/src/app/recorder/page.tsx
2024-12-23 15:03:48.189 [info] Active editor: vscode-userdata:/home/arkochan/.config/Code/User/keybindings.json
2024-12-23 15:03:48.193 [info] /home/arkochan/Repositories/kv-recorder/src/app/recorder/page.tsx.git closed
2024-12-23 15:03:56.545 [info] Active editor: vscode-userdata:/home/arkochan/.config/Code/User/settings.json
2024-12-23 15:03:57.135 [warning] invalid cursor position. [[367, 16] | [367, 16]].
2024-12-23 15:04:33.317 [info] Active editor: file:///home/arkochan/Repositories/kv-recorder/src/app/recorder/page.tsx
2024-12-23 15:04:36.368 [info] /home/arkochan/Repositories/kv-recorder/src/app/recorder/page.tsx.git closed
2024-12-23 15:04:39.589 [info] Active editor: file:///home/arkochan/Repositories/kv-recorder/src/app/recorder/page.tsx
2024-12-23 15:04:45.022 [info] /home/arkochan/Repositories/kv-recorder/src/app/recorder/page.tsx closed
2024-12-23 15:04:45.029 [info] /home/arkochan/Repositories/kv-recorder/src/app/recorder/page.tsx.git closed
2024-12-23 15:04:47.149 [info] /home/arkochan/.config/Code/User/settings.json closed
2024-12-23 15:04:47.732 [info] /home/arkochan/Repositories/kv-recorder/src/app/globals.css closed
2024-12-23 15:04:48.650 [info] /home/arkochan/Repositories/kv-recorder/src/app/page.tsx closed
2024-12-23 15:04:49.475 [info] Active editor: vscode-userdata:/home/arkochan/.config/Code/User/keybindings.json
2024-12-23 15:04:52.536 [info] /home/arkochan/.config/Code/User/keybindings.json closed
2024-12-23 15:04:53.139 [info] Active editor: file:///home/arkochan/Repositories/kv-recorder/src/app/recorder/page.tsx
2024-12-23 15:16:00.217 [info] Executing :w
2024-12-23 15:16:13.553 [info] /home/arkochan/Repositories/kv-recorder/src/app/recorder/page.tsx closed
2024-12-23 15:16:13.576 [info] Active editor: file:///home/arkochan/Repositories/kv-recorder/src/app/recorder/page.jsx
2024-12-23 15:16:13.578 [info] /home/arkochan/Repositories/kv-recorder/src/app/recorder/page.tsx.git closed
2024-12-23 15:16:23.559 [info] Executing :w
2024-12-23 15:18:33.421 [warning] invalid cursor position. [[53, 23] | [53, 23]].
2024-12-23 15:18:35.463 [warning] invalid cursor position. [[53, 48] | [53, 48]].
2024-12-23 15:18:35.892 [warning] invalid cursor position. [[54, 48] | [54, 48]].
2024-12-23 15:18:36.422 [warning] invalid cursor position. [[53, 48] | [53, 48]].
2024-12-23 15:18:36.650 [warning] invalid cursor position. [[54, 48] | [54, 48]].
2024-12-23 15:18:37.035 [warning] invalid cursor position. [[56, 48] | [56, 48]].
2024-12-23 15:18:37.463 [warning] invalid cursor position. [[54, 48] | [54, 48]].
2024-12-23 15:18:37.651 [warning] invalid cursor position. [[53, 48] | [53, 48]].
2024-12-23 15:18:38.120 [warning] invalid cursor position. [[54, 48] | [54, 48]].
2024-12-23 15:18:38.664 [warning] invalid cursor position. [[54, 48] | [54, 48]].
2024-12-23 15:18:39.326 [warning] invalid cursor position. [[53, 48] | [53, 48]].
2024-12-23 15:18:39.793 [warning] invalid cursor position. [[51, 48] | [51, 48]].
2024-12-23 15:18:39.992 [warning] invalid cursor position. [[50, 48] | [50, 48]].
2024-12-23 15:18:40.850 [warning] invalid cursor position. [[51, 48] | [51, 48]].
2024-12-23 15:18:41.489 [warning] invalid cursor position. [[53, 48] | [53, 48]].
2024-12-23 15:18:41.532 [warning] invalid cursor position. [[54, 48] | [54, 48]].
2024-12-23 15:18:41.610 [warning] invalid cursor position. [[56, 48] | [56, 48]].
2024-12-23 15:18:41.649 [warning] invalid cursor position. [[57, 48] | [57, 48]].
2024-12-23 15:18:41.763 [warning] invalid cursor position. [[56, 48] | [56, 48]].
2024-12-23 15:18:42.403 [warning] invalid cursor position. [[54, 48] | [54, 48]].
2024-12-23 15:18:42.442 [warning] invalid cursor position. [[53, 48] | [53, 48]].
2024-12-23 15:18:42.524 [warning] invalid cursor position. [[51, 48] | [51, 48]].
2024-12-23 15:18:42.563 [warning] invalid cursor position. [[50, 48] | [50, 48]].
2024-12-23 15:18:42.607 [warning] invalid cursor position. [[49, 48] | [49, 48]].
2024-12-23 15:18:42.645 [warning] invalid cursor position. [[48, 48] | [48, 48]].
2024-12-23 15:18:42.684 [warning] invalid cursor position. [[47, 48] | [47, 48]].
2024-12-23 15:18:42.725 [warning] invalid cursor position. [[46, 48] | [46, 48]].
2024-12-23 15:18:42.765 [warning] invalid cursor position. [[45, 48] | [45, 48]].
2024-12-23 15:18:42.805 [warning] invalid cursor position. [[44, 48] | [44, 48]].
2024-12-23 15:18:42.845 [warning] invalid cursor position. [[43, 48] | [43, 48]].
2024-12-23 15:18:43.879 [warning] invalid cursor position. [[41, 48] | [41, 48]].
2024-12-23 15:18:43.917 [warning] invalid cursor position. [[40, 48] | [40, 48]].
2024-12-23 15:18:43.996 [warning] invalid cursor position. [[38, 48] | [38, 48]].
2024-12-23 15:18:44.036 [warning] invalid cursor position. [[37, 48] | [37, 48]].
2024-12-23 15:18:44.850 [warning] invalid cursor position. [[37, 48] | [37, 48]].
2024-12-23 15:18:44.889 [warning] invalid cursor position. [[38, 48] | [38, 48]].
2024-12-23 15:18:44.969 [warning] invalid cursor position. [[40, 48] | [40, 48]].
2024-12-23 15:18:45.009 [warning] invalid cursor position. [[41, 48] | [41, 48]].
2024-12-23 15:18:45.089 [warning] invalid cursor position. [[43, 48] | [43, 48]].
2024-12-23 15:18:45.736 [warning] invalid cursor position. [[41, 48] | [41, 48]].
2024-12-23 15:18:45.775 [warning] invalid cursor position. [[40, 48] | [40, 48]].
2024-12-23 15:18:46.236 [warning] invalid cursor position. [[38, 48] | [38, 48]].
2024-12-23 15:18:46.421 [warning] invalid cursor position. [[37, 48] | [37, 48]].
2024-12-23 15:18:46.950 [warning] invalid cursor position. [[34, 48] | [34, 48]].
2024-12-23 15:18:47.549 [warning] invalid cursor position. [[33, 48] | [33, 48]].
2024-12-23 15:18:47.589 [warning] invalid cursor position. [[32, 48] | [32, 48]].
2024-12-23 15:18:47.668 [warning] invalid cursor position. [[30, 48] | [30, 48]].
2024-12-23 15:18:47.748 [warning] invalid cursor position. [[28, 48] | [28, 48]].
2024-12-23 15:18:48.507 [warning] invalid cursor position. [[30, 48] | [30, 48]].
2024-12-23 15:18:48.585 [warning] invalid cursor position. [[32, 48] | [32, 48]].
2024-12-23 15:18:48.626 [warning] invalid cursor position. [[33, 48] | [33, 48]].
2024-12-23 15:18:48.666 [warning] invalid cursor position. [[34, 48] | [34, 48]].
2024-12-23 15:18:48.786 [warning] invalid cursor position. [[37, 48] | [37, 48]].
2024-12-23 15:18:48.825 [warning] invalid cursor position. [[38, 48] | [38, 48]].
2024-12-23 15:18:48.907 [warning] invalid cursor position. [[40, 48] | [40, 48]].
2024-12-23 15:18:48.945 [warning] invalid cursor position. [[41, 48] | [41, 48]].
2024-12-23 15:18:49.026 [warning] invalid cursor position. [[43, 48] | [43, 48]].
2024-12-23 15:18:49.065 [warning] invalid cursor position. [[44, 48] | [44, 48]].
2024-12-23 15:18:49.105 [warning] invalid cursor position. [[45, 48] | [45, 48]].
2024-12-23 15:18:49.193 [warning] invalid cursor position. [[44, 48] | [44, 48]].
2024-12-23 15:18:49.793 [warning] invalid cursor position. [[43, 48] | [43, 48]].
2024-12-23 15:18:49.872 [warning] invalid cursor position. [[41, 48] | [41, 48]].
2024-12-23 15:18:49.911 [warning] invalid cursor position. [[40, 48] | [40, 48]].
2024-12-23 15:18:49.991 [warning] invalid cursor position. [[38, 48] | [38, 48]].
2024-12-23 15:18:50.032 [warning] invalid cursor position. [[37, 48] | [37, 48]].
2024-12-23 15:18:50.152 [warning] invalid cursor position. [[34, 48] | [34, 48]].
2024-12-23 15:18:50.192 [warning] invalid cursor position. [[33, 48] | [33, 48]].
2024-12-23 15:18:50.232 [warning] invalid cursor position. [[32, 48] | [32, 48]].
2024-12-23 15:18:50.311 [warning] invalid cursor position. [[30, 48] | [30, 48]].
2024-12-23 15:18:50.391 [warning] invalid cursor position. [[28, 48] | [28, 48]].
2024-12-23 15:18:50.432 [warning] invalid cursor position. [[27, 48] | [27, 48]].
2024-12-23 15:18:50.471 [warning] invalid cursor position. [[26, 48] | [26, 48]].
2024-12-23 15:18:50.511 [warning] invalid cursor position. [[25, 48] | [25, 48]].
2024-12-23 15:18:50.551 [warning] invalid cursor position. [[24, 48] | [24, 48]].
2024-12-23 15:18:53.908 [warning] invalid cursor position. [[25, 48] | [25, 48]].
2024-12-23 15:18:54.507 [warning] invalid cursor position. [[26, 48] | [26, 48]].
2024-12-23 15:18:54.546 [warning] invalid cursor position. [[27, 48] | [27, 48]].
2024-12-23 15:18:54.586 [warning] invalid cursor position. [[28, 48] | [28, 48]].
2024-12-23 15:18:54.668 [warning] invalid cursor position. [[30, 48] | [30, 48]].
2024-12-23 15:18:54.748 [warning] invalid cursor position. [[32, 48] | [32, 48]].
2024-12-23 15:18:54.788 [warning] invalid cursor position. [[33, 48] | [33, 48]].
2024-12-23 15:18:54.827 [warning] invalid cursor position. [[34, 48] | [34, 48]].
2024-12-23 15:18:54.949 [warning] invalid cursor position. [[37, 48] | [37, 48]].
2024-12-23 15:18:55.507 [warning] invalid cursor position. [[38, 48] | [38, 48]].
2024-12-23 15:18:56.148 [warning] invalid cursor position. [[40, 48] | [40, 48]].
2024-12-23 15:18:56.186 [warning] invalid cursor position. [[41, 48] | [41, 48]].
2024-12-23 15:18:56.266 [warning] invalid cursor position. [[43, 48] | [43, 48]].
2024-12-23 15:18:56.307 [warning] invalid cursor position. [[44, 48] | [44, 48]].
2024-12-23 15:18:56.739 [warning] invalid cursor position. [[43, 48] | [43, 48]].
2024-12-23 15:18:58.153 [warning] invalid cursor position. [[41, 48] | [41, 48]].
2024-12-23 15:19:20.035 [info] Executing :w
2024-12-23 15:19:59.269 [warning] invalid cursor position. [[27, 26] | [27, 26]].
2024-12-23 15:20:00.266 [warning] invalid cursor position. [[25, 25] | [25, 25]].
2024-12-23 15:20:03.792 [info] Executing :w
2024-12-23 15:20:43.795 [warning] invalid cursor position. [[56, 12] | [56, 12]].
2024-12-23 15:20:45.096 [warning] invalid cursor position. [[56, 12] | [56, 12]].
2024-12-23 15:21:31.337 [info] Executing :w
2024-12-23 15:21:33.308 [info] Executing :w
2024-12-23 15:22:19.079 [info] Executing :w
2024-12-23 15:22:19.681 [warning] invalid cursor position. [[15, 26] | [15, 26]].
2024-12-23 15:23:01.638 [info] Executing :w
2024-12-23 15:23:16.028 [info] Executing :w
2024-12-23 15:23:20.541 [info] Executing :w
2024-12-23 15:23:31.139 [info] Executing :w
2024-12-23 15:24:29.755 [warning] invalid cursor position. [[21, 13] | [21, 13]].
2024-12-23 15:24:30.001 [warning] invalid cursor position. [[21, 13] | [21, 13]].
2024-12-23 15:24:41.429 [warning] invalid cursor position. [[22, 6] | [22, 6]].
2024-12-23 15:24:41.827 [warning] invalid cursor position. [[24, 6] | [24, 6]].
2024-12-23 15:24:43.613 [warning] invalid cursor position. [[24, 6] | [24, 6]].
2024-12-23 15:24:44.455 [warning] invalid cursor position. [[22, 6] | [22, 6]].
2024-12-23 15:24:46.514 [warning] invalid cursor position. [[24, 6] | [24, 6]].
2024-12-23 15:24:47.881 [warning] invalid cursor position. [[30, 6] | [30, 6]].
2024-12-23 15:24:48.341 [warning] invalid cursor position. [[30, 6] | [30, 6]].
2024-12-23 15:24:52.871 [warning] invalid cursor position. [[27, 39] | [27, 39]].
2024-12-23 15:24:53.056 [warning] invalid cursor position. [[28, 39] | [28, 39]].
2024-12-23 15:24:53.241 [warning] invalid cursor position. [[29, 39] | [29, 39]].
2024-12-23 15:24:53.427 [warning] invalid cursor position. [[30, 39] | [30, 39]].
2024-12-23 15:24:53.813 [warning] invalid cursor position. [[32, 39] | [32, 39]].
2024-12-23 15:24:54.199 [warning] invalid cursor position. [[34, 39] | [34, 39]].
2024-12-23 15:24:54.399 [warning] invalid cursor position. [[35, 39] | [35, 39]].
2024-12-23 15:24:54.556 [warning] invalid cursor position. [[36, 39] | [36, 39]].
2024-12-23 15:24:54.728 [warning] invalid cursor position. [[35, 39] | [35, 39]].
2024-12-23 15:24:54.914 [warning] invalid cursor position. [[34, 39] | [34, 39]].
2024-12-23 15:24:55.284 [warning] invalid cursor position. [[32, 39] | [32, 39]].
2024-12-23 15:24:55.584 [warning] invalid cursor position. [[32, 39] | [32, 39]].
2024-12-23 15:24:56.224 [warning] invalid cursor position. [[34, 39] | [34, 39]].
2024-12-23 15:24:56.263 [warning] invalid cursor position. [[35, 39] | [35, 39]].
2024-12-23 15:24:56.304 [warning] invalid cursor position. [[36, 39] | [36, 39]].
2024-12-23 15:24:56.602 [warning] invalid cursor position. [[39, 39] | [39, 39]].
2024-12-23 15:24:56.769 [warning] invalid cursor position. [[40, 39] | [40, 39]].
2024-12-23 15:24:57.114 [warning] invalid cursor position. [[42, 39] | [42, 39]].
2024-12-23 15:24:57.471 [warning] invalid cursor position. [[40, 39] | [40, 39]].
2024-12-23 15:24:57.657 [warning] invalid cursor position. [[39, 39] | [39, 39]].
2024-12-23 15:24:58.336 [warning] invalid cursor position. [[36, 39] | [36, 39]].
2024-12-23 15:24:58.375 [warning] invalid cursor position. [[35, 39] | [35, 39]].
2024-12-23 15:24:58.556 [warning] invalid cursor position. [[34, 39] | [34, 39]].
2024-12-23 15:24:59.057 [warning] invalid cursor position. [[32, 39] | [32, 39]].
2024-12-23 15:25:00.984 [warning] invalid cursor position. [[35, 24] | [35, 24]].
2024-12-23 15:25:01.184 [warning] invalid cursor position. [[36, 24] | [36, 24]].
2024-12-23 15:25:01.513 [warning] invalid cursor position. [[36, 24] | [36, 24]].
2024-12-23 15:25:01.714 [warning] invalid cursor position. [[35, 24] | [35, 24]].
2024-12-23 15:25:06.827 [warning] invalid cursor position. [[35, 24] | [35, 24]].
2024-12-23 15:25:07.058 [warning] invalid cursor position. [[36, 24] | [36, 24]].
2024-12-23 15:25:08.672 [warning] invalid cursor position. [[39, 24] | [39, 24]].
2024-12-23 15:25:09.328 [warning] invalid cursor position. [[40, 24] | [40, 24]].
2024-12-23 15:25:11.856 [warning] invalid cursor position. [[40, 24] | [40, 24]].
2024-12-23 15:25:12.057 [warning] invalid cursor position. [[39, 24] | [39, 24]].
2024-12-23 15:25:22.200 [warning] invalid cursor position. [[39, 54] | [39, 54]].
2024-12-23 15:25:22.413 [warning] invalid cursor position. [[40, 54] | [40, 54]].
2024-12-23 15:25:22.614 [warning] invalid cursor position. [[41, 54] | [41, 54]].
2024-12-23 15:25:22.800 [warning] invalid cursor position. [[42, 54] | [42, 54]].
2024-12-23 15:25:23.000 [warning] invalid cursor position. [[43, 54] | [43, 54]].
2024-12-23 15:25:23.786 [warning] invalid cursor position. [[45, 54] | [45, 54]].
2024-12-23 15:25:24.428 [warning] invalid cursor position. [[46, 54] | [46, 54]].
2024-12-23 15:25:24.700 [warning] invalid cursor position. [[47, 54] | [47, 54]].
2024-12-23 15:25:24.985 [warning] invalid cursor position. [[46, 54] | [46, 54]].
2024-12-23 15:25:25.585 [warning] invalid cursor position. [[45, 54] | [45, 54]].
2024-12-23 15:25:25.665 [warning] invalid cursor position. [[43, 54] | [43, 54]].
2024-12-23 15:25:25.705 [warning] invalid cursor position. [[42, 54] | [42, 54]].
2024-12-23 15:25:25.746 [warning] invalid cursor position. [[41, 54] | [41, 54]].
2024-12-23 15:25:25.785 [warning] invalid cursor position. [[40, 54] | [40, 54]].
2024-12-23 15:25:25.826 [warning] invalid cursor position. [[39, 54] | [39, 54]].
2024-12-23 15:25:26.986 [warning] invalid cursor position. [[40, 54] | [40, 54]].
2024-12-23 15:25:27.227 [warning] invalid cursor position. [[41, 54] | [41, 54]].
2024-12-23 15:25:29.557 [warning] invalid cursor position. [[42, 54] | [42, 54]].
2024-12-23 15:25:30.156 [warning] invalid cursor position. [[43, 54] | [43, 54]].
2024-12-23 15:25:30.235 [warning] invalid cursor position. [[45, 54] | [45, 54]].
2024-12-23 15:25:30.276 [warning] invalid cursor position. [[46, 54] | [46, 54]].
2024-12-23 15:25:30.528 [warning] invalid cursor position. [[47, 54] | [47, 54]].
2024-12-23 15:25:30.771 [warning] invalid cursor position. [[48, 54] | [48, 54]].
2024-12-23 15:25:31.200 [warning] invalid cursor position. [[47, 54] | [47, 54]].
2024-12-23 15:25:31.402 [warning] invalid cursor position. [[48, 54] | [48, 54]].
2024-12-23 15:25:31.514 [warning] invalid cursor position. [[47, 54] | [47, 54]].
2024-12-23 15:25:31.700 [warning] invalid cursor position. [[46, 54] | [46, 54]].
2024-12-23 15:25:31.856 [warning] invalid cursor position. [[45, 54] | [45, 54]].
2024-12-23 15:25:32.213 [warning] invalid cursor position. [[43, 54] | [43, 54]].
2024-12-23 15:25:36.496 [warning] invalid cursor position. [[40, 35] | [40, 35]].
2024-12-23 15:25:36.535 [warning] invalid cursor position. [[39, 35] | [39, 35]].
2024-12-23 15:25:36.656 [warning] invalid cursor position. [[36, 35] | [36, 35]].
2024-12-23 15:25:36.696 [warning] invalid cursor position. [[35, 35] | [35, 35]].
2024-12-23 15:25:36.737 [warning] invalid cursor position. [[34, 35] | [34, 35]].
2024-12-23 15:25:36.815 [warning] invalid cursor position. [[32, 35] | [32, 35]].
2024-12-23 15:25:58.386 [warning] invalid cursor position. [[35, 32] | [35, 32]].
2024-12-23 15:25:58.987 [warning] invalid cursor position. [[36, 32] | [36, 32]].
2024-12-23 15:25:59.027 [warning] invalid cursor position. [[37, 32] | [37, 32]].
2024-12-23 15:25:59.657 [warning] invalid cursor position. [[40, 32] | [40, 32]].
2024-12-23 15:25:59.828 [warning] invalid cursor position. [[41, 32] | [41, 32]].
2024-12-23 15:26:00.171 [warning] invalid cursor position. [[41, 32] | [41, 32]].
2024-12-23 15:26:02.842 [warning] invalid cursor position. [[46, 32] | [46, 32]].
2024-12-23 15:26:03.656 [warning] invalid cursor position. [[41, 32] | [41, 32]].
2024-12-23 15:26:03.801 [warning] invalid cursor position. [[40, 32] | [40, 32]].
2024-12-23 15:26:04.286 [warning] invalid cursor position. [[37, 32] | [37, 32]].
2024-12-23 15:26:04.458 [warning] invalid cursor position. [[36, 32] | [36, 32]].
2024-12-23 15:26:04.615 [warning] invalid cursor position. [[35, 32] | [35, 32]].
2024-12-23 15:26:05.589 [warning] invalid cursor position. [[32, 32] | [32, 32]].
2024-12-23 15:26:05.667 [warning] invalid cursor position. [[30, 32] | [30, 32]].
2024-12-23 15:26:05.708 [warning] invalid cursor position. [[29, 32] | [29, 32]].
2024-12-23 15:26:05.747 [warning] invalid cursor position. [[28, 32] | [28, 32]].
2024-12-23 15:26:05.787 [warning] invalid cursor position. [[27, 32] | [27, 32]].
2024-12-23 15:26:05.868 [warning] invalid cursor position. [[25, 32] | [25, 32]].
2024-12-23 15:26:05.908 [warning] invalid cursor position. [[24, 32] | [24, 32]].
2024-12-23 15:26:05.947 [warning] invalid cursor position. [[23, 32] | [23, 32]].
2024-12-23 15:26:05.988 [warning] invalid cursor position. [[22, 32] | [22, 32]].
2024-12-23 15:26:06.027 [warning] invalid cursor position. [[21, 32] | [21, 32]].
2024-12-23 15:26:06.067 [warning] invalid cursor position. [[20, 32] | [20, 32]].
2024-12-23 15:26:06.243 [warning] invalid cursor position. [[20, 32] | [20, 32]].
2024-12-23 15:26:06.843 [warning] invalid cursor position. [[21, 32] | [21, 32]].
2024-12-23 15:26:06.883 [warning] invalid cursor position. [[22, 32] | [22, 32]].
2024-12-23 15:26:06.922 [warning] invalid cursor position. [[23, 32] | [23, 32]].
2024-12-23 15:26:06.963 [warning] invalid cursor position. [[24, 32] | [24, 32]].
2024-12-23 15:26:07.002 [warning] invalid cursor position. [[25, 32] | [25, 32]].
2024-12-23 15:26:07.084 [warning] invalid cursor position. [[27, 32] | [27, 32]].
2024-12-23 15:26:07.123 [warning] invalid cursor position. [[28, 32] | [28, 32]].
2024-12-23 15:26:07.163 [warning] invalid cursor position. [[29, 32] | [29, 32]].
2024-12-23 15:26:07.204 [warning] invalid cursor position. [[30, 32] | [30, 32]].
2024-12-23 15:26:07.285 [warning] invalid cursor position. [[32, 32] | [32, 32]].
2024-12-23 15:26:10.152 [warning] invalid cursor position. [[36, 4] | [36, 4]].
2024-12-23 15:26:10.312 [warning] invalid cursor position. [[40, 4] | [40, 4]].
2024-12-23 15:26:10.552 [warning] invalid cursor position. [[46, 4] | [46, 4]].
2024-12-23 15:26:10.792 [warning] invalid cursor position. [[52, 4] | [52, 4]].
2024-12-23 15:26:12.299 [warning] invalid cursor position. [[52, 4] | [52, 4]].
2024-12-23 15:26:12.890 [warning] invalid cursor position. [[52, 4] | [52, 4]].
2024-12-23 15:26:14.058 [warning] invalid cursor position. [[52, 4] | [52, 4]].
2024-12-23 15:26:14.976 [warning] invalid cursor position. [[61, 4] | [61, 4]].
2024-12-23 15:26:15.018 [warning] invalid cursor position. [[62, 4] | [62, 4]].
2024-12-23 15:26:15.096 [warning] invalid cursor position. [[64, 4] | [64, 4]].
2024-12-23 15:26:15.800 [warning] invalid cursor position. [[62, 4] | [62, 4]].
2024-12-23 15:26:15.839 [warning] invalid cursor position. [[61, 4] | [61, 4]].
2024-12-23 15:26:16.201 [warning] invalid cursor position. [[52, 4] | [52, 4]].
2024-12-23 15:26:25.058 [warning] invalid cursor position. [[55, 16] | [55, 16]].
2024-12-23 15:26:25.136 [warning] invalid cursor position. [[53, 16] | [53, 16]].
2024-12-23 15:26:25.178 [warning] invalid cursor position. [[52, 16] | [52, 16]].
2024-12-23 15:26:25.218 [warning] invalid cursor position. [[51, 16] | [51, 16]].
2024-12-23 15:26:25.257 [warning] invalid cursor position. [[50, 16] | [50, 16]].
2024-12-23 15:26:25.418 [warning] invalid cursor position. [[46, 16] | [46, 16]].
2024-12-23 15:26:25.458 [warning] invalid cursor position. [[45, 16] | [45, 16]].
2024-12-23 15:26:25.657 [warning] invalid cursor position. [[40, 16] | [40, 16]].
2024-12-23 15:26:25.698 [warning] invalid cursor position. [[39, 16] | [39, 16]].
2024-12-23 15:26:25.818 [warning] invalid cursor position. [[36, 16] | [36, 16]].
2024-12-23 15:26:25.858 [warning] invalid cursor position. [[35, 16] | [35, 16]].
2024-12-23 15:26:26.057 [warning] invalid cursor position. [[30, 16] | [30, 16]].
2024-12-23 15:26:26.097 [warning] invalid cursor position. [[29, 16] | [29, 16]].
2024-12-23 15:26:26.299 [warning] invalid cursor position. [[24, 16] | [24, 16]].
2024-12-23 15:26:26.379 [warning] invalid cursor position. [[22, 16] | [22, 16]].
2024-12-23 15:26:26.422 [warning] invalid cursor position. [[21, 16] | [21, 16]].
2024-12-23 15:26:26.819 [warning] invalid cursor position. [[11, 16] | [11, 16]].
2024-12-23 15:26:26.940 [warning] invalid cursor position. [[8, 16] | [8, 16]].
2024-12-23 15:26:27.430 [warning] invalid cursor position. [[4, 16] | [4, 16]].
2024-12-23 15:26:28.110 [warning] invalid cursor position. [[1, 16] | [1, 16]].
2024-12-23 15:26:28.148 [warning] invalid cursor position. [[0, 16] | [0, 16]].
2024-12-23 15:26:28.600 [warning] invalid cursor position. [[1, 16] | [1, 16]].
2024-12-23 15:26:29.279 [warning] invalid cursor position. [[4, 16] | [4, 16]].
2024-12-23 15:26:29.439 [warning] invalid cursor position. [[8, 16] | [8, 16]].
2024-12-23 15:26:29.560 [warning] invalid cursor position. [[11, 16] | [11, 16]].
2024-12-23 15:26:30.987 [warning] invalid cursor position. [[21, 16] | [21, 16]].
2024-12-23 15:26:31.229 [warning] invalid cursor position. [[22, 16] | [22, 16]].
2024-12-23 15:26:31.870 [warning] invalid cursor position. [[24, 16] | [24, 16]].
2024-12-23 15:26:32.069 [warning] invalid cursor position. [[29, 16] | [29, 16]].
2024-12-23 15:26:32.109 [warning] invalid cursor position. [[30, 16] | [30, 16]].
2024-12-23 15:26:32.310 [warning] invalid cursor position. [[35, 16] | [35, 16]].
2024-12-23 15:33:22.591 [info] Executing :w
2024-12-23 15:33:23.152 [warning] invalid cursor position. [[1, 4] | [1, 4]].
2024-12-23 15:33:23.520 [warning] invalid cursor position. [[3, 4] | [3, 4]].
2024-12-23 15:33:31.290 [info] /home/arkochan/Repositories/kv-recorder/src/app/recorder/page.jsx closed
2024-12-23 15:33:31.325 [info] Active editor: file:///home/arkochan/Repositories/kv-recorder/src/app/recorder/page.tsx
2024-12-23 15:33:31.350 [info] /home/arkochan/Repositories/kv-recorder/src/app/recorder/page.jsx.git closed
2024-12-23 15:33:46.763 [warning] invalid cursor position. [[5, 16] | [5, 16]].
2024-12-23 15:33:46.907 [warning] invalid cursor position. [[6, 16] | [6, 16]].
2024-12-23 15:33:47.547 [warning] invalid cursor position. [[8, 16] | [8, 16]].
2024-12-23 15:33:47.587 [warning] invalid cursor position. [[9, 16] | [9, 16]].
2024-12-23 15:33:47.868 [warning] invalid cursor position. [[16, 16] | [16, 16]].
2024-12-23 15:33:48.151 [warning] invalid cursor position. [[23, 16] | [23, 16]].
2024-12-23 15:33:48.349 [warning] invalid cursor position. [[28, 16] | [28, 16]].
2024-12-23 15:33:48.389 [warning] invalid cursor position. [[29, 16] | [29, 16]].
2024-12-23 15:33:48.589 [warning] invalid cursor position. [[34, 16] | [34, 16]].
2024-12-23 15:33:48.629 [warning] invalid cursor position. [[35, 16] | [35, 16]].
2024-12-23 15:33:48.830 [warning] invalid cursor position. [[40, 16] | [40, 16]].
2024-12-23 15:33:48.869 [warning] invalid cursor position. [[41, 16] | [41, 16]].
2024-12-23 15:33:48.989 [warning] invalid cursor position. [[44, 16] | [44, 16]].
2024-12-23 15:33:49.149 [warning] invalid cursor position. [[48, 16] | [48, 16]].
2024-12-23 15:33:49.470 [warning] invalid cursor position. [[56, 16] | [56, 16]].
2024-12-23 15:33:49.629 [warning] invalid cursor position. [[60, 16] | [60, 16]].
2024-12-23 15:33:49.829 [warning] invalid cursor position. [[65, 16] | [65, 16]].
2024-12-23 15:33:49.869 [warning] invalid cursor position. [[66, 16] | [66, 16]].
2024-12-23 15:33:49.909 [warning] invalid cursor position. [[67, 16] | [67, 16]].
2024-12-23 15:33:50.030 [warning] invalid cursor position. [[70, 16] | [70, 16]].
2024-12-23 15:33:50.070 [warning] invalid cursor position. [[71, 16] | [71, 16]].
2024-12-23 15:33:50.135 [warning] invalid cursor position. [[71, 16] | [71, 16]].
2024-12-23 15:33:50.737 [warning] invalid cursor position. [[70, 16] | [70, 16]].
2024-12-23 15:33:50.856 [warning] invalid cursor position. [[67, 16] | [67, 16]].
2024-12-23 15:33:50.902 [warning] invalid cursor position. [[66, 16] | [66, 16]].
2024-12-23 15:33:50.936 [warning] invalid cursor position. [[65, 16] | [65, 16]].
2024-12-23 15:33:51.136 [warning] invalid cursor position. [[60, 16] | [60, 16]].
2024-12-23 15:33:51.297 [warning] invalid cursor position. [[56, 16] | [56, 16]].
2024-12-23 15:33:51.617 [warning] invalid cursor position. [[48, 16] | [48, 16]].
2024-12-23 15:33:51.779 [warning] invalid cursor position. [[44, 16] | [44, 16]].
2024-12-23 15:33:51.899 [warning] invalid cursor position. [[41, 16] | [41, 16]].
2024-12-23 15:33:51.939 [warning] invalid cursor position. [[40, 16] | [40, 16]].
2024-12-23 15:33:52.805 [info] Executing :w
2024-12-23 15:40:12.637 [warning] invalid cursor position. [[56, 6] | [56, 6]].
2024-12-23 15:40:19.864 [warning] invalid cursor position. [[60, 6] | [60, 6]].
2024-12-23 15:40:24.180 [warning] invalid cursor position. [[66, 6] | [66, 6]].
2024-12-23 15:40:25.323 [warning] invalid cursor position. [[67, 6] | [67, 6]].
2024-12-23 15:40:28.052 [warning] invalid cursor position. [[70, 6] | [70, 6]].
2024-12-23 15:40:29.065 [warning] invalid cursor position. [[71, 6] | [71, 6]].
2024-12-23 15:40:29.865 [warning] invalid cursor position. [[77, 6] | [77, 6]].
2024-12-23 15:40:30.427 [warning] invalid cursor position. [[91, 6] | [91, 6]].
2024-12-23 15:40:30.467 [warning] invalid cursor position. [[92, 6] | [92, 6]].
2024-12-23 15:40:39.737 [warning] invalid cursor position. [[92, 6] | [92, 6]].
2024-12-23 15:40:39.778 [warning] invalid cursor position. [[91, 6] | [91, 6]].
2024-12-23 15:40:40.339 [warning] invalid cursor position. [[77, 6] | [77, 6]].
2024-12-23 15:40:40.576 [warning] invalid cursor position. [[71, 6] | [71, 6]].
2024-12-23 15:40:40.853 [warning] invalid cursor position. [[70, 6] | [70, 6]].
2024-12-23 15:40:41.531 [warning] invalid cursor position. [[67, 6] | [67, 6]].
2024-12-23 15:40:41.572 [warning] invalid cursor position. [[66, 6] | [66, 6]].
2024-12-23 15:40:41.812 [warning] invalid cursor position. [[60, 6] | [60, 6]].
2024-12-23 15:40:42.902 [warning] invalid cursor position. [[56, 6] | [56, 6]].
2024-12-23 15:40:45.967 [warning] invalid cursor position. [[48, 6] | [48, 6]].
2024-12-23 15:40:46.126 [warning] invalid cursor position. [[44, 6] | [44, 6]].
2024-12-23 15:40:46.245 [warning] invalid cursor position. [[41, 6] | [41, 6]].
2024-12-23 15:40:46.285 [warning] invalid cursor position. [[40, 6] | [40, 6]].
2024-12-23 15:40:50.968 [warning] invalid cursor position. [[40, 6] | [40, 6]].
2024-12-23 15:40:51.007 [warning] invalid cursor position. [[41, 6] | [41, 6]].
2024-12-23 15:40:51.128 [warning] invalid cursor position. [[44, 6] | [44, 6]].
2024-12-23 15:40:51.287 [warning] invalid cursor position. [[48, 6] | [48, 6]].
2024-12-23 15:40:51.607 [warning] invalid cursor position. [[56, 6] | [56, 6]].
2024-12-23 15:40:51.769 [warning] invalid cursor position. [[60, 6] | [60, 6]].
2024-12-23 15:40:52.009 [warning] invalid cursor position. [[66, 6] | [66, 6]].
2024-12-23 15:40:52.050 [warning] invalid cursor position. [[67, 6] | [67, 6]].
2024-12-23 15:40:52.169 [warning] invalid cursor position. [[70, 6] | [70, 6]].
2024-12-23 15:40:53.234 [warning] invalid cursor position. [[67, 6] | [67, 6]].
2024-12-23 15:40:53.275 [warning] invalid cursor position. [[66, 6] | [66, 6]].
2024-12-23 15:42:22.079 [info] Searching for smooth
2024-12-23 15:42:35.152 [warning] invalid cursor position. [[16, 9] | [16, 9]].
2024-12-23 15:42:35.990 [warning] invalid cursor position. [[23, 9] | [23, 9]].
2024-12-23 15:42:36.191 [warning] invalid cursor position. [[28, 9] | [28, 9]].
2024-12-23 15:42:36.231 [warning] invalid cursor position. [[29, 9] | [29, 9]].
2024-12-23 15:42:36.471 [warning] invalid cursor position. [[35, 9] | [35, 9]].
2024-12-23 15:42:37.341 [warning] invalid cursor position. [[29, 9] | [29, 9]].
2024-12-23 15:42:37.379 [warning] invalid cursor position. [[28, 9] | [28, 9]].
2024-12-23 15:42:37.581 [warning] invalid cursor position. [[23, 9] | [23, 9]].
2024-12-23 15:42:38.673 [warning] invalid cursor position. [[23, 9] | [23, 9]].
2024-12-23 15:42:38.872 [warning] invalid cursor position. [[28, 9] | [28, 9]].
2024-12-23 15:42:38.913 [warning] invalid cursor position. [[29, 9] | [29, 9]].
2024-12-23 15:42:39.154 [warning] invalid cursor position. [[35, 9] | [35, 9]].
2024-12-23 15:42:39.353 [warning] invalid cursor position. [[40, 9] | [40, 9]].
2024-12-23 15:42:39.393 [warning] invalid cursor position. [[41, 9] | [41, 9]].
2024-12-23 15:42:39.515 [warning] invalid cursor position. [[44, 9] | [44, 9]].
2024-12-23 15:42:39.674 [warning] invalid cursor position. [[48, 9] | [48, 9]].
2024-12-23 15:42:39.995 [warning] invalid cursor position. [[56, 9] | [56, 9]].
2024-12-23 15:42:40.155 [warning] invalid cursor position. [[60, 9] | [60, 9]].
2024-12-23 15:42:40.355 [warning] invalid cursor position. [[65, 9] | [65, 9]].
2024-12-23 15:42:40.395 [warning] invalid cursor position. [[66, 9] | [66, 9]].
2024-12-23 15:42:40.435 [warning] invalid cursor position. [[67, 9] | [67, 9]].
2024-12-23 15:42:40.555 [warning] invalid cursor position. [[70, 9] | [70, 9]].
2024-12-23 15:42:40.595 [warning] invalid cursor position. [[71, 9] | [71, 9]].
2024-12-23 15:42:40.695 [warning] invalid cursor position. [[70, 9] | [70, 9]].
2024-12-23 15:42:41.374 [warning] invalid cursor position. [[67, 9] | [67, 9]].
2024-12-23 15:42:41.422 [warning] invalid cursor position. [[66, 9] | [66, 9]].
2024-12-23 15:42:41.453 [warning] invalid cursor position. [[65, 9] | [65, 9]].
2024-12-23 15:42:41.654 [warning] invalid cursor position. [[60, 9] | [60, 9]].
2024-12-23 15:42:41.816 [warning] invalid cursor position. [[56, 9] | [56, 9]].
