2024-12-23 20:23:36.835 [info] [main] Log level: Info
2024-12-23 20:23:36.835 [info] [main] Validating found git in: "git"
2024-12-23 20:23:36.835 [info] [main] Using git "2.47.1" from "git"
2024-12-23 20:23:36.835 [info] [Model][doInitialScan] Initial repository scan started
2024-12-23 20:23:36.835 [info] > git rev-parse --show-toplevel [5ms]
2024-12-23 20:23:36.835 [info] > git rev-parse --git-dir --git-common-dir [1ms]
2024-12-23 20:23:36.835 [info] [Model][openRepository] Opened repository: /home/arkochan/Repositories/kv-recorder
2024-12-23 20:23:37.026 [info] > git rev-parse --show-toplevel [173ms]
2024-12-23 20:23:37.026 [info] > git config --get commit.template [181ms]
2024-12-23 20:23:37.402 [info] > git rev-parse --show-toplevel [330ms]
2024-12-23 20:23:37.443 [info] > git check-ignore -v -z --stdin [30ms]
2024-12-23 20:23:37.444 [info] > git for-each-ref --format=%(refname)%00%(upstream:short)%00%(objectname)%00%(upstream:track)%00%(upstream:remotename)%00%(upstream:remoteref) refs/heads/main refs/remotes/main [51ms]
2024-12-23 20:23:37.479 [info] > git rev-parse --show-toplevel [37ms]
2024-12-23 20:23:37.505 [info] > git rev-parse --show-toplevel [2ms]
2024-12-23 20:23:37.506 [info] [Model][doInitialScan] Initial repository scan completed - repositories (1), closed repositories (0), parent repositories (0), unsafe repositories (0)
2024-12-23 20:23:37.553 [info] > git show --textconv :src/app/recorder/page.tsx [37ms]
2024-12-23 20:23:37.553 [info] > git status -z -uall [11ms]
2024-12-23 20:23:37.554 [info] > git ls-files --stage -- /home/arkochan/Repositories/kv-recorder/src/app/recorder/page.tsx [28ms]
2024-12-23 20:23:37.570 [info] > git cat-file -s 8425252a03b96ca54c8f443ac14107d093ef1926 [7ms]
2024-12-23 20:23:37.571 [info] > git for-each-ref --sort -committerdate --format %(refname) %(objectname) %(*objectname) [18ms]
2024-12-23 20:23:37.644 [info] > git for-each-ref --format=%(refname)%00%(upstream:short)%00%(objectname)%00%(upstream:track)%00%(upstream:remotename)%00%(upstream:remoteref) refs/heads/main refs/remotes/main [61ms]
2024-12-23 20:23:37.685 [info] > git config --local branch.main.vscode-merge-base [31ms]
2024-12-23 20:23:37.685 [warning] [Git][config] git config failed: Failed to execute git
2024-12-23 20:23:37.700 [info] > git config --get commit.template [57ms]
2024-12-23 20:23:37.704 [info] > git reflog main --grep-reflog=branch: Created from *. [5ms]
2024-12-23 20:23:37.715 [info] > git blame --root --incremental 861e539c07cfdb148f52bd05d0668e90b566ad20 -- /home/arkochan/Repositories/kv-recorder/src/app/recorder/page.tsx [34ms]
2024-12-23 20:23:37.728 [info] > git symbolic-ref --short refs/remotes/origin/HEAD [14ms]
2024-12-23 20:23:37.728 [info] fatal: ref refs/remotes/origin/HEAD is not a symbolic ref
2024-12-23 20:23:37.728 [warning] [Repository][getDefaultBranch] Failed to get default branch details: Failed to execute git.
2024-12-23 20:23:37.741 [info] > git merge-base refs/heads/main refs/remotes/origin/main [3ms]
2024-12-23 20:23:37.749 [info] > git for-each-ref --format=%(refname)%00%(upstream:short)%00%(objectname)%00%(upstream:track)%00%(upstream:remotename)%00%(upstream:remoteref) refs/heads/main refs/remotes/main [21ms]
2024-12-23 20:23:37.752 [info] > git diff --name-status -z --diff-filter=ADMR 861e539c07cfdb148f52bd05d0668e90b566ad20...refs/remotes/origin/main [3ms]
2024-12-23 20:23:37.778 [info] > git status -z -uall [11ms]
2024-12-23 20:23:37.780 [info] > git for-each-ref --sort -committerdate --format %(refname) %(objectname) %(*objectname) [3ms]
2024-12-23 20:23:38.457 [info] > git config --local branch.main.github-pr-owner-number [1ms]
2024-12-23 20:23:38.457 [warning] [Git][config] git config failed: Failed to execute git
2024-12-23 20:23:39.924 [info] > git config --get commit.template [9ms]
2024-12-23 20:23:39.925 [info] > git for-each-ref --format=%(refname)%00%(upstream:short)%00%(objectname)%00%(upstream:track)%00%(upstream:remotename)%00%(upstream:remoteref) refs/heads/main refs/remotes/main [1ms]
2024-12-23 20:23:39.943 [info] > git status -z -uall [9ms]
2024-12-23 20:23:39.943 [info] > git for-each-ref --sort -committerdate --format %(refname) %(objectname) %(*objectname) [1ms]
2024-12-23 20:24:08.400 [info] > git show --textconv :src/app/recorder/page.tsx [13ms]
2024-12-23 20:24:08.400 [info] > git ls-files --stage -- /home/arkochan/Repositories/kv-recorder/src/app/recorder/page.tsx [1ms]
2024-12-23 20:24:08.411 [info] > git cat-file -s 8425252a03b96ca54c8f443ac14107d093ef1926 [1ms]
