2024-12-23 19:40:46.349 [info] [main] Log level: Info
2024-12-23 19:40:46.349 [info] [main] Validating found git in: "git"
2024-12-23 19:40:46.349 [info] [main] Using git "2.47.1" from "git"
2024-12-23 19:40:46.349 [info] [Model][doInitialScan] Initial repository scan started
2024-12-23 19:40:46.349 [info] > git rev-parse --show-toplevel [12ms]
2024-12-23 19:40:46.349 [info] > git rev-parse --git-dir --git-common-dir [27ms]
2024-12-23 19:40:46.349 [info] [Model][openRepository] Opened repository: /home/arkochan/Repositories/kv-recorder
2024-12-23 19:40:46.360 [info] > git rev-parse --show-toplevel [3ms]
2024-12-23 19:40:46.360 [info] > git config --get commit.template [7ms]
2024-12-23 19:40:46.386 [info] > git rev-parse --show-toplevel [9ms]
2024-12-23 19:40:46.394 [info] > git for-each-ref --format=%(refname)%00%(upstream:short)%00%(objectname)%00%(upstream:track)%00%(upstream:remotename)%00%(upstream:remoteref) refs/heads/main refs/remotes/main [9ms]
2024-12-23 19:40:46.398 [info] > git rev-parse --show-toplevel [5ms]
2024-12-23 19:40:46.405 [info] > git rev-parse --show-toplevel [2ms]
2024-12-23 19:40:46.406 [info] [Model][doInitialScan] Initial repository scan completed - repositories (1), closed repositories (0), parent repositories (0), unsafe repositories (0)
2024-12-23 19:40:46.414 [info] > git status -z -uall [4ms]
2024-12-23 19:40:46.414 [info] > git for-each-ref --sort -committerdate --format %(refname) %(objectname) %(*objectname) [1ms]
2024-12-23 19:40:46.423 [info] > git for-each-ref --format=%(refname)%00%(upstream:short)%00%(objectname)%00%(upstream:track)%00%(upstream:remotename)%00%(upstream:remoteref) refs/heads/main refs/remotes/main [4ms]
2024-12-23 19:40:46.427 [info] > git config --local branch.main.vscode-merge-base [1ms]
2024-12-23 19:40:46.427 [warning] [Git][config] git config failed: Failed to execute git
2024-12-23 19:40:46.431 [info] > git config --get commit.template [8ms]
2024-12-23 19:40:46.435 [info] > git reflog main --grep-reflog=branch: Created from *. [5ms]
2024-12-23 19:40:46.438 [info] > git for-each-ref --format=%(refname)%00%(upstream:short)%00%(objectname)%00%(upstream:track)%00%(upstream:remotename)%00%(upstream:remoteref) refs/heads/main refs/remotes/main [4ms]
2024-12-23 19:40:46.450 [info] > git status -z -uall [9ms]
2024-12-23 19:40:46.450 [info] > git for-each-ref --sort -committerdate --format %(refname) %(objectname) %(*objectname) [6ms]
2024-12-23 19:40:46.455 [info] > git symbolic-ref --short refs/remotes/origin/HEAD [17ms]
2024-12-23 19:40:46.455 [info] fatal: ref refs/remotes/origin/HEAD is not a symbolic ref
2024-12-23 19:40:46.455 [warning] [Repository][getDefaultBranch] Failed to get default branch details: Failed to execute git.
2024-12-23 19:40:46.459 [info] > git for-each-ref --format=%(refname)%00%(upstream:short)%00%(objectname)%00%(upstream:track)%00%(upstream:remotename)%00%(upstream:remoteref) refs/heads/main refs/remotes/main [5ms]
2024-12-23 19:40:46.463 [info] > git config --local branch.main.vscode-merge-base [1ms]
2024-12-23 19:40:46.463 [warning] [Git][config] git config failed: Failed to execute git
2024-12-23 19:40:46.466 [info] > git merge-base refs/heads/main refs/remotes/origin/main [6ms]
2024-12-23 19:40:46.469 [info] > git reflog main --grep-reflog=branch: Created from *. [4ms]
2024-12-23 19:40:46.472 [info] > git diff --name-status -z --diff-filter=ADMR 861e539c07cfdb148f52bd05d0668e90b566ad20...refs/remotes/origin/main [3ms]
2024-12-23 19:40:46.473 [info] > git symbolic-ref --short refs/remotes/origin/HEAD [1ms]
2024-12-23 19:40:46.473 [info] fatal: ref refs/remotes/origin/HEAD is not a symbolic ref
2024-12-23 19:40:46.473 [warning] [Repository][getDefaultBranch] Failed to get default branch details: Failed to execute git.
2024-12-23 19:40:46.661 [info] > git show --textconv :src/app/recorder/page.tsx [4ms]
2024-12-23 19:40:46.662 [info] > git ls-files --stage -- /home/arkochan/Repositories/kv-recorder/src/app/recorder/page.tsx [1ms]
2024-12-23 19:40:46.666 [info] > git cat-file -s 8425252a03b96ca54c8f443ac14107d093ef1926 [1ms]
2024-12-23 19:40:46.678 [info] > git blame --root --incremental 861e539c07cfdb148f52bd05d0668e90b566ad20 -- /home/arkochan/Repositories/kv-recorder/src/app/recorder/page.tsx [1ms]
2024-12-23 19:40:46.867 [info] > git check-ignore -v -z --stdin [1ms]
2024-12-23 19:43:15.920 [info] > git log --format=%H%n%aN%n%aE%n%at%n%ct%n%P%n%D%n%B -z --shortstat --diff-merges=first-parent -n50 --skip=0 --topo-order --decorate=full --stdin [123ms]
2024-12-23 19:43:38.190 [info] > git config --local branch.main.github-pr-owner-number [4ms]
2024-12-23 19:43:38.190 [warning] [Git][config] git config failed: Failed to execute git
2024-12-23 19:43:40.626 [info] > git config --get commit.template [2ms]
2024-12-23 19:43:40.637 [info] > git for-each-ref --format=%(refname)%00%(upstream:short)%00%(objectname)%00%(upstream:track)%00%(upstream:remotename)%00%(upstream:remoteref) refs/heads/main refs/remotes/main [1ms]
2024-12-23 19:43:40.657 [info] > git status -z -uall [10ms]
2024-12-23 19:43:40.661 [info] > git for-each-ref --sort -committerdate --format %(refname) %(objectname) %(*objectname) [5ms]
2024-12-23 19:44:08.155 [info] > git log --format=%H%n%aN%n%aE%n%at%n%ct%n%P%n%D%n%B -z --shortstat --diff-merges=first-parent -n50 --skip=0 --topo-order --decorate=full --stdin [2ms]
2024-12-23 19:45:16.281 [info] > git show --textconv :src/app/recorder/page.tsx [11ms]
2024-12-23 19:45:16.281 [info] > git ls-files --stage -- /home/arkochan/Repositories/kv-recorder/src/app/recorder/page.tsx [1ms]
2024-12-23 19:45:16.292 [info] > git cat-file -s 8425252a03b96ca54c8f443ac14107d093ef1926 [1ms]
2024-12-23 19:45:30.987 [info] > git config --get commit.template [1ms]
2024-12-23 19:45:30.996 [info] > git for-each-ref --format=%(refname)%00%(upstream:short)%00%(objectname)%00%(upstream:track)%00%(upstream:remotename)%00%(upstream:remoteref) refs/heads/main refs/remotes/main [0ms]
2024-12-23 19:45:31.015 [info] > git status -z -uall [9ms]
2024-12-23 19:45:31.015 [info] > git for-each-ref --sort -committerdate --format %(refname) %(objectname) %(*objectname) [1ms]
2024-12-23 19:45:43.732 [info] > git config --get commit.template [10ms]
2024-12-23 19:45:43.732 [info] > git for-each-ref --format=%(refname)%00%(upstream:short)%00%(objectname)%00%(upstream:track)%00%(upstream:remotename)%00%(upstream:remoteref) refs/heads/main refs/remotes/main [0ms]
2024-12-23 19:45:43.751 [info] > git status -z -uall [9ms]
2024-12-23 19:45:43.752 [info] > git for-each-ref --sort -committerdate --format %(refname) %(objectname) %(*objectname) [1ms]
2024-12-23 19:45:48.767 [info] > git config --get commit.template [2ms]
2024-12-23 19:45:48.777 [info] > git for-each-ref --format=%(refname)%00%(upstream:short)%00%(objectname)%00%(upstream:track)%00%(upstream:remotename)%00%(upstream:remoteref) refs/heads/main refs/remotes/main [1ms]
2024-12-23 19:45:48.797 [info] > git status -z -uall [10ms]
2024-12-23 19:45:48.797 [info] > git for-each-ref --sort -committerdate --format %(refname) %(objectname) %(*objectname) [1ms]
2024-12-23 19:45:50.754 [info] > git show --textconv :tsconfig.json [12ms]
2024-12-23 19:45:50.754 [info] > git ls-files --stage -- /home/arkochan/Repositories/kv-recorder/tsconfig.json [1ms]
2024-12-23 19:45:50.766 [info] > git cat-file -s c1334095f876a408c10f2357faaced969ec090ab [1ms]
2024-12-23 19:45:57.122 [info] > git show --textconv :src/app/recorder/page.tsx [12ms]
2024-12-23 19:45:57.122 [info] > git ls-files --stage -- /home/arkochan/Repositories/kv-recorder/src/app/recorder/page.tsx [1ms]
2024-12-23 19:45:57.133 [info] > git cat-file -s 8425252a03b96ca54c8f443ac14107d093ef1926 [1ms]
2024-12-23 19:46:33.901 [info] > git config --get commit.template [10ms]
2024-12-23 19:46:33.901 [info] > git for-each-ref --format=%(refname)%00%(upstream:short)%00%(objectname)%00%(upstream:track)%00%(upstream:remotename)%00%(upstream:remoteref) refs/heads/main refs/remotes/main [1ms]
2024-12-23 19:46:33.919 [info] > git status -z -uall [9ms]
2024-12-23 19:46:33.919 [info] > git for-each-ref --sort -committerdate --format %(refname) %(objectname) %(*objectname) [0ms]
2024-12-23 19:53:59.479 [info] > git config --get commit.template [10ms]
2024-12-23 19:53:59.480 [info] > git for-each-ref --format=%(refname)%00%(upstream:short)%00%(objectname)%00%(upstream:track)%00%(upstream:remotename)%00%(upstream:remoteref) refs/heads/main refs/remotes/main [1ms]
2024-12-23 19:53:59.500 [info] > git status -z -uall [11ms]
2024-12-23 19:53:59.501 [info] > git for-each-ref --sort -committerdate --format %(refname) %(objectname) %(*objectname) [2ms]
2024-12-23 19:54:20.147 [info] > git show --textconv :src/app/recorder/page.tsx [11ms]
2024-12-23 19:54:20.147 [info] > git ls-files --stage -- /home/arkochan/Repositories/kv-recorder/src/app/recorder/page.tsx [1ms]
2024-12-23 19:54:20.158 [info] > git cat-file -s 8425252a03b96ca54c8f443ac14107d093ef1926 [1ms]
2024-12-23 19:55:07.318 [info] > git show --textconv :src/app/recorder/page.jsx [13ms]
2024-12-23 19:55:07.318 [info] > git ls-files --stage -- /home/arkochan/Repositories/kv-recorder/src/app/recorder/page.jsx [1ms]
2024-12-23 19:55:07.337 [info] > git blame --root --incremental 861e539c07cfdb148f52bd05d0668e90b566ad20 -- /home/arkochan/Repositories/kv-recorder/src/app/recorder/page.jsx [1ms]
2024-12-23 19:55:07.337 [info] fatal: no such path src/app/recorder/page.jsx in 861e539c07cfdb148f52bd05d0668e90b566ad20
2024-12-23 19:55:07.598 [info] > git check-ignore -v -z --stdin [0ms]
2024-12-23 19:55:08.157 [info] > git for-each-ref --format=%(refname)%00%(upstream:short)%00%(objectname)%00%(upstream:track)%00%(upstream:remotename)%00%(upstream:remoteref) refs/heads/main refs/remotes/main [1ms]
2024-12-23 19:55:08.157 [info] > git config --get commit.template [11ms]
2024-12-23 19:55:08.176 [info] > git status -z -uall [10ms]
2024-12-23 19:55:08.177 [info] > git for-each-ref --sort -committerdate --format %(refname) %(objectname) %(*objectname) [1ms]
2024-12-23 19:55:51.600 [info] > git config --get commit.template [9ms]
2024-12-23 19:55:51.600 [info] > git for-each-ref --format=%(refname)%00%(upstream:short)%00%(objectname)%00%(upstream:track)%00%(upstream:remotename)%00%(upstream:remoteref) refs/heads/main refs/remotes/main [1ms]
2024-12-23 19:55:51.618 [info] > git status -z -uall [9ms]
2024-12-23 19:55:51.619 [info] > git for-each-ref --sort -committerdate --format %(refname) %(objectname) %(*objectname) [1ms]
2024-12-23 19:55:51.692 [info] > git ls-files --stage -- /home/arkochan/Repositories/kv-recorder/src/app/recorder/page.jsx [1ms]
2024-12-23 19:55:51.703 [info] > git show --textconv :src/app/recorder/page.jsx [1ms]
2024-12-23 19:55:56.642 [info] > git config --get commit.template [10ms]
2024-12-23 19:55:56.642 [info] > git for-each-ref --format=%(refname)%00%(upstream:short)%00%(objectname)%00%(upstream:track)%00%(upstream:remotename)%00%(upstream:remoteref) refs/heads/main refs/remotes/main [1ms]
2024-12-23 19:55:56.660 [info] > git status -z -uall [9ms]
2024-12-23 19:55:56.660 [info] > git for-each-ref --sort -committerdate --format %(refname) %(objectname) %(*objectname) [0ms]
2024-12-23 19:56:02.993 [info] > git config --get commit.template [10ms]
2024-12-23 19:56:02.993 [info] > git for-each-ref --format=%(refname)%00%(upstream:short)%00%(objectname)%00%(upstream:track)%00%(upstream:remotename)%00%(upstream:remoteref) refs/heads/main refs/remotes/main [0ms]
2024-12-23 19:56:03.012 [info] > git status -z -uall [10ms]
2024-12-23 19:56:03.012 [info] > git for-each-ref --sort -committerdate --format %(refname) %(objectname) %(*objectname) [0ms]
2024-12-23 19:56:05.440 [info] > git show --textconv :src/app/recorder/page.jsx [10ms]
2024-12-23 19:56:05.440 [info] > git ls-files --stage -- /home/arkochan/Repositories/kv-recorder/src/app/recorder/page.jsx [1ms]
2024-12-23 19:56:08.035 [info] > git config --get commit.template [10ms]
2024-12-23 19:56:08.036 [info] > git for-each-ref --format=%(refname)%00%(upstream:short)%00%(objectname)%00%(upstream:track)%00%(upstream:remotename)%00%(upstream:remoteref) refs/heads/main refs/remotes/main [0ms]
2024-12-23 19:56:08.054 [info] > git status -z -uall [10ms]
2024-12-23 19:56:08.054 [info] > git for-each-ref --sort -committerdate --format %(refname) %(objectname) %(*objectname) [1ms]
2024-12-23 19:56:08.478 [info] > git show --textconv :src/app/recorder/page.tsx [11ms]
2024-12-23 19:56:08.479 [info] > git ls-files --stage -- /home/arkochan/Repositories/kv-recorder/src/app/recorder/page.tsx [1ms]
2024-12-23 19:56:08.489 [info] > git cat-file -s 8425252a03b96ca54c8f443ac14107d093ef1926 [1ms]
2024-12-23 19:56:13.078 [info] > git config --get commit.template [10ms]
2024-12-23 19:56:13.078 [info] > git for-each-ref --format=%(refname)%00%(upstream:short)%00%(objectname)%00%(upstream:track)%00%(upstream:remotename)%00%(upstream:remoteref) refs/heads/main refs/remotes/main [1ms]
2024-12-23 19:56:13.098 [info] > git status -z -uall [10ms]
2024-12-23 19:56:13.099 [info] > git for-each-ref --sort -committerdate --format %(refname) %(objectname) %(*objectname) [2ms]
2024-12-23 19:56:47.782 [info] > git show --textconv :package.json [12ms]
2024-12-23 19:56:47.782 [info] > git ls-files --stage -- /home/arkochan/Repositories/kv-recorder/package.json [1ms]
2024-12-23 19:56:47.794 [info] > git cat-file -s a412f706c528c549e4ed2bd17edcb2aee5db6278 [1ms]
2024-12-23 19:58:23.355 [info] > git show --textconv :src/app/recorder/page.tsx [11ms]
2024-12-23 19:58:23.355 [info] > git ls-files --stage -- /home/arkochan/Repositories/kv-recorder/src/app/recorder/page.tsx [1ms]
2024-12-23 19:58:23.365 [info] > git cat-file -s 8425252a03b96ca54c8f443ac14107d093ef1926 [0ms]
2024-12-23 20:00:48.532 [info] > git config --get commit.template [10ms]
2024-12-23 20:00:48.532 [info] > git for-each-ref --format=%(refname)%00%(upstream:short)%00%(objectname)%00%(upstream:track)%00%(upstream:remotename)%00%(upstream:remoteref) refs/heads/main refs/remotes/main [0ms]
2024-12-23 20:00:48.551 [info] > git status -z -uall [9ms]
2024-12-23 20:00:48.552 [info] > git for-each-ref --sort -committerdate --format %(refname) %(objectname) %(*objectname) [1ms]
2024-12-23 20:01:13.219 [info] > git show --textconv :tsconfig.json [11ms]
2024-12-23 20:01:13.220 [info] > git ls-files --stage -- /home/arkochan/Repositories/kv-recorder/tsconfig.json [1ms]
2024-12-23 20:01:13.231 [info] > git cat-file -s c1334095f876a408c10f2357faaced969ec090ab [1ms]
2024-12-23 20:01:14.623 [info] > git blame --root --incremental 861e539c07cfdb148f52bd05d0668e90b566ad20 -- /home/arkochan/Repositories/kv-recorder/tsconfig.json [1ms]
2024-12-23 20:01:18.479 [info] > git show --textconv :src/app/recorder/page.tsx [11ms]
2024-12-23 20:01:18.479 [info] > git ls-files --stage -- /home/arkochan/Repositories/kv-recorder/src/app/recorder/page.tsx [1ms]
2024-12-23 20:01:18.490 [info] > git cat-file -s 8425252a03b96ca54c8f443ac14107d093ef1926 [1ms]
2024-12-23 20:02:10.879 [info] > git config --get commit.template [10ms]
2024-12-23 20:02:10.879 [info] > git for-each-ref --format=%(refname)%00%(upstream:short)%00%(objectname)%00%(upstream:track)%00%(upstream:remotename)%00%(upstream:remoteref) refs/heads/main refs/remotes/main [0ms]
2024-12-23 20:02:10.898 [info] > git status -z -uall [9ms]
2024-12-23 20:02:10.898 [info] > git for-each-ref --sort -committerdate --format %(refname) %(objectname) %(*objectname) [0ms]
2024-12-23 20:02:34.988 [info] > git config --get commit.template [10ms]
2024-12-23 20:02:34.988 [info] > git for-each-ref --format=%(refname)%00%(upstream:short)%00%(objectname)%00%(upstream:track)%00%(upstream:remotename)%00%(upstream:remoteref) refs/heads/main refs/remotes/main [1ms]
2024-12-23 20:02:35.006 [info] > git status -z -uall [9ms]
2024-12-23 20:02:35.007 [info] > git for-each-ref --sort -committerdate --format %(refname) %(objectname) %(*objectname) [1ms]
2024-12-23 20:02:54.702 [info] > git show --textconv :src/app/recorder/page.tsx [11ms]
2024-12-23 20:02:54.702 [info] > git ls-files --stage -- /home/arkochan/Repositories/kv-recorder/src/app/recorder/page.tsx [1ms]
2024-12-23 20:02:54.712 [info] > git cat-file -s 8425252a03b96ca54c8f443ac14107d093ef1926 [1ms]
2024-12-23 20:03:13.866 [info] > git config --get commit.template [10ms]
2024-12-23 20:03:13.866 [info] > git for-each-ref --format=%(refname)%00%(upstream:short)%00%(objectname)%00%(upstream:track)%00%(upstream:remotename)%00%(upstream:remoteref) refs/heads/main refs/remotes/main [1ms]
2024-12-23 20:03:13.885 [info] > git status -z -uall [9ms]
2024-12-23 20:03:13.885 [info] > git for-each-ref --sort -committerdate --format %(refname) %(objectname) %(*objectname) [0ms]
2024-12-23 20:03:59.234 [info] > git config --get commit.template [11ms]
2024-12-23 20:03:59.234 [info] > git for-each-ref --format=%(refname)%00%(upstream:short)%00%(objectname)%00%(upstream:track)%00%(upstream:remotename)%00%(upstream:remoteref) refs/heads/main refs/remotes/main [1ms]
2024-12-23 20:03:59.254 [info] > git status -z -uall [10ms]
2024-12-23 20:03:59.255 [info] > git for-each-ref --sort -committerdate --format %(refname) %(objectname) %(*objectname) [1ms]
2024-12-23 20:04:04.273 [info] > git config --get commit.template [2ms]
2024-12-23 20:04:04.284 [info] > git for-each-ref --format=%(refname)%00%(upstream:short)%00%(objectname)%00%(upstream:track)%00%(upstream:remotename)%00%(upstream:remoteref) refs/heads/main refs/remotes/main [1ms]
2024-12-23 20:04:04.304 [info] > git status -z -uall [9ms]
2024-12-23 20:04:04.305 [info] > git for-each-ref --sort -committerdate --format %(refname) %(objectname) %(*objectname) [1ms]
2024-12-23 20:04:29.608 [info] > git config --get commit.template [11ms]
2024-12-23 20:04:29.608 [info] > git for-each-ref --format=%(refname)%00%(upstream:short)%00%(objectname)%00%(upstream:track)%00%(upstream:remotename)%00%(upstream:remoteref) refs/heads/main refs/remotes/main [1ms]
2024-12-23 20:04:29.628 [info] > git status -z -uall [11ms]
2024-12-23 20:04:29.628 [info] > git for-each-ref --sort -committerdate --format %(refname) %(objectname) %(*objectname) [1ms]
2024-12-23 20:04:34.650 [info] > git config --get commit.template [9ms]
2024-12-23 20:04:34.650 [info] > git for-each-ref --format=%(refname)%00%(upstream:short)%00%(objectname)%00%(upstream:track)%00%(upstream:remotename)%00%(upstream:remoteref) refs/heads/main refs/remotes/main [0ms]
2024-12-23 20:04:34.669 [info] > git status -z -uall [10ms]
2024-12-23 20:04:34.669 [info] > git for-each-ref --sort -committerdate --format %(refname) %(objectname) %(*objectname) [0ms]
2024-12-23 20:04:39.691 [info] > git config --get commit.template [10ms]
2024-12-23 20:04:39.692 [info] > git for-each-ref --format=%(refname)%00%(upstream:short)%00%(objectname)%00%(upstream:track)%00%(upstream:remotename)%00%(upstream:remoteref) refs/heads/main refs/remotes/main [1ms]
2024-12-23 20:04:39.710 [info] > git status -z -uall [10ms]
2024-12-23 20:04:39.711 [info] > git for-each-ref --sort -committerdate --format %(refname) %(objectname) %(*objectname) [1ms]
2024-12-23 20:04:45.102 [info] > git show --textconv :src/app/recorder/page.tsx [10ms]
2024-12-23 20:04:45.103 [info] > git ls-files --stage -- /home/arkochan/Repositories/kv-recorder/src/app/recorder/page.tsx [1ms]
2024-12-23 20:04:45.113 [info] > git cat-file -s 8425252a03b96ca54c8f443ac14107d093ef1926 [1ms]
2024-12-23 20:04:51.864 [info] > git config --get commit.template [14ms]
2024-12-23 20:04:51.864 [info] > git for-each-ref --format=%(refname)%00%(upstream:short)%00%(objectname)%00%(upstream:track)%00%(upstream:remotename)%00%(upstream:remoteref) refs/heads/main refs/remotes/main [1ms]
2024-12-23 20:04:51.885 [info] > git status -z -uall [10ms]
2024-12-23 20:04:51.886 [info] > git for-each-ref --sort -committerdate --format %(refname) %(objectname) %(*objectname) [1ms]
2024-12-23 20:05:39.836 [info] > git config --get commit.template [9ms]
2024-12-23 20:05:39.837 [info] > git for-each-ref --format=%(refname)%00%(upstream:short)%00%(objectname)%00%(upstream:track)%00%(upstream:remotename)%00%(upstream:remoteref) refs/heads/main refs/remotes/main [1ms]
2024-12-23 20:05:39.856 [info] > git status -z -uall [10ms]
2024-12-23 20:05:39.856 [info] > git for-each-ref --sort -committerdate --format %(refname) %(objectname) %(*objectname) [1ms]
2024-12-23 20:06:00.738 [info] > git config --get commit.template [1ms]
2024-12-23 20:06:00.750 [info] > git for-each-ref --format=%(refname)%00%(upstream:short)%00%(objectname)%00%(upstream:track)%00%(upstream:remotename)%00%(upstream:remoteref) refs/heads/main refs/remotes/main [1ms]
2024-12-23 20:06:00.769 [info] > git status -z -uall [10ms]
2024-12-23 20:06:00.770 [info] > git for-each-ref --sort -committerdate --format %(refname) %(objectname) %(*objectname) [1ms]
2024-12-23 20:06:55.755 [info] > git config --get commit.template [12ms]
2024-12-23 20:06:55.755 [info] > git for-each-ref --format=%(refname)%00%(upstream:short)%00%(objectname)%00%(upstream:track)%00%(upstream:remotename)%00%(upstream:remoteref) refs/heads/main refs/remotes/main [2ms]
2024-12-23 20:06:55.777 [info] > git status -z -uall [11ms]
2024-12-23 20:06:55.778 [info] > git for-each-ref --sort -committerdate --format %(refname) %(objectname) %(*objectname) [1ms]
2024-12-23 20:07:17.813 [info] > git config --get commit.template [10ms]
2024-12-23 20:07:17.814 [info] > git for-each-ref --format=%(refname)%00%(upstream:short)%00%(objectname)%00%(upstream:track)%00%(upstream:remotename)%00%(upstream:remoteref) refs/heads/main refs/remotes/main [0ms]
2024-12-23 20:07:17.832 [info] > git status -z -uall [9ms]
2024-12-23 20:07:17.832 [info] > git for-each-ref --sort -committerdate --format %(refname) %(objectname) %(*objectname) [0ms]
2024-12-23 20:08:05.563 [info] > git config --get commit.template [13ms]
2024-12-23 20:08:05.563 [info] > git for-each-ref --format=%(refname)%00%(upstream:short)%00%(objectname)%00%(upstream:track)%00%(upstream:remotename)%00%(upstream:remoteref) refs/heads/main refs/remotes/main [1ms]
2024-12-23 20:08:05.585 [info] > git status -z -uall [11ms]
2024-12-23 20:08:05.585 [info] > git for-each-ref --sort -committerdate --format %(refname) %(objectname) %(*objectname) [1ms]
2024-12-23 20:09:07.665 [info] > git config --get commit.template [11ms]
2024-12-23 20:09:07.665 [info] > git for-each-ref --format=%(refname)%00%(upstream:short)%00%(objectname)%00%(upstream:track)%00%(upstream:remotename)%00%(upstream:remoteref) refs/heads/main refs/remotes/main [1ms]
2024-12-23 20:09:07.685 [info] > git status -z -uall [10ms]
2024-12-23 20:09:07.685 [info] > git for-each-ref --sort -committerdate --format %(refname) %(objectname) %(*objectname) [0ms]
2024-12-23 20:09:24.486 [info] > git config --get commit.template [1ms]
2024-12-23 20:09:24.497 [info] > git for-each-ref --format=%(refname)%00%(upstream:short)%00%(objectname)%00%(upstream:track)%00%(upstream:remotename)%00%(upstream:remoteref) refs/heads/main refs/remotes/main [1ms]
2024-12-23 20:09:24.516 [info] > git status -z -uall [9ms]
2024-12-23 20:09:24.517 [info] > git for-each-ref --sort -committerdate --format %(refname) %(objectname) %(*objectname) [1ms]
2024-12-23 20:09:34.101 [info] > git config --get commit.template [1ms]
2024-12-23 20:09:34.114 [info] > git for-each-ref --format=%(refname)%00%(upstream:short)%00%(objectname)%00%(upstream:track)%00%(upstream:remotename)%00%(upstream:remoteref) refs/heads/main refs/remotes/main [1ms]
2024-12-23 20:09:34.137 [info] > git status -z -uall [11ms]
2024-12-23 20:09:34.138 [info] > git for-each-ref --sort -committerdate --format %(refname) %(objectname) %(*objectname) [0ms]
2024-12-23 20:09:45.417 [info] > git config --get commit.template [1ms]
2024-12-23 20:09:45.429 [info] > git for-each-ref --format=%(refname)%00%(upstream:short)%00%(objectname)%00%(upstream:track)%00%(upstream:remotename)%00%(upstream:remoteref) refs/heads/main refs/remotes/main [1ms]
2024-12-23 20:09:45.450 [info] > git status -z -uall [11ms]
2024-12-23 20:09:45.450 [info] > git for-each-ref --sort -committerdate --format %(refname) %(objectname) %(*objectname) [0ms]
2024-12-23 20:10:13.169 [info] > git config --get commit.template [1ms]
2024-12-23 20:10:13.181 [info] > git for-each-ref --format=%(refname)%00%(upstream:short)%00%(objectname)%00%(upstream:track)%00%(upstream:remotename)%00%(upstream:remoteref) refs/heads/main refs/remotes/main [1ms]
2024-12-23 20:10:13.201 [info] > git status -z -uall [10ms]
2024-12-23 20:10:13.202 [info] > git for-each-ref --sort -committerdate --format %(refname) %(objectname) %(*objectname) [1ms]
2024-12-23 20:10:18.905 [info] > git config --get commit.template [11ms]
2024-12-23 20:10:18.906 [info] > git for-each-ref --format=%(refname)%00%(upstream:short)%00%(objectname)%00%(upstream:track)%00%(upstream:remotename)%00%(upstream:remoteref) refs/heads/main refs/remotes/main [1ms]
2024-12-23 20:10:18.926 [info] > git status -z -uall [10ms]
2024-12-23 20:10:18.927 [info] > git for-each-ref --sort -committerdate --format %(refname) %(objectname) %(*objectname) [1ms]
2024-12-23 20:10:29.838 [info] > git config --get commit.template [11ms]
2024-12-23 20:10:29.838 [info] > git for-each-ref --format=%(refname)%00%(upstream:short)%00%(objectname)%00%(upstream:track)%00%(upstream:remotename)%00%(upstream:remoteref) refs/heads/main refs/remotes/main [1ms]
2024-12-23 20:10:29.859 [info] > git status -z -uall [11ms]
2024-12-23 20:10:29.860 [info] > git for-each-ref --sort -committerdate --format %(refname) %(objectname) %(*objectname) [1ms]
2024-12-23 20:13:03.561 [info] > git config --get commit.template [11ms]
2024-12-23 20:13:03.561 [info] > git for-each-ref --format=%(refname)%00%(upstream:short)%00%(objectname)%00%(upstream:track)%00%(upstream:remotename)%00%(upstream:remoteref) refs/heads/main refs/remotes/main [1ms]
2024-12-23 20:13:03.583 [info] > git status -z -uall [11ms]
2024-12-23 20:13:03.583 [info] > git for-each-ref --sort -committerdate --format %(refname) %(objectname) %(*objectname) [1ms]
2024-12-23 20:13:11.564 [info] > git config --get commit.template [10ms]
2024-12-23 20:13:11.564 [info] > git for-each-ref --format=%(refname)%00%(upstream:short)%00%(objectname)%00%(upstream:track)%00%(upstream:remotename)%00%(upstream:remoteref) refs/heads/main refs/remotes/main [1ms]
2024-12-23 20:13:11.584 [info] > git status -z -uall [10ms]
2024-12-23 20:13:11.586 [info] > git for-each-ref --sort -committerdate --format %(refname) %(objectname) %(*objectname) [2ms]
2024-12-23 20:13:59.346 [info] > git config --get commit.template [10ms]
2024-12-23 20:13:59.346 [info] > git for-each-ref --format=%(refname)%00%(upstream:short)%00%(objectname)%00%(upstream:track)%00%(upstream:remotename)%00%(upstream:remoteref) refs/heads/main refs/remotes/main [1ms]
2024-12-23 20:13:59.368 [info] > git status -z -uall [11ms]
2024-12-23 20:13:59.370 [info] > git for-each-ref --sort -committerdate --format %(refname) %(objectname) %(*objectname) [2ms]
2024-12-23 20:14:33.240 [info] > git config --get commit.template [10ms]
2024-12-23 20:14:33.240 [info] > git for-each-ref --format=%(refname)%00%(upstream:short)%00%(objectname)%00%(upstream:track)%00%(upstream:remotename)%00%(upstream:remoteref) refs/heads/main refs/remotes/main [0ms]
2024-12-23 20:14:33.260 [info] > git status -z -uall [10ms]
2024-12-23 20:14:33.260 [info] > git for-each-ref --sort -committerdate --format %(refname) %(objectname) %(*objectname) [1ms]
2024-12-23 20:16:49.119 [info] > git config --get commit.template [11ms]
2024-12-23 20:16:49.120 [info] > git for-each-ref --format=%(refname)%00%(upstream:short)%00%(objectname)%00%(upstream:track)%00%(upstream:remotename)%00%(upstream:remoteref) refs/heads/main refs/remotes/main [1ms]
2024-12-23 20:16:49.140 [info] > git status -z -uall [11ms]
2024-12-23 20:16:49.140 [info] > git for-each-ref --sort -committerdate --format %(refname) %(objectname) %(*objectname) [0ms]
2024-12-23 20:21:10.612 [info] > git show --textconv :package.json [11ms]
2024-12-23 20:21:10.613 [info] > git ls-files --stage -- /home/arkochan/Repositories/kv-recorder/package.json [1ms]
2024-12-23 20:21:10.623 [info] > git cat-file -s a412f706c528c549e4ed2bd17edcb2aee5db6278 [0ms]
2024-12-23 20:21:10.637 [info] > git blame --root --incremental 861e539c07cfdb148f52bd05d0668e90b566ad20 -- /home/arkochan/Repositories/kv-recorder/package.json [1ms]
2024-12-23 20:21:14.753 [info] > git show --textconv :src/app/recorder/page.tsx [11ms]
2024-12-23 20:21:14.753 [info] > git ls-files --stage -- /home/arkochan/Repositories/kv-recorder/src/app/recorder/page.tsx [1ms]
2024-12-23 20:21:14.764 [info] > git cat-file -s 8425252a03b96ca54c8f443ac14107d093ef1926 [1ms]
2024-12-23 20:21:23.913 [info] > git config --get commit.template [10ms]
2024-12-23 20:21:23.913 [info] > git for-each-ref --format=%(refname)%00%(upstream:short)%00%(objectname)%00%(upstream:track)%00%(upstream:remotename)%00%(upstream:remoteref) refs/heads/main refs/remotes/main [1ms]
2024-12-23 20:21:23.933 [info] > git status -z -uall [10ms]
2024-12-23 20:21:23.933 [info] > git for-each-ref --sort -committerdate --format %(refname) %(objectname) %(*objectname) [1ms]
