2024-12-23 03:34:44.771 [info] read schema from vscode: vscode://schemas/settings/user
2024-12-23 03:34:44.942 [info] read schema from vscode: vscode://schemas/settings/resourceLanguage
2024-12-23 03:34:44.995 [info] read schema from vscode: vscode://schemas/ignoredSettings
2024-12-23 03:34:45.015 [info] read schema from vscode: vscode://schemas/launch
2024-12-23 03:34:45.021 [info] read schema from vscode: vscode://schemas/token-styling
2024-12-23 03:34:45.026 [info] read schema from vscode: vscode://schemas/textmate-colors
2024-12-23 03:34:45.029 [info] read schema from vscode: vscode://schemas/workbench-colors
2024-12-23 03:34:45.571 [info] cancelled
2024-12-23 03:34:46.772 [info] schema change detected vscode://schemas/settings/user
2024-12-23 03:34:46.773 [info] read schema from vscode: vscode://schemas/settings/user
2024-12-23 03:34:47.438 [info] schema change detected vscode://schemas/settings/resourceLanguage
2024-12-23 03:34:47.439 [info] read schema from vscode: vscode://schemas/settings/user
2024-12-23 03:34:47.444 [info] schema change detected vscode://schemas/ignoredSettings
2024-12-23 03:34:47.495 [info] read schema from vscode: vscode://schemas/settings/resourceLanguage
2024-12-23 03:34:47.496 [info] read schema from vscode: vscode://schemas/ignoredSettings
2024-12-23 03:34:47.506 [info] schema change detected vscode://schemas/settings/user
2024-12-23 03:34:47.540 [info] cancelled
2024-12-23 03:34:47.540 [info] read schema from vscode: vscode://schemas/settings/user
2024-12-23 03:34:47.565 [info] schema change detected vscode://schemas/settings/user
2024-12-23 03:34:47.609 [info] cancelled
2024-12-23 03:34:47.610 [info] read schema from vscode: vscode://schemas/settings/user
2024-12-23 03:34:47.679 [info] cancelled
2024-12-23 03:34:49.854 [info] schema change detected vscode://schemas/launch
2024-12-23 03:34:49.854 [info] read schema from vscode: vscode://schemas/settings/user
2024-12-23 03:34:49.893 [info] read schema from vscode: vscode://schemas/launch
2024-12-23 03:34:50.902 [info] schema change detected vscode://schemas/settings/user
2024-12-23 03:34:50.903 [info] read schema from vscode: vscode://schemas/settings/user
