2024-12-23 20:23:57.772 [info] /home/arkochan/Repositories/kv-recorder/src/app/recorder/page.tsx.git closed
2024-12-23 20:24:08.177 [info] Active editor: file:///home/arkochan/Repositories/kv-recorder/src/app/recorder/page.tsx
2024-12-23 20:24:21.385 [info] /home/arkochan/Repositories/kv-recorder/src/app/recorder/page.tsx.git closed
2024-12-23 20:24:34.746 [info] /home/arkochan/.config/Code/User/settings.json closed
2024-12-23 20:24:34.767 [info] Configuration changed
2024-12-23 20:24:35.571 [info] /home/arkochan/.config/Code/User/settings.json closed
2024-12-23 20:24:35.588 [info] Configuration changed
2024-12-23 20:24:57.435 [info] /home/arkochan/.config/Code/User/settings.json closed
2024-12-23 20:24:57.449 [info] Configuration changed
2024-12-23 20:25:02.047 [info] /home/arkochan/.config/Code/User/settings.json closed
2024-12-23 20:25:02.062 [info] Configuration changed
2024-12-23 20:25:05.843 [info] /home/arkochan/.config/Code/User/settings.json closed
2024-12-23 20:25:05.855 [info] Configuration changed
2024-12-23 20:25:07.942 [info] /home/arkochan/.config/Code/User/settings.json closed
2024-12-23 20:25:07.955 [info] Configuration changed
2024-12-23 20:25:09.960 [info] /home/arkochan/.config/Code/User/settings.json closed
2024-12-23 20:25:09.972 [info] Configuration changed
2024-12-23 20:25:11.645 [info] /home/arkochan/.config/Code/User/settings.json closed
2024-12-23 20:25:11.658 [info] Configuration changed
2024-12-23 20:25:35.367 [info] /home/arkochan/.config/Code/User/settings.json closed
2024-12-23 20:25:35.380 [info] Configuration changed
2024-12-23 20:26:40.484 [info] /home/arkochan/Repositories/kv-recorder/.next/package.json closed
2024-12-23 20:26:40.486 [info] /home/arkochan/Repositories/kv-recorder/package.json closed
