2024-12-23 03:36:02.232 [info] [main] Log level: Info
2024-12-23 03:36:02.232 [info] [main] Validating found git in: "git"
2024-12-23 03:36:02.232 [info] [main] Using git "2.47.1" from "git"
2024-12-23 03:36:02.232 [info] [Model][doInitialScan] Initial repository scan started
2024-12-23 03:36:02.232 [info] > git rev-parse --show-toplevel [3ms]
2024-12-23 03:36:02.232 [info] > git rev-parse --git-dir --git-common-dir [1ms]
2024-12-23 03:36:02.232 [info] [Model][openRepository] Opened repository: /home/arkochan/Repositories/kv-recorder
2024-12-23 03:36:02.358 [info] > git rev-parse --show-toplevel [118ms]
2024-12-23 03:36:02.358 [info] > git config --get commit.template [122ms]
2024-12-23 03:36:02.411 [info] > git rev-parse --show-toplevel [21ms]
2024-12-23 03:36:02.422 [info] > git for-each-ref --format=%(refname)%00%(upstream:short)%00%(objectname)%00%(upstream:track)%00%(upstream:remotename)%00%(upstream:remoteref) refs/heads/main refs/remotes/main [13ms]
2024-12-23 03:36:02.435 [info] > git rev-parse --show-toplevel [16ms]
2024-12-23 03:36:02.436 [info] [Model][doInitialScan] Initial repository scan completed - repositories (1), closed repositories (0), parent repositories (0), unsafe repositories (0)
2024-12-23 03:36:02.461 [info] > git status -z -uall [7ms]
2024-12-23 03:36:02.461 [info] > git for-each-ref --sort -committerdate --format %(refname) %(objectname) %(*objectname) [3ms]
2024-12-23 03:36:02.479 [info] > git for-each-ref --format=%(refname)%00%(upstream:short)%00%(objectname)%00%(upstream:track)%00%(upstream:remotename)%00%(upstream:remoteref) refs/heads/main refs/remotes/main [12ms]
2024-12-23 03:36:02.491 [info] > git config --local branch.main.vscode-merge-base [8ms]
2024-12-23 03:36:02.491 [warning] [Git][config] git config failed: Failed to execute git
2024-12-23 03:36:02.495 [info] > git config --get commit.template [19ms]
2024-12-23 03:36:02.499 [info] > git reflog main --grep-reflog=branch: Created from *. [4ms]
2024-12-23 03:36:02.502 [info] > git for-each-ref --format=%(refname)%00%(upstream:short)%00%(objectname)%00%(upstream:track)%00%(upstream:remotename)%00%(upstream:remoteref) refs/heads/main refs/remotes/main [4ms]
2024-12-23 03:36:02.508 [info] > git status -z -uall [3ms]
2024-12-23 03:36:02.508 [info] > git symbolic-ref --short refs/remotes/origin/HEAD [7ms]
2024-12-23 03:36:02.508 [info] fatal: ref refs/remotes/origin/HEAD is not a symbolic ref
2024-12-23 03:36:02.508 [warning] [Repository][getDefaultBranch] Failed to get default branch details: Failed to execute git.
2024-12-23 03:36:02.516 [info] > git merge-base refs/heads/main refs/remotes/origin/main [5ms]
2024-12-23 03:36:02.520 [info] > git for-each-ref --sort -committerdate --format %(refname) %(objectname) %(*objectname) [12ms]
2024-12-23 03:36:02.524 [info] > git merge-base refs/heads/main refs/remotes/origin/main [0ms]
2024-12-23 03:36:02.527 [info] > git diff --name-status -z --diff-filter=ADMR 861e539c07cfdb148f52bd05d0668e90b566ad20...refs/remotes/origin/main [7ms]
2024-12-23 03:36:02.528 [info] > git diff --name-status -z --diff-filter=ADMR 861e539c07cfdb148f52bd05d0668e90b566ad20...refs/remotes/origin/main [1ms]
2024-12-23 03:36:02.865 [info] > git check-ignore -v -z --stdin [1ms]
2024-12-23 03:36:18.432 [info] > git show --textconv :src/app/recorder/dulnan.vue [7ms]
2024-12-23 03:36:18.433 [info] > git ls-files --stage -- /home/arkochan/Repositories/kv-recorder/src/app/recorder/dulnan.vue [2ms]
2024-12-23 03:36:18.452 [info] > git blame --root --incremental 861e539c07cfdb148f52bd05d0668e90b566ad20 -- /home/arkochan/Repositories/kv-recorder/src/app/recorder/dulnan.vue [2ms]
2024-12-23 03:36:18.452 [info] fatal: no such path src/app/recorder/dulnan.vue in 861e539c07cfdb148f52bd05d0668e90b566ad20
2024-12-23 03:36:18.705 [info] > git check-ignore -v -z --stdin [1ms]
2024-12-23 03:36:25.434 [info] > git show --textconv :src/app/recorder/dulnan.vue [4ms]
2024-12-23 03:36:25.435 [info] > git ls-files --stage -- /home/arkochan/Repositories/kv-recorder/src/app/recorder/dulnan.vue [1ms]
2024-12-23 03:37:56.789 [info] > git show --textconv :src/app/recorder/dulnan.vue [4ms]
2024-12-23 03:37:56.790 [info] > git ls-files --stage -- /home/arkochan/Repositories/kv-recorder/src/app/recorder/dulnan.vue [1ms]
2024-12-23 03:37:59.293 [info] > git show --textconv :src/app/page.tsx [5ms]
2024-12-23 03:37:59.295 [info] > git ls-files --stage -- /home/arkochan/Repositories/kv-recorder/src/app/page.tsx [3ms]
2024-12-23 03:37:59.300 [info] > git cat-file -s 3eee0141abe634fab81de261c7133991b5a56a17 [1ms]
2024-12-23 03:38:00.458 [info] > git blame --root --incremental 861e539c07cfdb148f52bd05d0668e90b566ad20 -- /home/arkochan/Repositories/kv-recorder/src/app/page.tsx [2ms]
2024-12-23 03:38:03.540 [info] > git show --textconv :src/app/recorder/dulnan.vue [4ms]
2024-12-23 03:38:03.541 [info] > git ls-files --stage -- /home/arkochan/Repositories/kv-recorder/src/app/recorder/dulnan.vue [1ms]
