2024-12-23 03:36:03.600 [info] Configuration changed
2024-12-23 03:36:06.770 [warning] invalid cursor position. [[8, 45] | [8, 45]].
2024-12-23 03:36:06.997 [warning] invalid cursor position. [[8, 45] | [8, 45]].
2024-12-23 03:36:08.453 [info] Executing :w
2024-12-23 03:36:09.757 [info] Executing :w
2024-12-23 03:36:12.653 [info] Executing :w
2024-12-23 03:36:14.640 [info] Executing :wqa
2024-12-23 03:36:14.653 [info] /home/arkochan/.config/Code/User/settings.json closed
2024-12-23 03:36:14.653 [warning] getLineLength() called with out-of-bounds line 10
2024-12-23 03:36:14.653 [warning] getLineLength() called with out-of-bounds line 10
2024-12-23 03:36:18.229 [info] Active editor: file:///home/arkochan/Repositories/kv-recorder/src/app/recorder/dulnan.vue
2024-12-23 03:36:23.947 [info] Active editor: untitled:Untitled-1
2024-12-23 03:36:23.951 [info] /home/arkochan/Repositories/kv-recorder/src/app/recorder/dulnan.vue.git closed
2024-12-23 03:36:25.221 [info] Untitled-1 closed
2024-12-23 03:36:25.225 [info] Active editor: file:///home/arkochan/Repositories/kv-recorder/src/app/recorder/dulnan.vue
2024-12-23 03:36:30.085 [info] Active editor: vscode-userdata:/home/arkochan/.config/Code/User/settings.json
2024-12-23 03:36:30.092 [info] /home/arkochan/Repositories/kv-recorder/src/app/recorder/dulnan.vue.git closed
2024-12-23 03:36:50.372 [warning] invalid cursor position. [[46, 18] | [46, 18]].
2024-12-23 03:36:51.130 [warning] invalid cursor position. [[51, 18] | [51, 18]].
2024-12-23 03:36:51.171 [warning] invalid cursor position. [[52, 18] | [52, 18]].
2024-12-23 03:36:51.211 [warning] invalid cursor position. [[53, 18] | [53, 18]].
2024-12-23 03:36:51.372 [warning] invalid cursor position. [[57, 18] | [57, 18]].
2024-12-23 03:36:51.612 [warning] invalid cursor position. [[63, 18] | [63, 18]].
2024-12-23 03:36:51.652 [warning] invalid cursor position. [[64, 18] | [64, 18]].
2024-12-23 03:36:51.693 [warning] invalid cursor position. [[65, 18] | [65, 18]].
2024-12-23 03:36:51.813 [warning] invalid cursor position. [[68, 18] | [68, 18]].
2024-12-23 03:36:51.973 [warning] invalid cursor position. [[72, 18] | [72, 18]].
2024-12-23 03:36:52.133 [warning] invalid cursor position. [[76, 18] | [76, 18]].
2024-12-23 03:36:52.172 [warning] invalid cursor position. [[77, 18] | [77, 18]].
2024-12-23 03:36:52.214 [warning] invalid cursor position. [[78, 18] | [78, 18]].
2024-12-23 03:36:52.373 [warning] invalid cursor position. [[82, 18] | [82, 18]].
2024-12-23 03:36:53.265 [warning] invalid cursor position. [[82, 18] | [82, 18]].
2024-12-23 03:36:53.425 [warning] invalid cursor position. [[78, 18] | [78, 18]].
2024-12-23 03:36:53.464 [warning] invalid cursor position. [[77, 18] | [77, 18]].
2024-12-23 03:36:53.505 [warning] invalid cursor position. [[76, 18] | [76, 18]].
2024-12-23 03:36:53.664 [warning] invalid cursor position. [[72, 18] | [72, 18]].
2024-12-23 03:36:54.508 [warning] invalid cursor position. [[72, 18] | [72, 18]].
2024-12-23 03:36:54.667 [warning] invalid cursor position. [[76, 18] | [76, 18]].
2024-12-23 03:36:54.708 [warning] invalid cursor position. [[77, 18] | [77, 18]].
2024-12-23 03:36:54.747 [warning] invalid cursor position. [[78, 18] | [78, 18]].
2024-12-23 03:36:54.908 [warning] invalid cursor position. [[82, 18] | [82, 18]].
2024-12-23 03:36:55.068 [warning] invalid cursor position. [[86, 18] | [86, 18]].
2024-12-23 03:36:55.108 [warning] invalid cursor position. [[87, 18] | [87, 18]].
2024-12-23 03:36:55.148 [warning] invalid cursor position. [[88, 18] | [88, 18]].
2024-12-23 03:36:55.308 [warning] invalid cursor position. [[92, 18] | [92, 18]].
2024-12-23 03:36:55.470 [warning] invalid cursor position. [[96, 18] | [96, 18]].
2024-12-23 03:36:55.511 [warning] invalid cursor position. [[97, 18] | [97, 18]].
2024-12-23 03:36:55.551 [warning] invalid cursor position. [[98, 18] | [98, 18]].
2024-12-23 03:37:14.738 [info] Searching for explorer
2024-12-23 03:37:20.281 [warning] invalid cursor position. [[824, 16] | [824, 16]].
2024-12-23 03:37:20.960 [warning] invalid cursor position. [[827, 16] | [827, 16]].
2024-12-23 03:37:21.001 [warning] invalid cursor position. [[828, 16] | [828, 16]].
2024-12-23 03:37:21.042 [warning] invalid cursor position. [[829, 16] | [829, 16]].
2024-12-23 03:37:33.824 [warning] invalid cursor position. [[844, 20] | [844, 20]].
2024-12-23 03:37:34.380 [warning] invalid cursor position. [[847, 20] | [847, 20]].
2024-12-23 03:37:34.981 [warning] invalid cursor position. [[848, 20] | [848, 20]].
2024-12-23 03:37:35.022 [warning] invalid cursor position. [[849, 20] | [849, 20]].
2024-12-23 03:37:40.368 [warning] invalid cursor position. [[854, 20] | [854, 20]].
2024-12-23 03:37:40.487 [warning] invalid cursor position. [[857, 20] | [857, 20]].
2024-12-23 03:37:40.529 [warning] invalid cursor position. [[858, 20] | [858, 20]].
2024-12-23 03:37:40.608 [warning] invalid cursor position. [[860, 20] | [860, 20]].
2024-12-23 03:37:44.965 [warning] invalid cursor position. [[860, 20] | [860, 20]].
2024-12-23 03:37:45.592 [warning] invalid cursor position. [[858, 20] | [858, 20]].
2024-12-23 03:37:45.632 [warning] invalid cursor position. [[857, 20] | [857, 20]].
2024-12-23 03:37:45.782 [warning] invalid cursor position. [[857, 20] | [857, 20]].
2024-12-23 03:37:46.382 [warning] invalid cursor position. [[858, 20] | [858, 20]].
2024-12-23 03:37:46.462 [warning] invalid cursor position. [[860, 20] | [860, 20]].
2024-12-23 03:37:46.621 [warning] invalid cursor position. [[864, 20] | [864, 20]].
2024-12-23 03:37:46.661 [warning] invalid cursor position. [[865, 20] | [865, 20]].
2024-12-23 03:37:56.580 [info] Active editor: file:///home/arkochan/Repositories/kv-recorder/src/app/recorder/dulnan.vue
2024-12-23 03:37:56.709 [warning] invalid cursor position. [[350, 18] | [350, 18]].
2024-12-23 03:37:59.084 [info] Active editor: file:///home/arkochan/Repositories/kv-recorder/src/app/page.tsx
2024-12-23 03:37:59.159 [info] /home/arkochan/Repositories/kv-recorder/src/app/recorder/dulnan.vue.git closed
2024-12-23 03:38:03.332 [info] Active editor: file:///home/arkochan/Repositories/kv-recorder/src/app/recorder/dulnan.vue
2024-12-23 03:38:03.338 [info] /home/arkochan/Repositories/kv-recorder/src/app/page.tsx.git closed
2024-12-23 03:38:04.038 [warning] invalid cursor position. [[352, 18] | [352, 18]].
2024-12-23 03:38:07.710 [warning] invalid cursor position. [[352, 18] | [352, 18]].
2024-12-23 03:38:07.971 [warning] invalid cursor position. [[352, 18] | [352, 18]].
2024-12-23 03:38:08.524 [warning] invalid cursor position. [[350, 18] | [350, 18]].
2024-12-23 03:38:08.909 [warning] invalid cursor position. [[348, 18] | [348, 18]].
2024-12-23 03:39:07.265 [info] /home/arkochan/Repositories/kv-recorder/.next/package.json closed
2024-12-23 03:39:07.265 [info] /home/arkochan/Repositories/kv-recorder/package.json closed
