2024-12-23 20:23:34.631 [info] Reading sessions from keychain...
2024-12-23 20:23:34.631 [info] Getting sessions for all scopes...
2024-12-23 20:23:34.631 [info] Getting sessions for all scopes...
2024-12-23 20:23:34.631 [info] Getting sessions for all scopes...
2024-12-23 20:23:34.631 [info] Getting sessions for user:email...
2024-12-23 20:23:34.631 [info] Getting sessions for all scopes...
2024-12-23 20:23:34.631 [info] Getting sessions for all scopes...
2024-12-23 20:23:34.631 [info] Getting sessions for all scopes...
2024-12-23 20:23:34.631 [info] Getting sessions for all scopes...
2024-12-23 20:23:34.631 [info] Getting sessions for all scopes...
2024-12-23 20:23:34.839 [info] Got stored sessions!
2024-12-23 20:23:34.839 [info] Got 1 verified sessions.
2024-12-23 20:23:34.840 [info] Got 1 sessions for ...
2024-12-23 20:23:34.840 [info] Got 1 sessions for ...
2024-12-23 20:23:34.840 [info] Got 1 sessions for ...
2024-12-23 20:23:34.840 [info] Got 1 sessions for user:email...
2024-12-23 20:23:34.840 [info] Got 1 sessions for ...
2024-12-23 20:23:34.840 [info] Got 1 sessions for ...
2024-12-23 20:23:34.840 [info] Got 1 sessions for ...
2024-12-23 20:23:34.840 [info] Got 1 sessions for ...
2024-12-23 20:23:34.840 [info] Got 1 sessions for ...
2024-12-23 20:23:35.135 [info] Getting sessions for user:email...
2024-12-23 20:23:35.135 [info] Got 1 sessions for user:email...
2024-12-23 20:23:35.135 [info] Getting sessions for user:email...
2024-12-23 20:23:35.135 [info] Got 1 sessions for user:email...
2024-12-23 20:23:36.892 [info] Getting sessions for all scopes...
2024-12-23 20:23:36.892 [info] Got 1 sessions for ...
2024-12-23 20:23:37.374 [info] Getting sessions for read:user,repo,user:email...
2024-12-23 20:23:37.374 [info] Got 0 sessions for read:user,repo,user:email...
2024-12-23 20:23:37.374 [info] Getting sessions for read:user,repo,user:email,workflow...
2024-12-23 20:23:37.374 [info] Got 0 sessions for read:user,repo,user:email,workflow...
2024-12-23 20:23:37.444 [info] Getting sessions for project,read:org,read:user,repo,user:email,workflow...
2024-12-23 20:23:37.445 [info] Got 0 sessions for project,read:org,read:user,repo,user:email,workflow...
2024-12-23 20:23:37.505 [info] Getting sessions for read:user...
2024-12-23 20:23:37.505 [info] Got 0 sessions for read:user...
2024-12-23 20:23:37.592 [info] Getting sessions for read:user,repo,user:email,workflow...
2024-12-23 20:23:37.592 [info] Got 0 sessions for read:user,repo,user:email,workflow...
2024-12-23 20:23:37.703 [info] Getting sessions for user:email...
2024-12-23 20:23:37.703 [info] Got 1 sessions for user:email...
2024-12-23 20:23:37.703 [info] Getting sessions for read:user,repo,user:email,workflow...
2024-12-23 20:23:37.703 [info] Got 0 sessions for read:user,repo,user:email,workflow...
2024-12-23 20:23:37.750 [info] Getting sessions for read:user,repo,user:email...
2024-12-23 20:23:37.750 [info] Got 0 sessions for read:user,repo,user:email...
2024-12-23 20:23:38.415 [info] Getting sessions for read:user,repo,user:email,workflow...
2024-12-23 20:23:38.415 [info] Got 0 sessions for read:user,repo,user:email,workflow...
2024-12-23 20:23:40.162 [info] Getting sessions for read:user,repo,user:email,workflow...
2024-12-23 20:23:40.162 [info] Got 0 sessions for read:user,repo,user:email,workflow...
2024-12-23 20:23:40.166 [info] Getting sessions for read:user...
2024-12-23 20:23:40.166 [info] Got 0 sessions for read:user...
2024-12-23 20:23:40.167 [info] Getting sessions for user:email...
2024-12-23 20:23:40.167 [info] Got 1 sessions for user:email...
