2024-12-23 14:16:55.290 [info] [main] Log level: Info
2024-12-23 14:16:55.290 [info] [main] Validating found git in: "git"
2024-12-23 14:16:55.290 [info] [main] Using git "2.47.1" from "git"
2024-12-23 14:16:55.290 [info] [Model][doInitialScan] Initial repository scan started
2024-12-23 14:16:55.290 [info] > git rev-parse --show-toplevel [4ms]
2024-12-23 14:16:55.295 [info] > git rev-parse --git-dir --git-common-dir [654ms]
2024-12-23 14:16:55.300 [info] [Model][openRepository] Opened repository: /home/arkochan/Repositories/kv-recorder
2024-12-23 14:16:55.368 [info] > git rev-parse --show-toplevel [5ms]
2024-12-23 14:16:55.368 [info] > git config --get commit.template [8ms]
2024-12-23 14:16:55.387 [info] > git for-each-ref --format=%(refname)%00%(upstream:short)%00%(objectname)%00%(upstream:track)%00%(upstream:remotename)%00%(upstream:remoteref) refs/heads/main refs/remotes/main [10ms]
2024-12-23 14:16:55.387 [info] > git rev-parse --show-toplevel [14ms]
2024-12-23 14:16:55.477 [info] > git rev-parse --show-toplevel [86ms]
2024-12-23 14:16:55.496 [info] > git status -z -uall [5ms]
2024-12-23 14:16:55.496 [info] > git rev-parse --show-toplevel [15ms]
2024-12-23 14:16:55.497 [info] [Model][doInitialScan] Initial repository scan completed - repositories (1), closed repositories (0), parent repositories (0), unsafe repositories (0)
2024-12-23 14:16:55.498 [info] > git for-each-ref --sort -committerdate --format %(refname) %(objectname) %(*objectname) [3ms]
2024-12-23 14:16:55.524 [info] > git for-each-ref --format=%(refname)%00%(upstream:short)%00%(objectname)%00%(upstream:track)%00%(upstream:remotename)%00%(upstream:remoteref) refs/heads/main refs/remotes/main [20ms]
2024-12-23 14:16:55.541 [info] > git config --local branch.main.vscode-merge-base [13ms]
2024-12-23 14:16:55.541 [warning] [Git][config] git config failed: Failed to execute git
2024-12-23 14:16:55.546 [info] > git config --get commit.template [23ms]
2024-12-23 14:16:55.551 [info] > git for-each-ref --format=%(refname)%00%(upstream:short)%00%(objectname)%00%(upstream:track)%00%(upstream:remotename)%00%(upstream:remoteref) refs/heads/main refs/remotes/main [1ms]
2024-12-23 14:16:55.552 [info] > git reflog main --grep-reflog=branch: Created from *. [6ms]
2024-12-23 14:16:55.556 [info] > git symbolic-ref --short refs/remotes/origin/HEAD [1ms]
2024-12-23 14:16:55.556 [info] fatal: ref refs/remotes/origin/HEAD is not a symbolic ref
2024-12-23 14:16:55.556 [warning] [Repository][getDefaultBranch] Failed to get default branch details: Failed to execute git.
2024-12-23 14:16:55.569 [info] > git merge-base refs/heads/main refs/remotes/origin/main [7ms]
2024-12-23 14:16:55.583 [info] > git status -z -uall [6ms]
2024-12-23 14:16:55.584 [info] > git diff --name-status -z --diff-filter=ADMR 861e539c07cfdb148f52bd05d0668e90b566ad20...refs/remotes/origin/main [10ms]
2024-12-23 14:16:55.584 [info] > git for-each-ref --sort -committerdate --format %(refname) %(objectname) %(*objectname) [2ms]
2024-12-23 14:16:55.694 [info] > git show --textconv :src/app/recorder/dulnan.vue [9ms]
2024-12-23 14:16:55.696 [info] > git ls-files --stage -- /home/arkochan/Repositories/kv-recorder/src/app/recorder/dulnan.vue [2ms]
2024-12-23 14:16:55.704 [info] > git blame --root --incremental 861e539c07cfdb148f52bd05d0668e90b566ad20 -- /home/arkochan/Repositories/kv-recorder/src/app/recorder/dulnan.vue [1ms]
2024-12-23 14:16:55.704 [info] fatal: no such path src/app/recorder/dulnan.vue in 861e539c07cfdb148f52bd05d0668e90b566ad20
2024-12-23 14:16:55.871 [info] > git check-ignore -v -z --stdin [1ms]
2024-12-23 14:37:45.592 [info] > git show --textconv :src/app/recorder/dulnan copy.vue [5ms]
2024-12-23 14:37:45.592 [info] > git ls-files --stage -- /home/arkochan/Repositories/kv-recorder/src/app/recorder/dulnan copy.vue [1ms]
2024-12-23 14:37:45.818 [info] > git show --textconv :src/app/recorder/dulnan copy 2.vue [4ms]
2024-12-23 14:37:45.819 [info] > git ls-files --stage -- /home/arkochan/Repositories/kv-recorder/src/app/recorder/dulnan copy 2.vue [1ms]
2024-12-23 14:37:46.233 [info] > git show --textconv :src/app/recorder/dulnan copy 4.vue [4ms]
2024-12-23 14:37:46.234 [info] > git ls-files --stage -- /home/arkochan/Repositories/kv-recorder/src/app/recorder/dulnan copy 4.vue [1ms]
2024-12-23 14:37:46.489 [info] > git check-ignore -v -z --stdin [1ms]
2024-12-23 14:37:47.116 [info] > git config --get commit.template [4ms]
2024-12-23 14:37:47.116 [info] > git for-each-ref --format=%(refname)%00%(upstream:short)%00%(objectname)%00%(upstream:track)%00%(upstream:remotename)%00%(upstream:remoteref) refs/heads/main refs/remotes/main [0ms]
2024-12-23 14:37:47.124 [info] > git status -z -uall [4ms]
2024-12-23 14:37:47.125 [info] > git for-each-ref --sort -committerdate --format %(refname) %(objectname) %(*objectname) [1ms]
2024-12-23 14:37:47.140 [info] > git show --textconv :src/app/recorder/dulnan.vue [5ms]
2024-12-23 14:37:47.141 [info] > git ls-files --stage -- /home/arkochan/Repositories/kv-recorder/src/app/recorder/dulnan.vue [1ms]
2024-12-23 14:37:51.005 [info] > git show --textconv :src/app/recorder/dulnan copy 4.vue [5ms]
2024-12-23 14:37:51.005 [info] > git ls-files --stage -- /home/arkochan/Repositories/kv-recorder/src/app/recorder/dulnan copy 4.vue [1ms]
2024-12-23 14:38:40.186 [info] > git config --get commit.template [5ms]
2024-12-23 14:38:40.186 [info] > git for-each-ref --format=%(refname)%00%(upstream:short)%00%(objectname)%00%(upstream:track)%00%(upstream:remotename)%00%(upstream:remoteref) refs/heads/main refs/remotes/main [1ms]
2024-12-23 14:38:40.194 [info] > git status -z -uall [4ms]
2024-12-23 14:38:40.194 [info] > git for-each-ref --sort -committerdate --format %(refname) %(objectname) %(*objectname) [0ms]
2024-12-23 14:38:41.934 [info] > git blame --root --incremental 861e539c07cfdb148f52bd05d0668e90b566ad20 -- /home/arkochan/Repositories/kv-recorder/src/app/recorder/dulnan copy 4.vue [1ms]
2024-12-23 14:38:41.934 [info] fatal: no such path src/app/recorder/dulnan copy 4.vue in 861e539c07cfdb148f52bd05d0668e90b566ad20
2024-12-23 14:39:27.580 [info] > git show --textconv :src/app/recorder/dulnan copy 3.vue [5ms]
2024-12-23 14:39:27.580 [info] > git ls-files --stage -- /home/arkochan/Repositories/kv-recorder/src/app/recorder/dulnan copy 3.vue [1ms]
2024-12-23 14:39:29.360 [info] > git show --textconv :src/app/recorder/dulnan copy 2.vue [5ms]
2024-12-23 14:39:29.360 [info] > git ls-files --stage -- /home/arkochan/Repositories/kv-recorder/src/app/recorder/dulnan copy 2.vue [1ms]
2024-12-23 14:39:30.559 [info] > git show --textconv :src/app/recorder/dulnan copy 3.vue [7ms]
2024-12-23 14:39:30.560 [info] > git ls-files --stage -- /home/arkochan/Repositories/kv-recorder/src/app/recorder/dulnan copy 3.vue [2ms]
2024-12-23 14:40:56.507 [info] > git show --textconv :src/app/recorder/dulnan copy 3.vue [4ms]
2024-12-23 14:40:56.508 [info] > git ls-files --stage -- /home/arkochan/Repositories/kv-recorder/src/app/recorder/dulnan copy 3.vue [1ms]
2024-12-23 14:40:57.714 [info] > git show --textconv :src/app/recorder/dulnan copy 4.vue [7ms]
2024-12-23 14:40:57.715 [info] > git ls-files --stage -- /home/arkochan/Repositories/kv-recorder/src/app/recorder/dulnan copy 4.vue [1ms]
2024-12-23 14:40:58.830 [info] > git show --textconv :src/app/recorder/dulnan copy.vue [5ms]
2024-12-23 14:40:58.830 [info] > git ls-files --stage -- /home/arkochan/Repositories/kv-recorder/src/app/recorder/dulnan copy.vue [1ms]
2024-12-23 14:40:59.762 [info] > git show --textconv :src/app/recorder/dulnan copy 2.vue [4ms]
2024-12-23 14:40:59.763 [info] > git ls-files --stage -- /home/arkochan/Repositories/kv-recorder/src/app/recorder/dulnan copy 2.vue [1ms]
2024-12-23 14:41:06.835 [info] > git show --textconv :src/app/recorder/dulnan copy 3.vue [5ms]
2024-12-23 14:41:06.835 [info] > git ls-files --stage -- /home/arkochan/Repositories/kv-recorder/src/app/recorder/dulnan copy 3.vue [1ms]
2024-12-23 14:41:07.724 [info] > git show --textconv :src/app/recorder/dulnan copy 2.vue [5ms]
2024-12-23 14:41:07.724 [info] > git ls-files --stage -- /home/arkochan/Repositories/kv-recorder/src/app/recorder/dulnan copy 2.vue [1ms]
2024-12-23 14:41:08.524 [info] > git show --textconv :src/app/recorder/dulnan copy 3.vue [6ms]
2024-12-23 14:41:08.524 [info] > git ls-files --stage -- /home/arkochan/Repositories/kv-recorder/src/app/recorder/dulnan copy 3.vue [1ms]
2024-12-23 14:41:09.153 [info] > git show --textconv :src/app/recorder/dulnan copy 2.vue [7ms]
2024-12-23 14:41:09.154 [info] > git ls-files --stage -- /home/arkochan/Repositories/kv-recorder/src/app/recorder/dulnan copy 2.vue [1ms]
2024-12-23 14:41:10.006 [info] > git config --get commit.template [5ms]
2024-12-23 14:41:10.006 [info] > git for-each-ref --format=%(refname)%00%(upstream:short)%00%(objectname)%00%(upstream:track)%00%(upstream:remotename)%00%(upstream:remoteref) refs/heads/main refs/remotes/main [1ms]
2024-12-23 14:41:10.015 [info] > git status -z -uall [5ms]
2024-12-23 14:41:10.015 [info] > git for-each-ref --sort -committerdate --format %(refname) %(objectname) %(*objectname) [1ms]
2024-12-23 14:41:10.110 [info] > git show --textconv :src/app/recorder/dulnan copy 4.vue [5ms]
2024-12-23 14:41:10.110 [info] > git ls-files --stage -- /home/arkochan/Repositories/kv-recorder/src/app/recorder/dulnan copy 4.vue [1ms]
2024-12-23 14:41:10.661 [info] > git show --textconv :src/app/recorder/dulnan copy.vue [4ms]
2024-12-23 14:41:10.662 [info] > git ls-files --stage -- /home/arkochan/Repositories/kv-recorder/src/app/recorder/dulnan copy.vue [1ms]
2024-12-23 14:41:15.265 [info] > git show --textconv :src/app/recorder/dulnan copy.vue [5ms]
2024-12-23 14:41:15.265 [info] > git ls-files --stage -- /home/arkochan/Repositories/kv-recorder/src/app/recorder/dulnan copy.vue [1ms]
2024-12-23 14:41:19.529 [info] > git show --textconv :src/app/recorder/dulnan copy 4.vue [5ms]
2024-12-23 14:41:19.529 [info] > git ls-files --stage -- /home/arkochan/Repositories/kv-recorder/src/app/recorder/dulnan copy 4.vue [1ms]
2024-12-23 14:41:25.764 [info] > git show --textconv :src/app/page.tsx [5ms]
2024-12-23 14:41:25.765 [info] > git ls-files --stage -- /home/arkochan/Repositories/kv-recorder/src/app/page.tsx [1ms]
2024-12-23 14:41:25.769 [info] > git cat-file -s 3eee0141abe634fab81de261c7133991b5a56a17 [1ms]
2024-12-23 14:41:29.161 [info] > git show --textconv :src/app/recorder/dulnan copy 2.vue [5ms]
2024-12-23 14:41:29.161 [info] > git ls-files --stage -- /home/arkochan/Repositories/kv-recorder/src/app/recorder/dulnan copy 2.vue [1ms]
2024-12-23 14:41:30.200 [info] > git show --textconv :src/app/recorder/dulnan copy 4.vue [6ms]
2024-12-23 14:41:30.200 [info] > git ls-files --stage -- /home/arkochan/Repositories/kv-recorder/src/app/recorder/dulnan copy 4.vue [1ms]
2024-12-23 14:42:59.857 [info] > git show --textconv :src/app/recorder/dulnan copy 4.vue [5ms]
2024-12-23 14:42:59.857 [info] > git ls-files --stage -- /home/arkochan/Repositories/kv-recorder/src/app/recorder/dulnan copy 4.vue [0ms]
2024-12-23 14:43:01.114 [info] > git show --textconv :src/app/recorder/dulnan copy.vue [4ms]
2024-12-23 14:43:01.115 [info] > git ls-files --stage -- /home/arkochan/Repositories/kv-recorder/src/app/recorder/dulnan copy.vue [1ms]
2024-12-23 14:43:03.049 [info] > git show --textconv :src/app/recorder/dulnan copy 4.vue [4ms]
2024-12-23 14:43:03.050 [info] > git ls-files --stage -- /home/arkochan/Repositories/kv-recorder/src/app/recorder/dulnan copy 4.vue [1ms]
2024-12-23 14:43:04.230 [info] > git show --textconv :src/app/recorder/dulnan copy 2.vue [5ms]
2024-12-23 14:43:04.231 [info] > git ls-files --stage -- /home/arkochan/Repositories/kv-recorder/src/app/recorder/dulnan copy 2.vue [1ms]
2024-12-23 14:43:08.642 [info] > git show --textconv :src/app/recorder/dulnan copy 4.vue [5ms]
2024-12-23 14:43:08.642 [info] > git ls-files --stage -- /home/arkochan/Repositories/kv-recorder/src/app/recorder/dulnan copy 4.vue [0ms]
2024-12-23 14:43:14.981 [info] > git show --textconv :src/app/recorder/dulnan copy 5.vue [5ms]
2024-12-23 14:43:14.981 [info] > git ls-files --stage -- /home/arkochan/Repositories/kv-recorder/src/app/recorder/dulnan copy 5.vue [0ms]
2024-12-23 14:43:15.257 [info] > git check-ignore -v -z --stdin [1ms]
2024-12-23 14:43:15.834 [info] > git config --get commit.template [4ms]
2024-12-23 14:43:15.834 [info] > git for-each-ref --format=%(refname)%00%(upstream:short)%00%(objectname)%00%(upstream:track)%00%(upstream:remotename)%00%(upstream:remoteref) refs/heads/main refs/remotes/main [1ms]
2024-12-23 14:43:15.841 [info] > git status -z -uall [3ms]
2024-12-23 14:43:15.842 [info] > git for-each-ref --sort -committerdate --format %(refname) %(objectname) %(*objectname) [1ms]
2024-12-23 14:43:50.791 [info] > git show --textconv :src/app/recorder/dulnan copy 5.vue [5ms]
2024-12-23 14:43:50.792 [info] > git ls-files --stage -- /home/arkochan/Repositories/kv-recorder/src/app/recorder/dulnan copy 5.vue [1ms]
2024-12-23 14:43:54.093 [info] > git show --textconv :src/app/recorder/dulnan copy.vue [5ms]
2024-12-23 14:43:54.093 [info] > git ls-files --stage -- /home/arkochan/Repositories/kv-recorder/src/app/recorder/dulnan copy.vue [1ms]
2024-12-23 14:43:54.562 [info] > git show --textconv :src/app/recorder/dulnan copy 4.vue [5ms]
2024-12-23 14:43:54.562 [info] > git ls-files --stage -- /home/arkochan/Repositories/kv-recorder/src/app/recorder/dulnan copy 4.vue [1ms]
2024-12-23 14:43:55.062 [info] > git show --textconv :src/app/recorder/dulnan copy 5.vue [5ms]
2024-12-23 14:43:55.062 [info] > git ls-files --stage -- /home/arkochan/Repositories/kv-recorder/src/app/recorder/dulnan copy 5.vue [1ms]
2024-12-23 14:43:59.262 [info] > git show --textconv :src/app/recorder/dulnan copy 5.vue [5ms]
2024-12-23 14:43:59.262 [info] > git ls-files --stage -- /home/arkochan/Repositories/kv-recorder/src/app/recorder/dulnan copy 5.vue [1ms]
2024-12-23 14:44:14.314 [info] > git show --textconv :src/app/recorder/dulnan copy 5.vue [5ms]
2024-12-23 14:44:14.314 [info] > git ls-files --stage -- /home/arkochan/Repositories/kv-recorder/src/app/recorder/dulnan copy 5.vue [1ms]
2024-12-23 14:44:15.503 [info] > git show --textconv :src/app/recorder/dulnan copy 6.vue [5ms]
2024-12-23 14:44:15.504 [info] > git ls-files --stage -- /home/arkochan/Repositories/kv-recorder/src/app/recorder/dulnan copy 6.vue [1ms]
2024-12-23 14:44:15.783 [info] > git check-ignore -v -z --stdin [1ms]
2024-12-23 14:44:16.049 [info] > git show --textconv :src/app/recorder/dulnan copy 7.vue [4ms]
2024-12-23 14:44:16.050 [info] > git ls-files --stage -- /home/arkochan/Repositories/kv-recorder/src/app/recorder/dulnan copy 7.vue [1ms]
2024-12-23 14:44:16.326 [info] > git check-ignore -v -z --stdin [1ms]
2024-12-23 14:44:16.903 [info] > git config --get commit.template [4ms]
2024-12-23 14:44:16.903 [info] > git for-each-ref --format=%(refname)%00%(upstream:short)%00%(objectname)%00%(upstream:track)%00%(upstream:remotename)%00%(upstream:remoteref) refs/heads/main refs/remotes/main [0ms]
2024-12-23 14:44:16.912 [info] > git status -z -uall [5ms]
2024-12-23 14:44:16.912 [info] > git for-each-ref --sort -committerdate --format %(refname) %(objectname) %(*objectname) [1ms]
2024-12-23 14:44:34.102 [info] > git show --textconv :src/app/recorder/dulnan copy 6.vue [5ms]
2024-12-23 14:44:34.103 [info] > git ls-files --stage -- /home/arkochan/Repositories/kv-recorder/src/app/recorder/dulnan copy 6.vue [0ms]
2024-12-23 14:44:35.924 [info] > git show --textconv :src/app/recorder/dulnan copy 5.vue [6ms]
2024-12-23 14:44:35.924 [info] > git ls-files --stage -- /home/arkochan/Repositories/kv-recorder/src/app/recorder/dulnan copy 5.vue [1ms]
2024-12-23 14:44:37.077 [info] > git show --textconv :src/app/recorder/dulnan copy 6.vue [4ms]
2024-12-23 14:44:37.078 [info] > git ls-files --stage -- /home/arkochan/Repositories/kv-recorder/src/app/recorder/dulnan copy 6.vue [1ms]
2024-12-23 14:44:38.120 [info] > git show --textconv :src/app/recorder/dulnan copy 5.vue [5ms]
2024-12-23 14:44:38.120 [info] > git ls-files --stage -- /home/arkochan/Repositories/kv-recorder/src/app/recorder/dulnan copy 5.vue [1ms]
2024-12-23 14:45:48.524 [info] > git show --textconv :src/app/recorder/dulnan copy 4.vue [5ms]
2024-12-23 14:45:48.525 [info] > git ls-files --stage -- /home/arkochan/Repositories/kv-recorder/src/app/recorder/dulnan copy 4.vue [1ms]
2024-12-23 14:45:49.811 [info] > git show --textconv :src/app/recorder/dulnan copy 5.vue [6ms]
2024-12-23 14:45:49.812 [info] > git ls-files --stage -- /home/arkochan/Repositories/kv-recorder/src/app/recorder/dulnan copy 5.vue [1ms]
2024-12-23 14:45:50.655 [info] > git show --textconv :src/app/recorder/dulnan copy 4.vue [4ms]
2024-12-23 14:45:50.656 [info] > git ls-files --stage -- /home/arkochan/Repositories/kv-recorder/src/app/recorder/dulnan copy 4.vue [1ms]
2024-12-23 14:45:51.113 [info] > git show --textconv :src/app/recorder/dulnan copy 2.vue [4ms]
2024-12-23 14:45:51.114 [info] > git ls-files --stage -- /home/arkochan/Repositories/kv-recorder/src/app/recorder/dulnan copy 2.vue [1ms]
2024-12-23 14:45:51.866 [info] > git show --textconv :src/app/recorder/dulnan copy 4.vue [5ms]
2024-12-23 14:45:51.866 [info] > git ls-files --stage -- /home/arkochan/Repositories/kv-recorder/src/app/recorder/dulnan copy 4.vue [1ms]
2024-12-23 14:45:52.729 [info] > git config --get commit.template [4ms]
2024-12-23 14:45:52.730 [info] > git for-each-ref --format=%(refname)%00%(upstream:short)%00%(objectname)%00%(upstream:track)%00%(upstream:remotename)%00%(upstream:remoteref) refs/heads/main refs/remotes/main [1ms]
2024-12-23 14:45:52.739 [info] > git status -z -uall [5ms]
2024-12-23 14:45:52.740 [info] > git for-each-ref --sort -committerdate --format %(refname) %(objectname) %(*objectname) [1ms]
2024-12-23 14:45:52.823 [info] > git show --textconv :src/app/recorder/page.tsx [5ms]
2024-12-23 14:45:52.823 [info] > git ls-files --stage -- /home/arkochan/Repositories/kv-recorder/src/app/recorder/page.tsx [0ms]
2024-12-23 14:45:52.828 [info] > git cat-file -s 8425252a03b96ca54c8f443ac14107d093ef1926 [1ms]
2024-12-23 14:45:53.231 [info] > git show --textconv :src/app/recorder/dulnan copy.vue [6ms]
2024-12-23 14:45:53.232 [info] > git ls-files --stage -- /home/arkochan/Repositories/kv-recorder/src/app/recorder/dulnan copy.vue [1ms]
2024-12-23 14:45:54.010 [info] > git show --textconv :src/app/recorder/page.tsx [5ms]
2024-12-23 14:45:54.010 [info] > git ls-files --stage -- /home/arkochan/Repositories/kv-recorder/src/app/recorder/page.tsx [1ms]
2024-12-23 14:45:54.014 [info] > git cat-file -s 8425252a03b96ca54c8f443ac14107d093ef1926 [0ms]
2024-12-23 14:45:54.710 [info] > git show --textconv :src/app/recorder/dulnan copy 7.vue [5ms]
2024-12-23 14:45:54.711 [info] > git ls-files --stage -- /home/arkochan/Repositories/kv-recorder/src/app/recorder/dulnan copy 7.vue [1ms]
2024-12-23 14:45:55.804 [info] > git show --textconv :src/app/recorder/dulnan copy 6.vue [5ms]
2024-12-23 14:45:55.805 [info] > git ls-files --stage -- /home/arkochan/Repositories/kv-recorder/src/app/recorder/dulnan copy 6.vue [1ms]
2024-12-23 14:45:56.222 [info] > git show --textconv :src/app/recorder/dulnan copy 4.vue [5ms]
2024-12-23 14:45:56.222 [info] > git ls-files --stage -- /home/arkochan/Repositories/kv-recorder/src/app/recorder/dulnan copy 4.vue [1ms]
2024-12-23 14:45:57.155 [info] > git show --textconv :src/app/page.tsx [4ms]
2024-12-23 14:45:57.156 [info] > git ls-files --stage -- /home/arkochan/Repositories/kv-recorder/src/app/page.tsx [1ms]
2024-12-23 14:45:57.160 [info] > git cat-file -s 3eee0141abe634fab81de261c7133991b5a56a17 [1ms]
2024-12-23 14:45:57.751 [info] > git config --get commit.template [4ms]
2024-12-23 14:45:57.751 [info] > git for-each-ref --format=%(refname)%00%(upstream:short)%00%(objectname)%00%(upstream:track)%00%(upstream:remotename)%00%(upstream:remoteref) refs/heads/main refs/remotes/main [1ms]
2024-12-23 14:45:57.759 [info] > git status -z -uall [4ms]
2024-12-23 14:45:57.759 [info] > git for-each-ref --sort -committerdate --format %(refname) %(objectname) %(*objectname) [1ms]
2024-12-23 14:46:03.239 [info] > git show --textconv :src/app/recorder/dulnan copy 6.vue [5ms]
2024-12-23 14:46:03.239 [info] > git ls-files --stage -- /home/arkochan/Repositories/kv-recorder/src/app/recorder/dulnan copy 6.vue [1ms]
2024-12-23 14:46:04.817 [info] > git show --textconv :src/app/recorder/page.tsx [4ms]
2024-12-23 14:46:04.818 [info] > git ls-files --stage -- /home/arkochan/Repositories/kv-recorder/src/app/recorder/page.tsx [1ms]
2024-12-23 14:46:04.823 [info] > git cat-file -s 8425252a03b96ca54c8f443ac14107d093ef1926 [1ms]
2024-12-23 14:46:05.947 [info] > git blame --root --incremental 861e539c07cfdb148f52bd05d0668e90b566ad20 -- /home/arkochan/Repositories/kv-recorder/src/app/recorder/page.tsx [1ms]
2024-12-23 14:47:18.362 [info] > git show --textconv :src/app/recorder/dulnan copy 5.vue [5ms]
2024-12-23 14:47:18.362 [info] > git ls-files --stage -- /home/arkochan/Repositories/kv-recorder/src/app/recorder/dulnan copy 5.vue [1ms]
2024-12-23 14:47:19.488 [info] > git show --textconv :src/app/recorder/dulnan copy 6.vue [5ms]
2024-12-23 14:47:19.488 [info] > git ls-files --stage -- /home/arkochan/Repositories/kv-recorder/src/app/recorder/dulnan copy 6.vue [1ms]
2024-12-23 14:47:20.238 [info] > git show --textconv :src/app/recorder/dulnan copy 5.vue [5ms]
2024-12-23 14:47:20.238 [info] > git ls-files --stage -- /home/arkochan/Repositories/kv-recorder/src/app/recorder/dulnan copy 5.vue [1ms]
2024-12-23 14:47:22.512 [info] > git show --textconv :src/app/recorder/dulnan copy 4.vue [5ms]
2024-12-23 14:47:22.512 [info] > git ls-files --stage -- /home/arkochan/Repositories/kv-recorder/src/app/recorder/dulnan copy 4.vue [1ms]
2024-12-23 14:47:23.054 [info] > git show --textconv :src/app/recorder/dulnan copy 5.vue [5ms]
2024-12-23 14:47:23.055 [info] > git ls-files --stage -- /home/arkochan/Repositories/kv-recorder/src/app/recorder/dulnan copy 5.vue [1ms]
2024-12-23 14:47:23.458 [info] > git show --textconv :src/app/recorder/dulnan copy 4.vue [4ms]
2024-12-23 14:47:23.458 [info] > git ls-files --stage -- /home/arkochan/Repositories/kv-recorder/src/app/recorder/dulnan copy 4.vue [0ms]
2024-12-23 14:47:23.841 [info] > git show --textconv :src/app/recorder/dulnan copy 5.vue [5ms]
2024-12-23 14:47:23.841 [info] > git ls-files --stage -- /home/arkochan/Repositories/kv-recorder/src/app/recorder/dulnan copy 5.vue [1ms]
2024-12-23 14:47:24.207 [info] > git show --textconv :src/app/recorder/dulnan copy 6.vue [5ms]
2024-12-23 14:47:24.207 [info] > git ls-files --stage -- /home/arkochan/Repositories/kv-recorder/src/app/recorder/dulnan copy 6.vue [0ms]
2024-12-23 14:47:24.539 [info] > git show --textconv :src/app/recorder/dulnan copy 5.vue [4ms]
2024-12-23 14:47:24.539 [info] > git ls-files --stage -- /home/arkochan/Repositories/kv-recorder/src/app/recorder/dulnan copy 5.vue [0ms]
2024-12-23 14:47:24.824 [info] > git show --textconv :src/app/recorder/dulnan copy 4.vue [5ms]
2024-12-23 14:47:24.824 [info] > git ls-files --stage -- /home/arkochan/Repositories/kv-recorder/src/app/recorder/dulnan copy 4.vue [0ms]
2024-12-23 14:47:25.148 [info] > git show --textconv :src/app/recorder/dulnan copy 5.vue [5ms]
2024-12-23 14:47:25.148 [info] > git ls-files --stage -- /home/arkochan/Repositories/kv-recorder/src/app/recorder/dulnan copy 5.vue [0ms]
2024-12-23 14:47:25.481 [info] > git show --textconv :src/app/recorder/dulnan copy 4.vue [4ms]
2024-12-23 14:47:25.482 [info] > git ls-files --stage -- /home/arkochan/Repositories/kv-recorder/src/app/recorder/dulnan copy 4.vue [1ms]
2024-12-23 14:47:25.793 [info] > git show --textconv :src/app/recorder/dulnan copy 5.vue [5ms]
2024-12-23 14:47:25.793 [info] > git ls-files --stage -- /home/arkochan/Repositories/kv-recorder/src/app/recorder/dulnan copy 5.vue [0ms]
2024-12-23 14:47:26.177 [info] > git show --textconv :src/app/recorder/dulnan copy 6.vue [5ms]
2024-12-23 14:47:26.177 [info] > git ls-files --stage -- /home/arkochan/Repositories/kv-recorder/src/app/recorder/dulnan copy 6.vue [1ms]
2024-12-23 14:47:26.538 [info] > git show --textconv :src/app/recorder/dulnan copy 5.vue [4ms]
2024-12-23 14:47:26.539 [info] > git ls-files --stage -- /home/arkochan/Repositories/kv-recorder/src/app/recorder/dulnan copy 5.vue [1ms]
2024-12-23 14:47:26.799 [info] > git show --textconv :src/app/recorder/dulnan copy 4.vue [5ms]
2024-12-23 14:47:26.799 [info] > git ls-files --stage -- /home/arkochan/Repositories/kv-recorder/src/app/recorder/dulnan copy 4.vue [1ms]
2024-12-23 14:47:37.179 [info] > git show --textconv :src/app/recorder/dulnan copy 5.vue [5ms]
2024-12-23 14:47:37.180 [info] > git ls-files --stage -- /home/arkochan/Repositories/kv-recorder/src/app/recorder/dulnan copy 5.vue [1ms]
2024-12-23 14:47:38.331 [info] > git show --textconv :src/app/recorder/dulnan copy 4.vue [6ms]
2024-12-23 14:47:38.331 [info] > git ls-files --stage -- /home/arkochan/Repositories/kv-recorder/src/app/recorder/dulnan copy 4.vue [1ms]
2024-12-23 14:47:39.111 [info] > git show --textconv :src/app/recorder/dulnan copy 5.vue [8ms]
2024-12-23 14:47:39.112 [info] > git ls-files --stage -- /home/arkochan/Repositories/kv-recorder/src/app/recorder/dulnan copy 5.vue [1ms]
2024-12-23 14:47:39.726 [info] > git show --textconv :src/app/recorder/dulnan copy 4.vue [5ms]
2024-12-23 14:47:39.726 [info] > git ls-files --stage -- /home/arkochan/Repositories/kv-recorder/src/app/recorder/dulnan copy 4.vue [1ms]
2024-12-23 14:47:40.348 [info] > git show --textconv :src/app/recorder/dulnan copy 5.vue [5ms]
2024-12-23 14:47:40.348 [info] > git ls-files --stage -- /home/arkochan/Repositories/kv-recorder/src/app/recorder/dulnan copy 5.vue [1ms]
2024-12-23 14:47:43.685 [info] > git show --textconv :src/app/recorder/dulnan copy 4.vue [5ms]
2024-12-23 14:47:43.686 [info] > git ls-files --stage -- /home/arkochan/Repositories/kv-recorder/src/app/recorder/dulnan copy 4.vue [1ms]
2024-12-23 14:47:44.649 [info] > git show --textconv :src/app/recorder/dulnan copy 5.vue [5ms]
2024-12-23 14:47:44.649 [info] > git ls-files --stage -- /home/arkochan/Repositories/kv-recorder/src/app/recorder/dulnan copy 5.vue [1ms]
2024-12-23 14:47:48.762 [info] > git blame --root --incremental 861e539c07cfdb148f52bd05d0668e90b566ad20 -- /home/arkochan/Repositories/kv-recorder/src/app/recorder/dulnan copy 5.vue [1ms]
2024-12-23 14:47:48.762 [info] fatal: no such path src/app/recorder/dulnan copy 5.vue in 861e539c07cfdb148f52bd05d0668e90b566ad20
2024-12-23 14:47:50.264 [info] > git show --textconv :src/app/recorder/dulnan copy 4.vue [5ms]
2024-12-23 14:47:50.264 [info] > git ls-files --stage -- /home/arkochan/Repositories/kv-recorder/src/app/recorder/dulnan copy 4.vue [0ms]
2024-12-23 14:47:52.352 [info] > git show --textconv :src/app/recorder/dulnan copy 5.vue [5ms]
2024-12-23 14:47:52.352 [info] > git ls-files --stage -- /home/arkochan/Repositories/kv-recorder/src/app/recorder/dulnan copy 5.vue [1ms]
2024-12-23 14:47:52.938 [info] > git show --textconv :src/app/recorder/dulnan copy 4.vue [5ms]
2024-12-23 14:47:52.938 [info] > git ls-files --stage -- /home/arkochan/Repositories/kv-recorder/src/app/recorder/dulnan copy 4.vue [1ms]
2024-12-23 14:47:53.502 [info] > git show --textconv :src/app/recorder/dulnan copy 5.vue [4ms]
2024-12-23 14:47:53.503 [info] > git ls-files --stage -- /home/arkochan/Repositories/kv-recorder/src/app/recorder/dulnan copy 5.vue [1ms]
2024-12-23 14:48:14.632 [info] > git show --textconv :src/app/recorder/dulnan copy 4.vue [5ms]
2024-12-23 14:48:14.632 [info] > git ls-files --stage -- /home/arkochan/Repositories/kv-recorder/src/app/recorder/dulnan copy 4.vue [1ms]
2024-12-23 14:48:15.307 [info] > git show --textconv :src/app/recorder/dulnan copy 5.vue [5ms]
2024-12-23 14:48:15.307 [info] > git ls-files --stage -- /home/arkochan/Repositories/kv-recorder/src/app/recorder/dulnan copy 5.vue [1ms]
2024-12-23 14:48:58.894 [info] > git show --textconv :src/app/recorder/dulnan copy 5.vue [4ms]
2024-12-23 14:48:58.895 [info] > git ls-files --stage -- /home/arkochan/Repositories/kv-recorder/src/app/recorder/dulnan copy 5.vue [0ms]
2024-12-23 14:49:02.685 [info] > git show --textconv :src/app/recorder/dulnan copy 6.vue [5ms]
2024-12-23 14:49:02.685 [info] > git ls-files --stage -- /home/arkochan/Repositories/kv-recorder/src/app/recorder/dulnan copy 6.vue [1ms]
2024-12-23 14:49:05.723 [info] > git show --textconv :src/app/recorder/dulnan copy 5.vue [4ms]
2024-12-23 14:49:05.724 [info] > git ls-files --stage -- /home/arkochan/Repositories/kv-recorder/src/app/recorder/dulnan copy 5.vue [1ms]
2024-12-23 14:49:05.901 [info] > git config --get commit.template [5ms]
2024-12-23 14:49:05.901 [info] > git for-each-ref --format=%(refname)%00%(upstream:short)%00%(objectname)%00%(upstream:track)%00%(upstream:remotename)%00%(upstream:remoteref) refs/heads/main refs/remotes/main [1ms]
2024-12-23 14:49:05.910 [info] > git status -z -uall [5ms]
2024-12-23 14:49:05.910 [info] > git for-each-ref --sort -committerdate --format %(refname) %(objectname) %(*objectname) [1ms]
2024-12-23 14:49:14.043 [info] > git show --textconv :src/app/recorder/dulnan copy 4.vue [5ms]
2024-12-23 14:49:14.044 [info] > git ls-files --stage -- /home/arkochan/Repositories/kv-recorder/src/app/recorder/dulnan copy 4.vue [1ms]
2024-12-23 14:49:14.226 [info] > git config --get commit.template [1ms]
2024-12-23 14:49:14.232 [info] > git for-each-ref --format=%(refname)%00%(upstream:short)%00%(objectname)%00%(upstream:track)%00%(upstream:remotename)%00%(upstream:remoteref) refs/heads/main refs/remotes/main [1ms]
2024-12-23 14:49:14.243 [info] > git status -z -uall [5ms]
2024-12-23 14:49:14.243 [info] > git for-each-ref --sort -committerdate --format %(refname) %(objectname) %(*objectname) [1ms]
2024-12-23 14:49:15.386 [info] > git show --textconv :src/app/recorder/page.tsx [5ms]
2024-12-23 14:49:15.386 [info] > git ls-files --stage -- /home/arkochan/Repositories/kv-recorder/src/app/recorder/page.tsx [0ms]
2024-12-23 14:49:15.391 [info] > git cat-file -s 8425252a03b96ca54c8f443ac14107d093ef1926 [1ms]
2024-12-23 14:49:15.811 [info] > git show --textconv :src/app/recorder/dulnan copy 4.vue [5ms]
2024-12-23 14:49:15.811 [info] > git ls-files --stage -- /home/arkochan/Repositories/kv-recorder/src/app/recorder/dulnan copy 4.vue [1ms]
2024-12-23 14:49:19.731 [info] > git show --textconv :src/app/page.tsx [4ms]
2024-12-23 14:49:19.732 [info] > git ls-files --stage -- /home/arkochan/Repositories/kv-recorder/src/app/page.tsx [1ms]
2024-12-23 14:49:19.736 [info] > git cat-file -s 3eee0141abe634fab81de261c7133991b5a56a17 [1ms]
2024-12-23 14:49:22.597 [info] > git show --textconv :src/app/recorder/dulnan copy 4.vue [4ms]
2024-12-23 14:49:22.598 [info] > git ls-files --stage -- /home/arkochan/Repositories/kv-recorder/src/app/recorder/dulnan copy 4.vue [1ms]
2024-12-23 14:49:28.555 [info] > git config --get commit.template [4ms]
2024-12-23 14:49:28.555 [info] > git for-each-ref --format=%(refname)%00%(upstream:short)%00%(objectname)%00%(upstream:track)%00%(upstream:remotename)%00%(upstream:remoteref) refs/heads/main refs/remotes/main [1ms]
2024-12-23 14:49:28.563 [info] > git status -z -uall [4ms]
2024-12-23 14:49:28.563 [info] > git for-each-ref --sort -committerdate --format %(refname) %(objectname) %(*objectname) [1ms]
2024-12-23 14:49:30.331 [info] > git show --textconv :src/app/recorder/page.tsx [8ms]
2024-12-23 14:49:30.331 [info] > git ls-files --stage -- /home/arkochan/Repositories/kv-recorder/src/app/recorder/page.tsx [1ms]
2024-12-23 14:49:30.339 [info] > git cat-file -s 8425252a03b96ca54c8f443ac14107d093ef1926 [1ms]
2024-12-23 14:49:32.721 [info] > git show --textconv :src/app/recorder/page copy.tsx [5ms]
2024-12-23 14:49:32.721 [info] > git ls-files --stage -- /home/arkochan/Repositories/kv-recorder/src/app/recorder/page copy.tsx [1ms]
2024-12-23 14:49:33.304 [info] > git show --textconv :src/app/recorder/page copy 4.tsx [5ms]
2024-12-23 14:49:33.305 [info] > git ls-files --stage -- /home/arkochan/Repositories/kv-recorder/src/app/recorder/page copy 4.tsx [2ms]
2024-12-23 14:49:33.709 [info] > git show --textconv :src/app/recorder/page copy 6.tsx [4ms]
2024-12-23 14:49:33.710 [info] > git ls-files --stage -- /home/arkochan/Repositories/kv-recorder/src/app/recorder/page copy 6.tsx [1ms]
2024-12-23 14:49:33.987 [info] > git check-ignore -v -z --stdin [1ms]
2024-12-23 14:49:34.615 [info] > git config --get commit.template [4ms]
2024-12-23 14:49:34.616 [info] > git for-each-ref --format=%(refname)%00%(upstream:short)%00%(objectname)%00%(upstream:track)%00%(upstream:remotename)%00%(upstream:remoteref) refs/heads/main refs/remotes/main [1ms]
2024-12-23 14:49:34.623 [info] > git status -z -uall [3ms]
2024-12-23 14:49:34.624 [info] > git for-each-ref --sort -committerdate --format %(refname) %(objectname) %(*objectname) [1ms]
2024-12-23 14:49:34.684 [info] > git show --textconv :src/app/recorder/page copy 3.tsx [4ms]
2024-12-23 14:49:34.685 [info] > git ls-files --stage -- /home/arkochan/Repositories/kv-recorder/src/app/recorder/page copy 3.tsx [1ms]
2024-12-23 14:49:35.172 [info] > git show --textconv :src/app/recorder/page copy 2.tsx [5ms]
2024-12-23 14:49:35.172 [info] > git ls-files --stage -- /home/arkochan/Repositories/kv-recorder/src/app/recorder/page copy 2.tsx [1ms]
2024-12-23 14:49:40.249 [info] > git show --textconv :src/app/recorder/page copy 3.tsx [5ms]
2024-12-23 14:49:40.249 [info] > git ls-files --stage -- /home/arkochan/Repositories/kv-recorder/src/app/recorder/page copy 3.tsx [1ms]
2024-12-23 14:49:41.450 [info] > git show --textconv :src/app/recorder/page copy 2.tsx [5ms]
2024-12-23 14:49:41.450 [info] > git ls-files --stage -- /home/arkochan/Repositories/kv-recorder/src/app/recorder/page copy 2.tsx [1ms]
2024-12-23 14:49:41.998 [info] > git show --textconv :src/app/recorder/page copy.tsx [5ms]
2024-12-23 14:49:41.998 [info] > git ls-files --stage -- /home/arkochan/Repositories/kv-recorder/src/app/recorder/page copy.tsx [1ms]
2024-12-23 14:49:52.550 [info] > git show --textconv :src/app/recorder/page copy 6.tsx [5ms]
2024-12-23 14:49:52.550 [info] > git ls-files --stage -- /home/arkochan/Repositories/kv-recorder/src/app/recorder/page copy 6.tsx [1ms]
2024-12-23 14:49:53.803 [info] > git show --textconv :src/app/recorder/page copy 5.tsx [5ms]
2024-12-23 14:49:53.803 [info] > git ls-files --stage -- /home/arkochan/Repositories/kv-recorder/src/app/recorder/page copy 5.tsx [1ms]
2024-12-23 14:49:54.406 [info] > git show --textconv :src/app/recorder/page copy 6.tsx [5ms]
2024-12-23 14:49:54.406 [info] > git ls-files --stage -- /home/arkochan/Repositories/kv-recorder/src/app/recorder/page copy 6.tsx [0ms]
2024-12-23 14:49:54.686 [info] > git show --textconv :src/app/recorder/page copy.tsx [5ms]
2024-12-23 14:49:54.686 [info] > git ls-files --stage -- /home/arkochan/Repositories/kv-recorder/src/app/recorder/page copy.tsx [0ms]
2024-12-23 14:49:55.021 [info] > git show --textconv :src/app/recorder/page.tsx [5ms]
2024-12-23 14:49:55.021 [info] > git ls-files --stage -- /home/arkochan/Repositories/kv-recorder/src/app/recorder/page.tsx [1ms]
2024-12-23 14:49:55.026 [info] > git cat-file -s 8425252a03b96ca54c8f443ac14107d093ef1926 [0ms]
2024-12-23 14:50:18.713 [info] > git show --textconv :src/app/recorder/page.tsx [4ms]
2024-12-23 14:50:18.714 [info] > git ls-files --stage -- /home/arkochan/Repositories/kv-recorder/src/app/recorder/page.tsx [1ms]
2024-12-23 14:50:18.718 [info] > git cat-file -s 8425252a03b96ca54c8f443ac14107d093ef1926 [0ms]
2024-12-23 14:50:25.024 [info] > git show --textconv :src/app/recorder/page copy.tsx [4ms]
2024-12-23 14:50:25.025 [info] > git ls-files --stage -- /home/arkochan/Repositories/kv-recorder/src/app/recorder/page copy.tsx [1ms]
2024-12-23 14:50:26.196 [info] > git show --textconv :src/app/recorder/page copy 5.tsx [5ms]
2024-12-23 14:50:26.196 [info] > git ls-files --stage -- /home/arkochan/Repositories/kv-recorder/src/app/recorder/page copy 5.tsx [1ms]
2024-12-23 14:50:27.896 [info] > git show --textconv :src/app/recorder/page copy 2.tsx [5ms]
2024-12-23 14:50:27.896 [info] > git ls-files --stage -- /home/arkochan/Repositories/kv-recorder/src/app/recorder/page copy 2.tsx [1ms]
2024-12-23 14:50:31.677 [info] > git check-ignore -v -z --stdin [1ms]
2024-12-23 14:50:32.290 [info] > git check-ignore -v -z --stdin [1ms]
2024-12-23 14:50:33.329 [info] > git show --textconv :.next/build/chunks/[root of the server]__fd836e._.js [5ms]
2024-12-23 14:50:33.329 [info] > git ls-files --stage -- /home/arkochan/Repositories/kv-recorder/.next/build/chunks/[root of the server]__fd836e._.js [1ms]
2024-12-23 14:50:33.657 [info] > git blame --root --incremental 861e539c07cfdb148f52bd05d0668e90b566ad20 -- /home/arkochan/Repositories/kv-recorder/.next/build/chunks/[root of the server]__fd836e._.js [1ms]
2024-12-23 14:50:33.657 [info] fatal: no such path .next/build/chunks/[root of the server]__fd836e._.js in 861e539c07cfdb148f52bd05d0668e90b566ad20
2024-12-23 14:50:38.805 [info] > git show --textconv :src/app/recorder/page copy 3.tsx [5ms]
2024-12-23 14:50:38.806 [info] > git ls-files --stage -- /home/arkochan/Repositories/kv-recorder/src/app/recorder/page copy 3.tsx [1ms]
2024-12-23 14:51:45.633 [info] > git show --textconv :src/app/recorder/page copy 5.tsx [5ms]
2024-12-23 14:51:45.633 [info] > git ls-files --stage -- /home/arkochan/Repositories/kv-recorder/src/app/recorder/page copy 5.tsx [1ms]
2024-12-23 14:51:46.860 [info] > git config --get commit.template [4ms]
2024-12-23 14:51:46.861 [info] > git for-each-ref --format=%(refname)%00%(upstream:short)%00%(objectname)%00%(upstream:track)%00%(upstream:remotename)%00%(upstream:remoteref) refs/heads/main refs/remotes/main [1ms]
2024-12-23 14:51:46.868 [info] > git status -z -uall [3ms]
2024-12-23 14:51:46.869 [info] > git for-each-ref --sort -committerdate --format %(refname) %(objectname) %(*objectname) [1ms]
2024-12-23 14:51:46.926 [info] > git show --textconv :src/app/recorder/page copy 2.tsx [5ms]
2024-12-23 14:51:46.926 [info] > git ls-files --stage -- /home/arkochan/Repositories/kv-recorder/src/app/recorder/page copy 2.tsx [1ms]
2024-12-23 14:51:51.348 [info] > git show --textconv :src/app/recorder/page copy 3.tsx [5ms]
2024-12-23 14:51:51.348 [info] > git ls-files --stage -- /home/arkochan/Repositories/kv-recorder/src/app/recorder/page copy 3.tsx [1ms]
2024-12-23 14:51:51.879 [info] > git config --get commit.template [4ms]
2024-12-23 14:51:51.880 [info] > git for-each-ref --format=%(refname)%00%(upstream:short)%00%(objectname)%00%(upstream:track)%00%(upstream:remotename)%00%(upstream:remoteref) refs/heads/main refs/remotes/main [1ms]
2024-12-23 14:51:51.887 [info] > git status -z -uall [4ms]
2024-12-23 14:51:51.888 [info] > git for-each-ref --sort -committerdate --format %(refname) %(objectname) %(*objectname) [1ms]
2024-12-23 14:51:52.821 [info] > git show --textconv :src/app/recorder/page copy.tsx [4ms]
2024-12-23 14:51:52.822 [info] > git ls-files --stage -- /home/arkochan/Repositories/kv-recorder/src/app/recorder/page copy.tsx [1ms]
2024-12-23 14:51:53.255 [info] > git show --textconv :src/app/recorder/page.tsx [5ms]
2024-12-23 14:51:53.255 [info] > git ls-files --stage -- /home/arkochan/Repositories/kv-recorder/src/app/recorder/page.tsx [0ms]
2024-12-23 14:51:53.260 [info] > git cat-file -s 8425252a03b96ca54c8f443ac14107d093ef1926 [1ms]
2024-12-23 14:51:53.793 [info] > git show --textconv :src/app/recorder/page copy.tsx [5ms]
2024-12-23 14:51:53.793 [info] > git ls-files --stage -- /home/arkochan/Repositories/kv-recorder/src/app/recorder/page copy.tsx [1ms]
2024-12-23 14:51:54.184 [info] > git show --textconv :src/app/recorder/page.tsx [4ms]
2024-12-23 14:51:54.185 [info] > git ls-files --stage -- /home/arkochan/Repositories/kv-recorder/src/app/recorder/page.tsx [1ms]
2024-12-23 14:51:54.189 [info] > git cat-file -s 8425252a03b96ca54c8f443ac14107d093ef1926 [0ms]
2024-12-23 14:51:54.550 [info] > git show --textconv :src/app/recorder/page copy 6.tsx [5ms]
2024-12-23 14:51:54.550 [info] > git ls-files --stage -- /home/arkochan/Repositories/kv-recorder/src/app/recorder/page copy 6.tsx [1ms]
2024-12-23 14:51:56.344 [info] > git show --textconv :src/app/recorder/page copy 4.tsx [5ms]
2024-12-23 14:51:56.345 [info] > git ls-files --stage -- /home/arkochan/Repositories/kv-recorder/src/app/recorder/page copy 4.tsx [1ms]
2024-12-23 14:51:56.898 [info] > git config --get commit.template [5ms]
2024-12-23 14:51:56.898 [info] > git for-each-ref --format=%(refname)%00%(upstream:short)%00%(objectname)%00%(upstream:track)%00%(upstream:remotename)%00%(upstream:remoteref) refs/heads/main refs/remotes/main [1ms]
2024-12-23 14:51:56.906 [info] > git status -z -uall [4ms]
2024-12-23 14:51:56.906 [info] > git for-each-ref --sort -committerdate --format %(refname) %(objectname) %(*objectname) [1ms]
2024-12-23 14:51:57.957 [info] > git show --textconv :src/app/recorder/page copy 6.tsx [5ms]
2024-12-23 14:51:57.957 [info] > git ls-files --stage -- /home/arkochan/Repositories/kv-recorder/src/app/recorder/page copy 6.tsx [1ms]
2024-12-23 14:52:01.471 [info] > git show --textconv :src/app/recorder/page copy 4.tsx [5ms]
2024-12-23 14:52:01.472 [info] > git ls-files --stage -- /home/arkochan/Repositories/kv-recorder/src/app/recorder/page copy 4.tsx [1ms]
2024-12-23 14:52:04.361 [info] > git show --textconv :src/app/recorder/page copy 5.tsx [6ms]
2024-12-23 14:52:04.361 [info] > git ls-files --stage -- /home/arkochan/Repositories/kv-recorder/src/app/recorder/page copy 5.tsx [2ms]
2024-12-23 14:52:04.813 [info] > git show --textconv :src/app/recorder/page copy 9.tsx [4ms]
2024-12-23 14:52:04.814 [info] > git ls-files --stage -- /home/arkochan/Repositories/kv-recorder/src/app/recorder/page copy 9.tsx [1ms]
2024-12-23 14:52:05.093 [info] > git check-ignore -v -z --stdin [1ms]
2024-12-23 14:52:05.719 [info] > git config --get commit.template [4ms]
2024-12-23 14:52:05.719 [info] > git for-each-ref --format=%(refname)%00%(upstream:short)%00%(objectname)%00%(upstream:track)%00%(upstream:remotename)%00%(upstream:remoteref) refs/heads/main refs/remotes/main [1ms]
2024-12-23 14:52:05.727 [info] > git status -z -uall [4ms]
2024-12-23 14:52:05.727 [info] > git for-each-ref --sort -committerdate --format %(refname) %(objectname) %(*objectname) [0ms]
2024-12-23 14:52:10.738 [info] > git config --get commit.template [4ms]
2024-12-23 14:52:10.738 [info] > git for-each-ref --format=%(refname)%00%(upstream:short)%00%(objectname)%00%(upstream:track)%00%(upstream:remotename)%00%(upstream:remoteref) refs/heads/main refs/remotes/main [0ms]
2024-12-23 14:52:10.746 [info] > git status -z -uall [4ms]
2024-12-23 14:52:10.746 [info] > git for-each-ref --sort -committerdate --format %(refname) %(objectname) %(*objectname) [0ms]
2024-12-23 14:52:39.376 [info] > git show --textconv :src/app/recorder/page copy 9.tsx [4ms]
2024-12-23 14:52:39.376 [info] > git ls-files --stage -- /home/arkochan/Repositories/kv-recorder/src/app/recorder/page copy 9.tsx [1ms]
2024-12-23 14:52:43.151 [info] > git show --textconv :src/app/page copy 9.tsx [4ms]
2024-12-23 14:52:43.152 [info] > git ls-files --stage -- /home/arkochan/Repositories/kv-recorder/src/app/page copy 9.tsx [1ms]
2024-12-23 14:52:43.444 [info] > git check-ignore -v -z --stdin [0ms]
2024-12-23 14:52:44.003 [info] > git config --get commit.template [4ms]
2024-12-23 14:52:44.004 [info] > git for-each-ref --format=%(refname)%00%(upstream:short)%00%(objectname)%00%(upstream:track)%00%(upstream:remotename)%00%(upstream:remoteref) refs/heads/main refs/remotes/main [1ms]
2024-12-23 14:52:44.011 [info] > git status -z -uall [4ms]
2024-12-23 14:52:44.012 [info] > git for-each-ref --sort -committerdate --format %(refname) %(objectname) %(*objectname) [1ms]
2024-12-23 14:52:49.023 [info] > git config --get commit.template [5ms]
2024-12-23 14:52:49.023 [info] > git for-each-ref --format=%(refname)%00%(upstream:short)%00%(objectname)%00%(upstream:track)%00%(upstream:remotename)%00%(upstream:remoteref) refs/heads/main refs/remotes/main [1ms]
2024-12-23 14:52:49.031 [info] > git status -z -uall [4ms]
2024-12-23 14:52:49.032 [info] > git for-each-ref --sort -committerdate --format %(refname) %(objectname) %(*objectname) [1ms]
2024-12-23 14:52:49.344 [info] > git show --textconv :src/app/recorder/page copy 8.tsx [5ms]
2024-12-23 14:52:49.344 [info] > git ls-files --stage -- /home/arkochan/Repositories/kv-recorder/src/app/recorder/page copy 8.tsx [1ms]
2024-12-23 14:53:01.402 [info] > git show --textconv :.next/build/chunks/[root of the server]__fd836e._.js [4ms]
2024-12-23 14:53:01.402 [info] > git ls-files --stage -- /home/arkochan/Repositories/kv-recorder/.next/build/chunks/[root of the server]__fd836e._.js [1ms]
2024-12-23 14:53:02.289 [info] > git show --textconv :src/app/recorder/page.tsx [5ms]
2024-12-23 14:53:02.289 [info] > git ls-files --stage -- /home/arkochan/Repositories/kv-recorder/src/app/recorder/page.tsx [1ms]
2024-12-23 14:53:02.294 [info] > git cat-file -s 8425252a03b96ca54c8f443ac14107d093ef1926 [1ms]
2024-12-23 14:53:03.947 [info] > git show --textconv :src/app/recorder/page copy 8.tsx [4ms]
2024-12-23 14:53:03.948 [info] > git ls-files --stage -- /home/arkochan/Repositories/kv-recorder/src/app/recorder/page copy 8.tsx [1ms]
2024-12-23 14:53:05.611 [info] > git blame --root --incremental 861e539c07cfdb148f52bd05d0668e90b566ad20 -- /home/arkochan/Repositories/kv-recorder/src/app/recorder/page copy 8.tsx [1ms]
2024-12-23 14:53:05.611 [info] fatal: no such path src/app/recorder/page copy 8.tsx in 861e539c07cfdb148f52bd05d0668e90b566ad20
2024-12-23 14:54:55.776 [info] > git show --textconv :.next/build/chunks/[root of the server]__fd836e._.js [5ms]
2024-12-23 14:54:55.776 [info] > git ls-files --stage -- /home/arkochan/Repositories/kv-recorder/.next/build/chunks/[root of the server]__fd836e._.js [0ms]
2024-12-23 14:54:56.513 [info] > git show --textconv :src/app/recorder/page copy 8.tsx [5ms]
2024-12-23 14:54:56.513 [info] > git ls-files --stage -- /home/arkochan/Repositories/kv-recorder/src/app/recorder/page copy 8.tsx [1ms]
2024-12-23 14:54:58.035 [info] > git show --textconv :src/app/page.tsx [5ms]
2024-12-23 14:54:58.035 [info] > git ls-files --stage -- /home/arkochan/Repositories/kv-recorder/src/app/page.tsx [1ms]
2024-12-23 14:54:58.040 [info] > git cat-file -s 3eee0141abe634fab81de261c7133991b5a56a17 [1ms]
2024-12-23 14:54:59.101 [info] > git show --textconv :src/app/recorder/page copy 8.tsx [5ms]
2024-12-23 14:54:59.101 [info] > git ls-files --stage -- /home/arkochan/Repositories/kv-recorder/src/app/recorder/page copy 8.tsx [1ms]
2024-12-23 14:56:47.490 [info] > git show --textconv :src/app/recorder/page copy 8.tsx [5ms]
2024-12-23 14:56:47.490 [info] > git ls-files --stage -- /home/arkochan/Repositories/kv-recorder/src/app/recorder/page copy 8.tsx [1ms]
2024-12-23 14:56:55.193 [info] > git show --textconv :src/app/recorder/page copy 8.tsx [4ms]
2024-12-23 14:56:55.194 [info] > git ls-files --stage -- /home/arkochan/Repositories/kv-recorder/src/app/recorder/page copy 8.tsx [1ms]
2024-12-23 14:56:56.760 [info] > git show --textconv :src/app/page.tsx [4ms]
2024-12-23 14:56:56.761 [info] > git ls-files --stage -- /home/arkochan/Repositories/kv-recorder/src/app/page.tsx [1ms]
2024-12-23 14:56:56.766 [info] > git cat-file -s 3eee0141abe634fab81de261c7133991b5a56a17 [1ms]
2024-12-23 14:56:57.691 [info] > git show --textconv :src/app/recorder/page copy 8.tsx [5ms]
2024-12-23 14:56:57.691 [info] > git ls-files --stage -- /home/arkochan/Repositories/kv-recorder/src/app/recorder/page copy 8.tsx [1ms]
2024-12-23 14:56:58.053 [info] > git show --textconv :src/app/recorder/page.tsx [4ms]
2024-12-23 14:56:58.053 [info] > git ls-files --stage -- /home/arkochan/Repositories/kv-recorder/src/app/recorder/page.tsx [0ms]
2024-12-23 14:56:58.057 [info] > git cat-file -s 8425252a03b96ca54c8f443ac14107d093ef1926 [0ms]
2024-12-23 14:59:02.987 [info] > git show --textconv :src/app/recorder/page copy 8.tsx [5ms]
2024-12-23 14:59:02.988 [info] > git ls-files --stage -- /home/arkochan/Repositories/kv-recorder/src/app/recorder/page copy 8.tsx [2ms]
2024-12-23 14:59:04.561 [info] > git show --textconv :src/app/recorder/page.tsx [5ms]
2024-12-23 14:59:04.561 [info] > git ls-files --stage -- /home/arkochan/Repositories/kv-recorder/src/app/recorder/page.tsx [0ms]
2024-12-23 14:59:04.565 [info] > git cat-file -s 8425252a03b96ca54c8f443ac14107d093ef1926 [0ms]
2024-12-23 14:59:11.247 [info] > git show --textconv :src/app/recorder/page copy 8.tsx [5ms]
2024-12-23 14:59:11.247 [info] > git ls-files --stage -- /home/arkochan/Repositories/kv-recorder/src/app/recorder/page copy 8.tsx [0ms]
2024-12-23 14:59:40.867 [info] > git show --textconv :src/app/recorder/page.tsx [5ms]
2024-12-23 14:59:40.868 [info] > git ls-files --stage -- /home/arkochan/Repositories/kv-recorder/src/app/recorder/page.tsx [1ms]
2024-12-23 14:59:40.872 [info] > git cat-file -s 8425252a03b96ca54c8f443ac14107d093ef1926 [1ms]
2024-12-23 14:59:41.650 [info] > git show --textconv :src/app/recorder/page copy 8.tsx [5ms]
2024-12-23 14:59:41.651 [info] > git ls-files --stage -- /home/arkochan/Repositories/kv-recorder/src/app/recorder/page copy 8.tsx [1ms]
2024-12-23 14:59:45.152 [info] > git show --textconv :src/app/recorder/page.tsx [5ms]
2024-12-23 14:59:45.152 [info] > git ls-files --stage -- /home/arkochan/Repositories/kv-recorder/src/app/recorder/page.tsx [1ms]
2024-12-23 14:59:45.156 [info] > git cat-file -s 8425252a03b96ca54c8f443ac14107d093ef1926 [0ms]
2024-12-23 15:01:26.036 [info] > git show --textconv :src/app/recorder/page copy 8.tsx [5ms]
2024-12-23 15:01:26.036 [info] > git ls-files --stage -- /home/arkochan/Repositories/kv-recorder/src/app/recorder/page copy 8.tsx [1ms]
2024-12-23 15:01:41.883 [info] > git show --textconv :src/app/recorder/page.tsx [5ms]
2024-12-23 15:01:41.883 [info] > git ls-files --stage -- /home/arkochan/Repositories/kv-recorder/src/app/recorder/page.tsx [1ms]
2024-12-23 15:01:41.888 [info] > git cat-file -s 8425252a03b96ca54c8f443ac14107d093ef1926 [1ms]
2024-12-23 15:01:55.256 [info] > git show --textconv :src/app/recorder/page.tsx [5ms]
2024-12-23 15:01:55.256 [info] > git ls-files --stage -- /home/arkochan/Repositories/kv-recorder/src/app/recorder/page.tsx [1ms]
2024-12-23 15:01:55.261 [info] > git cat-file -s 8425252a03b96ca54c8f443ac14107d093ef1926 [1ms]
2024-12-23 15:01:55.786 [info] > git show --textconv :src/app/recorder/page copy 8.tsx [6ms]
2024-12-23 15:01:55.787 [info] > git ls-files --stage -- /home/arkochan/Repositories/kv-recorder/src/app/recorder/page copy 8.tsx [1ms]
2024-12-23 15:01:56.222 [info] > git show --textconv :src/app/recorder/page copy 9.tsx [6ms]
2024-12-23 15:01:56.222 [info] > git ls-files --stage -- /home/arkochan/Repositories/kv-recorder/src/app/recorder/page copy 9.tsx [1ms]
2024-12-23 15:01:56.658 [info] > git show --textconv :src/app/recorder/page copy 10.tsx [4ms]
2024-12-23 15:01:56.659 [info] > git ls-files --stage -- /home/arkochan/Repositories/kv-recorder/src/app/recorder/page copy 10.tsx [1ms]
2024-12-23 15:01:56.940 [info] > git show --textconv :src/app/recorder/page copy 11.tsx [5ms]
2024-12-23 15:01:56.940 [info] > git ls-files --stage -- /home/arkochan/Repositories/kv-recorder/src/app/recorder/page copy 11.tsx [1ms]
2024-12-23 15:01:57.218 [info] > git check-ignore -v -z --stdin [2ms]
2024-12-23 15:01:57.419 [info] > git show --textconv :src/app/recorder/page copy 10.tsx [5ms]
2024-12-23 15:01:57.419 [info] > git ls-files --stage -- /home/arkochan/Repositories/kv-recorder/src/app/recorder/page copy 10.tsx [1ms]
2024-12-23 15:01:57.845 [info] > git config --get commit.template [4ms]
2024-12-23 15:01:57.845 [info] > git for-each-ref --format=%(refname)%00%(upstream:short)%00%(objectname)%00%(upstream:track)%00%(upstream:remotename)%00%(upstream:remoteref) refs/heads/main refs/remotes/main [1ms]
2024-12-23 15:01:57.852 [info] > git status -z -uall [3ms]
2024-12-23 15:01:57.853 [info] > git for-each-ref --sort -committerdate --format %(refname) %(objectname) %(*objectname) [1ms]
2024-12-23 15:01:58.676 [info] > git show --textconv :src/app/recorder/page copy 15.tsx [5ms]
2024-12-23 15:01:58.676 [info] > git ls-files --stage -- /home/arkochan/Repositories/kv-recorder/src/app/recorder/page copy 15.tsx [0ms]
2024-12-23 15:01:58.962 [info] > git check-ignore -v -z --stdin [1ms]
2024-12-23 15:02:02.864 [info] > git config --get commit.template [5ms]
2024-12-23 15:02:02.864 [info] > git for-each-ref --format=%(refname)%00%(upstream:short)%00%(objectname)%00%(upstream:track)%00%(upstream:remotename)%00%(upstream:remoteref) refs/heads/main refs/remotes/main [1ms]
2024-12-23 15:02:02.873 [info] > git status -z -uall [5ms]
2024-12-23 15:02:02.873 [info] > git for-each-ref --sort -committerdate --format %(refname) %(objectname) %(*objectname) [1ms]
2024-12-23 15:02:07.886 [info] > git config --get commit.template [4ms]
2024-12-23 15:02:07.886 [info] > git for-each-ref --format=%(refname)%00%(upstream:short)%00%(objectname)%00%(upstream:track)%00%(upstream:remotename)%00%(upstream:remoteref) refs/heads/main refs/remotes/main [0ms]
2024-12-23 15:02:07.894 [info] > git status -z -uall [4ms]
2024-12-23 15:02:07.895 [info] > git for-each-ref --sort -committerdate --format %(refname) %(objectname) %(*objectname) [1ms]
2024-12-23 15:02:11.989 [info] > git show --textconv :src/app/recorder/page.tsx [4ms]
2024-12-23 15:02:11.990 [info] > git ls-files --stage -- /home/arkochan/Repositories/kv-recorder/src/app/recorder/page.tsx [1ms]
2024-12-23 15:02:11.994 [info] > git cat-file -s 8425252a03b96ca54c8f443ac14107d093ef1926 [1ms]
2024-12-23 15:02:12.904 [info] > git config --get commit.template [4ms]
2024-12-23 15:02:12.905 [info] > git for-each-ref --format=%(refname)%00%(upstream:short)%00%(objectname)%00%(upstream:track)%00%(upstream:remotename)%00%(upstream:remoteref) refs/heads/main refs/remotes/main [1ms]
2024-12-23 15:02:12.913 [info] > git status -z -uall [4ms]
2024-12-23 15:02:12.913 [info] > git for-each-ref --sort -committerdate --format %(refname) %(objectname) %(*objectname) [1ms]
2024-12-23 15:02:56.784 [info] > git show --textconv :src/app/globals.css [4ms]
2024-12-23 15:02:56.784 [info] > git ls-files --stage -- /home/arkochan/Repositories/kv-recorder/src/app/globals.css [0ms]
2024-12-23 15:02:56.790 [info] > git cat-file -s b5c61c956711f981a41e95f7fcf0038436cfbb22 [1ms]
2024-12-23 15:02:57.784 [info] > git blame --root --incremental 861e539c07cfdb148f52bd05d0668e90b566ad20 -- /home/arkochan/Repositories/kv-recorder/src/app/globals.css [1ms]
2024-12-23 15:02:59.279 [info] > git show --textconv :src/app/recorder/page.tsx [5ms]
2024-12-23 15:02:59.279 [info] > git ls-files --stage -- /home/arkochan/Repositories/kv-recorder/src/app/recorder/page.tsx [1ms]
2024-12-23 15:02:59.283 [info] > git cat-file -s 8425252a03b96ca54c8f443ac14107d093ef1926 [0ms]
2024-12-23 15:03:44.558 [info] > git show --textconv :src/app/recorder/page.tsx [4ms]
2024-12-23 15:03:44.559 [info] > git ls-files --stage -- /home/arkochan/Repositories/kv-recorder/src/app/recorder/page.tsx [1ms]
2024-12-23 15:03:44.563 [info] > git cat-file -s 8425252a03b96ca54c8f443ac14107d093ef1926 [0ms]
2024-12-23 15:04:33.528 [info] > git show --textconv :src/app/recorder/page.tsx [5ms]
2024-12-23 15:04:33.528 [info] > git ls-files --stage -- /home/arkochan/Repositories/kv-recorder/src/app/recorder/page.tsx [1ms]
2024-12-23 15:04:33.532 [info] > git cat-file -s 8425252a03b96ca54c8f443ac14107d093ef1926 [0ms]
2024-12-23 15:04:39.798 [info] > git show --textconv :src/app/recorder/page.tsx [5ms]
2024-12-23 15:04:39.798 [info] > git ls-files --stage -- /home/arkochan/Repositories/kv-recorder/src/app/recorder/page.tsx [1ms]
2024-12-23 15:04:39.802 [info] > git cat-file -s 8425252a03b96ca54c8f443ac14107d093ef1926 [1ms]
2024-12-23 15:04:53.348 [info] > git show --textconv :src/app/recorder/page.tsx [4ms]
2024-12-23 15:04:53.349 [info] > git ls-files --stage -- /home/arkochan/Repositories/kv-recorder/src/app/recorder/page.tsx [1ms]
2024-12-23 15:04:53.353 [info] > git cat-file -s 8425252a03b96ca54c8f443ac14107d093ef1926 [0ms]
2024-12-23 15:16:01.305 [info] > git config --get commit.template [4ms]
2024-12-23 15:16:01.306 [info] > git for-each-ref --format=%(refname)%00%(upstream:short)%00%(objectname)%00%(upstream:track)%00%(upstream:remotename)%00%(upstream:remoteref) refs/heads/main refs/remotes/main [1ms]
2024-12-23 15:16:01.313 [info] > git status -z -uall [4ms]
2024-12-23 15:16:01.314 [info] > git for-each-ref --sort -committerdate --format %(refname) %(objectname) %(*objectname) [1ms]
2024-12-23 15:16:13.788 [info] > git show --textconv :src/app/recorder/page.jsx [5ms]
2024-12-23 15:16:13.789 [info] > git ls-files --stage -- /home/arkochan/Repositories/kv-recorder/src/app/recorder/page.jsx [1ms]
2024-12-23 15:16:13.796 [info] > git blame --root --incremental 861e539c07cfdb148f52bd05d0668e90b566ad20 -- /home/arkochan/Repositories/kv-recorder/src/app/recorder/page.jsx [1ms]
2024-12-23 15:16:13.796 [info] fatal: no such path src/app/recorder/page.jsx in 861e539c07cfdb148f52bd05d0668e90b566ad20
2024-12-23 15:16:14.078 [info] > git check-ignore -v -z --stdin [1ms]
2024-12-23 15:16:14.702 [info] > git config --get commit.template [5ms]
2024-12-23 15:16:14.702 [info] > git for-each-ref --format=%(refname)%00%(upstream:short)%00%(objectname)%00%(upstream:track)%00%(upstream:remotename)%00%(upstream:remoteref) refs/heads/main refs/remotes/main [1ms]
2024-12-23 15:16:14.710 [info] > git status -z -uall [4ms]
2024-12-23 15:16:14.710 [info] > git for-each-ref --sort -committerdate --format %(refname) %(objectname) %(*objectname) [0ms]
2024-12-23 15:16:33.508 [info] > git config --get commit.template [4ms]
2024-12-23 15:16:33.509 [info] > git for-each-ref --format=%(refname)%00%(upstream:short)%00%(objectname)%00%(upstream:track)%00%(upstream:remotename)%00%(upstream:remoteref) refs/heads/main refs/remotes/main [1ms]
2024-12-23 15:16:33.516 [info] > git status -z -uall [4ms]
2024-12-23 15:16:33.517 [info] > git for-each-ref --sort -committerdate --format %(refname) %(objectname) %(*objectname) [1ms]
2024-12-23 15:16:33.619 [info] > git ls-files --stage -- /home/arkochan/Repositories/kv-recorder/src/app/recorder/page.jsx [0ms]
2024-12-23 15:16:33.624 [info] > git show --textconv :src/app/recorder/page.jsx [1ms]
2024-12-23 15:18:24.649 [info] > git config --get commit.template [5ms]
2024-12-23 15:18:24.649 [info] > git for-each-ref --format=%(refname)%00%(upstream:short)%00%(objectname)%00%(upstream:track)%00%(upstream:remotename)%00%(upstream:remoteref) refs/heads/main refs/remotes/main [1ms]
2024-12-23 15:18:24.658 [info] > git status -z -uall [5ms]
2024-12-23 15:18:24.658 [info] > git for-each-ref --sort -committerdate --format %(refname) %(objectname) %(*objectname) [1ms]
2024-12-23 15:18:29.668 [info] > git config --get commit.template [4ms]
2024-12-23 15:18:29.669 [info] > git for-each-ref --format=%(refname)%00%(upstream:short)%00%(objectname)%00%(upstream:track)%00%(upstream:remotename)%00%(upstream:remoteref) refs/heads/main refs/remotes/main [1ms]
2024-12-23 15:18:29.678 [info] > git status -z -uall [5ms]
2024-12-23 15:18:29.679 [info] > git for-each-ref --sort -committerdate --format %(refname) %(objectname) %(*objectname) [1ms]
2024-12-23 15:19:56.362 [info] > git config --get commit.template [1ms]
2024-12-23 15:19:56.368 [info] > git for-each-ref --format=%(refname)%00%(upstream:short)%00%(objectname)%00%(upstream:track)%00%(upstream:remotename)%00%(upstream:remoteref) refs/heads/main refs/remotes/main [0ms]
2024-12-23 15:19:56.376 [info] > git status -z -uall [4ms]
2024-12-23 15:19:56.377 [info] > git for-each-ref --sort -committerdate --format %(refname) %(objectname) %(*objectname) [1ms]
2024-12-23 15:20:01.386 [info] > git config --get commit.template [4ms]
2024-12-23 15:20:01.387 [info] > git for-each-ref --format=%(refname)%00%(upstream:short)%00%(objectname)%00%(upstream:track)%00%(upstream:remotename)%00%(upstream:remoteref) refs/heads/main refs/remotes/main [1ms]
2024-12-23 15:20:01.394 [info] > git status -z -uall [4ms]
2024-12-23 15:20:01.395 [info] > git for-each-ref --sort -committerdate --format %(refname) %(objectname) %(*objectname) [1ms]
2024-12-23 15:20:37.563 [info] > git config --get commit.template [5ms]
2024-12-23 15:20:37.564 [info] > git for-each-ref --format=%(refname)%00%(upstream:short)%00%(objectname)%00%(upstream:track)%00%(upstream:remotename)%00%(upstream:remoteref) refs/heads/main refs/remotes/main [1ms]
2024-12-23 15:20:37.573 [info] > git status -z -uall [5ms]
2024-12-23 15:20:37.573 [info] > git for-each-ref --sort -committerdate --format %(refname) %(objectname) %(*objectname) [1ms]
2024-12-23 15:20:42.583 [info] > git config --get commit.template [4ms]
2024-12-23 15:20:42.583 [info] > git for-each-ref --format=%(refname)%00%(upstream:short)%00%(objectname)%00%(upstream:track)%00%(upstream:remotename)%00%(upstream:remoteref) refs/heads/main refs/remotes/main [0ms]
2024-12-23 15:20:42.591 [info] > git status -z -uall [4ms]
2024-12-23 15:20:42.592 [info] > git for-each-ref --sort -committerdate --format %(refname) %(objectname) %(*objectname) [1ms]
2024-12-23 15:21:01.095 [info] > git config --get commit.template [5ms]
2024-12-23 15:21:01.096 [info] > git for-each-ref --format=%(refname)%00%(upstream:short)%00%(objectname)%00%(upstream:track)%00%(upstream:remotename)%00%(upstream:remoteref) refs/heads/main refs/remotes/main [1ms]
2024-12-23 15:21:01.104 [info] > git status -z -uall [4ms]
2024-12-23 15:21:01.105 [info] > git for-each-ref --sort -committerdate --format %(refname) %(objectname) %(*objectname) [1ms]
2024-12-23 15:21:32.539 [info] > git config --get commit.template [5ms]
2024-12-23 15:21:32.539 [info] > git for-each-ref --format=%(refname)%00%(upstream:short)%00%(objectname)%00%(upstream:track)%00%(upstream:remotename)%00%(upstream:remoteref) refs/heads/main refs/remotes/main [1ms]
2024-12-23 15:21:32.547 [info] > git status -z -uall [4ms]
2024-12-23 15:21:32.548 [info] > git for-each-ref --sort -committerdate --format %(refname) %(objectname) %(*objectname) [1ms]
2024-12-23 15:21:37.559 [info] > git config --get commit.template [4ms]
2024-12-23 15:21:37.559 [info] > git for-each-ref --format=%(refname)%00%(upstream:short)%00%(objectname)%00%(upstream:track)%00%(upstream:remotename)%00%(upstream:remoteref) refs/heads/main refs/remotes/main [0ms]
2024-12-23 15:21:37.568 [info] > git status -z -uall [5ms]
2024-12-23 15:21:37.568 [info] > git for-each-ref --sort -committerdate --format %(refname) %(objectname) %(*objectname) [1ms]
2024-12-23 15:22:54.711 [info] > git config --get commit.template [5ms]
2024-12-23 15:22:54.711 [info] > git for-each-ref --format=%(refname)%00%(upstream:short)%00%(objectname)%00%(upstream:track)%00%(upstream:remotename)%00%(upstream:remoteref) refs/heads/main refs/remotes/main [1ms]
2024-12-23 15:22:54.720 [info] > git status -z -uall [4ms]
2024-12-23 15:22:54.721 [info] > git for-each-ref --sort -committerdate --format %(refname) %(objectname) %(*objectname) [1ms]
2024-12-23 15:22:59.730 [info] > git config --get commit.template [4ms]
2024-12-23 15:22:59.731 [info] > git for-each-ref --format=%(refname)%00%(upstream:short)%00%(objectname)%00%(upstream:track)%00%(upstream:remotename)%00%(upstream:remoteref) refs/heads/main refs/remotes/main [1ms]
2024-12-23 15:22:59.739 [info] > git status -z -uall [4ms]
2024-12-23 15:22:59.740 [info] > git for-each-ref --sort -committerdate --format %(refname) %(objectname) %(*objectname) [0ms]
2024-12-23 15:23:09.439 [info] > git config --get commit.template [5ms]
2024-12-23 15:23:09.440 [info] > git for-each-ref --format=%(refname)%00%(upstream:short)%00%(objectname)%00%(upstream:track)%00%(upstream:remotename)%00%(upstream:remoteref) refs/heads/main refs/remotes/main [1ms]
2024-12-23 15:23:09.448 [info] > git status -z -uall [4ms]
2024-12-23 15:23:09.449 [info] > git for-each-ref --sort -committerdate --format %(refname) %(objectname) %(*objectname) [1ms]
2024-12-23 15:23:14.459 [info] > git config --get commit.template [5ms]
2024-12-23 15:23:14.459 [info] > git for-each-ref --format=%(refname)%00%(upstream:short)%00%(objectname)%00%(upstream:track)%00%(upstream:remotename)%00%(upstream:remoteref) refs/heads/main refs/remotes/main [1ms]
2024-12-23 15:23:14.467 [info] > git status -z -uall [4ms]
2024-12-23 15:23:14.467 [info] > git for-each-ref --sort -committerdate --format %(refname) %(objectname) %(*objectname) [1ms]
2024-12-23 15:23:19.478 [info] > git config --get commit.template [4ms]
2024-12-23 15:23:19.478 [info] > git for-each-ref --format=%(refname)%00%(upstream:short)%00%(objectname)%00%(upstream:track)%00%(upstream:remotename)%00%(upstream:remoteref) refs/heads/main refs/remotes/main [0ms]
2024-12-23 15:23:19.486 [info] > git status -z -uall [4ms]
2024-12-23 15:23:19.486 [info] > git for-each-ref --sort -committerdate --format %(refname) %(objectname) %(*objectname) [0ms]
2024-12-23 15:23:25.452 [info] > git config --get commit.template [4ms]
2024-12-23 15:23:25.453 [info] > git for-each-ref --format=%(refname)%00%(upstream:short)%00%(objectname)%00%(upstream:track)%00%(upstream:remotename)%00%(upstream:remoteref) refs/heads/main refs/remotes/main [1ms]
2024-12-23 15:23:25.462 [info] > git status -z -uall [5ms]
2024-12-23 15:23:25.463 [info] > git for-each-ref --sort -committerdate --format %(refname) %(objectname) %(*objectname) [1ms]
2024-12-23 15:23:30.473 [info] > git config --get commit.template [4ms]
2024-12-23 15:23:30.473 [info] > git for-each-ref --format=%(refname)%00%(upstream:short)%00%(objectname)%00%(upstream:track)%00%(upstream:remotename)%00%(upstream:remoteref) refs/heads/main refs/remotes/main [0ms]
2024-12-23 15:23:30.481 [info] > git status -z -uall [4ms]
2024-12-23 15:23:30.482 [info] > git for-each-ref --sort -committerdate --format %(refname) %(objectname) %(*objectname) [1ms]
2024-12-23 15:24:20.697 [info] > git config --get commit.template [4ms]
2024-12-23 15:24:20.698 [info] > git for-each-ref --format=%(refname)%00%(upstream:short)%00%(objectname)%00%(upstream:track)%00%(upstream:remotename)%00%(upstream:remoteref) refs/heads/main refs/remotes/main [1ms]
2024-12-23 15:24:20.706 [info] > git status -z -uall [4ms]
2024-12-23 15:24:20.707 [info] > git for-each-ref --sort -committerdate --format %(refname) %(objectname) %(*objectname) [1ms]
2024-12-23 15:24:25.717 [info] > git config --get commit.template [5ms]
2024-12-23 15:24:25.717 [info] > git for-each-ref --format=%(refname)%00%(upstream:short)%00%(objectname)%00%(upstream:track)%00%(upstream:remotename)%00%(upstream:remoteref) refs/heads/main refs/remotes/main [1ms]
2024-12-23 15:24:25.725 [info] > git status -z -uall [4ms]
2024-12-23 15:24:25.725 [info] > git for-each-ref --sort -committerdate --format %(refname) %(objectname) %(*objectname) [0ms]
2024-12-23 15:33:23.881 [info] > git config --get commit.template [4ms]
2024-12-23 15:33:23.882 [info] > git for-each-ref --format=%(refname)%00%(upstream:short)%00%(objectname)%00%(upstream:track)%00%(upstream:remotename)%00%(upstream:remoteref) refs/heads/main refs/remotes/main [1ms]
2024-12-23 15:33:23.890 [info] > git status -z -uall [5ms]
2024-12-23 15:33:23.891 [info] > git for-each-ref --sort -committerdate --format %(refname) %(objectname) %(*objectname) [1ms]
2024-12-23 15:33:31.534 [info] > git show --textconv :src/app/recorder/page.tsx [5ms]
2024-12-23 15:33:31.534 [info] > git ls-files --stage -- /home/arkochan/Repositories/kv-recorder/src/app/recorder/page.tsx [0ms]
2024-12-23 15:33:31.538 [info] > git cat-file -s 8425252a03b96ca54c8f443ac14107d093ef1926 [0ms]
2024-12-23 15:33:33.727 [info] > git config --get commit.template [4ms]
2024-12-23 15:33:33.728 [info] > git for-each-ref --format=%(refname)%00%(upstream:short)%00%(objectname)%00%(upstream:track)%00%(upstream:remotename)%00%(upstream:remoteref) refs/heads/main refs/remotes/main [1ms]
2024-12-23 15:33:33.736 [info] > git status -z -uall [4ms]
2024-12-23 15:33:33.736 [info] > git for-each-ref --sort -committerdate --format %(refname) %(objectname) %(*objectname) [1ms]
2024-12-23 15:34:49.597 [info] > git config --get commit.template [5ms]
2024-12-23 15:34:49.597 [info] > git for-each-ref --format=%(refname)%00%(upstream:short)%00%(objectname)%00%(upstream:track)%00%(upstream:remotename)%00%(upstream:remoteref) refs/heads/main refs/remotes/main [1ms]
2024-12-23 15:34:49.606 [info] > git status -z -uall [4ms]
2024-12-23 15:34:49.606 [info] > git for-each-ref --sort -committerdate --format %(refname) %(objectname) %(*objectname) [1ms]
2024-12-23 15:34:54.617 [info] > git config --get commit.template [4ms]
2024-12-23 15:34:54.617 [info] > git for-each-ref --format=%(refname)%00%(upstream:short)%00%(objectname)%00%(upstream:track)%00%(upstream:remotename)%00%(upstream:remoteref) refs/heads/main refs/remotes/main [1ms]
2024-12-23 15:34:54.625 [info] > git status -z -uall [4ms]
2024-12-23 15:34:54.626 [info] > git for-each-ref --sort -committerdate --format %(refname) %(objectname) %(*objectname) [1ms]
2024-12-23 15:45:37.944 [info] > git config --get commit.template [5ms]
2024-12-23 15:45:37.944 [info] > git for-each-ref --format=%(refname)%00%(upstream:short)%00%(objectname)%00%(upstream:track)%00%(upstream:remotename)%00%(upstream:remoteref) refs/heads/main refs/remotes/main [1ms]
2024-12-23 15:45:37.952 [info] > git status -z -uall [4ms]
2024-12-23 15:45:37.953 [info] > git for-each-ref --sort -committerdate --format %(refname) %(objectname) %(*objectname) [1ms]
